# ----------------------------------------------------------------
# AVM-3.0-update-2-MTI  (C) 2005-2007 Mentor Graphics Corporation
# ----------------------------------------------------------------
# ** MESSAGE: ../tb/sv/fpu_master.sv{140) @ 0: env.master [Master] master request: FPU Request: a=1.#QNAN0e+000, b=-1.#QNAN0e+000, op=OP_MUL, round = ROUND_ZERO
# ** MESSAGE: ../tb/sv/fpu_driver.sv{66) @ 15: env.driver [driver] Getting Request
# ** MESSAGE: ../tb/sv/fpu_driver.sv{69) @ 15: env.driver [driver] Issuing Request
# ** MESSAGE: ../tb/sv/fpu_monitor.sv{51) @ 20: env.monitor [env.monitor] Getting Request
# ** MESSAGE: ../tb/sv/fpu_monitor.sv{87) @ 20: env.monitor [monitor] request: FPU Request: a=1.#QNAN0e+000, b=-1.#QNAN0e+000, op=OP_MUL, round = ROUND_ZERO
# ** MESSAGE: ../tb/sv/fpu_tlm_adapter.sv{51) @ 20: env.adapter [Adapter] master --> request: FPU Request: a=1.#QNAN0e+000, b=-1.#QNAN0e+000, op=OP_MUL, round = ROUND_ZERO
# ** MESSAGE: ../tb/sv/fpu_tlm_dpi_c.sv{47) @ 20: env.TLM [tlm] TLM request: FPU Request: a=1.#QNAN0e+000, b=-1.#QNAN0e+000, op=OP_MUL, round = ROUND_ZERO
# ** MESSAGE: ../tb/sv/fpu_tlm_dpi_c.sv{53) @ 20: env.TLM [tlm] TLM response: FPU Response: a=1.#QNAN0e+000, b=-1.#QNAN0e+000, op=OP_MUL, round = ROUND_ZERO, result = 1.#QNAN0e+000 with status =00000000
# ** MESSAGE: ../tb/sv/fpu_tlm_adapter.sv{59) @ 20: env.adapter [Master] master <-- response: FPU Response: a=1.#QNAN0e+000, b=-1.#QNAN0e+000, op=OP_MUL, round = ROUND_ZERO, result = 1.#QNAN0e+000 with status =00000000
# ** MESSAGE: ../tb/sv/fpu_driver.sv{74) @ 25: env.driver [driver] Waiting for Response
# ** MESSAGE: ../tb/sv/fpu_driver.sv{79) @ 150: env.driver [driver] Putting Response
# ** MESSAGE: ../tb/sv/fpu_master.sv{147) @ 150: env.master [Master] master response: FPU Response: a=1.#QNAN0e+000, b=-1.#QNAN0e+000, op=OP_MUL, round = ROUND_ZERO, result = -1.#IND00e+000 with status =01000011
# ** MESSAGE: ../tb/sv/fpu_master.sv{140) @ 150: env.master [Master] master request: FPU Request: a=3.232216e-032, b=2.197115e+026, op=OP_SQR, round = ROUND_EVEN
# ** MESSAGE: ../tb/sv/fpu_driver.sv{66) @ 160: env.driver [driver] Getting Request
# ** MESSAGE: ../tb/sv/fpu_driver.sv{69) @ 160: env.driver [driver] Issuing Request
# ** MESSAGE: ../tb/sv/fpu_monitor.sv{57) @ 160: env.monitor [env.monitor] Getting Response
# ** MESSAGE: ../tb/sv/fpu_monitor.sv{127) @ 160: env.monitor [env.monitor] response: FPU Response: a=1.#QNAN0e+000, b=-1.#QNAN0e+000, op=OP_MUL, round = ROUND_ZERO, result = -1.#IND00e+000 with status =01000011
# ** MESSAGE: @ 160: env.comparator [Comparator Match] FPU Response: a=1.#QNAN0e+000, b=-1.#QNAN0e+000, op=OP_MUL, round = ROUND_ZERO, result = 1.#QNAN0e+000 with status =00000000
# ** MESSAGE: ../tb/sv/fpu_coverage.sv{137) @ 160: env.coverage [env.coverage] cover respose: FPU Response: a=1.#QNAN0e+000, b=-1.#QNAN0e+000, op=OP_MUL, round = ROUND_ZERO, result = -1.#IND00e+000 with status =01000011
# ** MESSAGE: ../tb/sv/fpu_monitor.sv{51) @ 300: env.monitor [env.monitor] Getting Request
# ** MESSAGE: ../tb/sv/fpu_monitor.sv{87) @ 300: env.monitor [monitor] request: FPU Request: a=3.232216e-032, b=2.197115e+026, op=OP_SQR, round = ROUND_EVEN
# ** MESSAGE: ../tb/sv/fpu_tlm_adapter.sv{51) @ 300: env.adapter [Adapter] master --> request: FPU Request: a=3.232216e-032, b=2.197115e+026, op=OP_SQR, round = ROUND_EVEN
# ** MESSAGE: ../tb/sv/fpu_tlm_dpi_c.sv{47) @ 300: env.TLM [tlm] TLM request: FPU Request: a=3.232216e-032, b=2.197115e+026, op=OP_SQR, round = ROUND_EVEN
# ** MESSAGE: ../tb/sv/fpu_tlm_dpi_c.sv{53) @ 300: env.TLM [tlm] TLM response: FPU Response: a=3.232216e-032, b=2.197115e+026, op=OP_SQR, round = ROUND_EVEN, result = 1.797837e-016 with status =00000000
# ** MESSAGE: ../tb/sv/fpu_tlm_adapter.sv{59) @ 300: env.adapter [Master] master <-- response: FPU Response: a=3.232216e-032, b=2.197115e+026, op=OP_SQR, round = ROUND_EVEN, result = 1.797837e-016 with status =00000000
# ** MESSAGE: ../tb/sv/fpu_driver.sv{74) @ 305: env.driver [driver] Waiting for Response
# ** MESSAGE: ../tb/sv/fpu_driver.sv{79) @ 650: env.driver [driver] Putting Response
# ** MESSAGE: ../tb/sv/fpu_master.sv{147) @ 650: env.master [Master] master response: FPU Response: a=3.232216e-032, b=2.197115e+026, op=OP_SQR, round = ROUND_EVEN, result = 1.797837e-016 with status =00000001
# ** MESSAGE: ../tb/sv/fpu_master.sv{140) @ 650: env.master [Master] master request: FPU Request: a=1.#QNAN0e+000, b=1.#QNAN0e+000, op=OP_SQR, round = ROUND_EVEN
# ** MESSAGE: ../tb/sv/fpu_driver.sv{66) @ 660: env.driver [driver] Getting Request
# ** MESSAGE: ../tb/sv/fpu_driver.sv{69) @ 660: env.driver [driver] Issuing Request
# ** MESSAGE: ../tb/sv/fpu_monitor.sv{57) @ 660: env.monitor [env.monitor] Getting Response
# ** MESSAGE: ../tb/sv/fpu_monitor.sv{127) @ 660: env.monitor [env.monitor] response: FPU Response: a=3.232216e-032, b=2.197115e+026, op=OP_SQR, round = ROUND_EVEN, result = 1.797837e-016 with status =00000001
# ** MESSAGE: @ 660: env.comparator [Comparator Match] FPU Response: a=3.232216e-032, b=2.197115e+026, op=OP_SQR, round = ROUND_EVEN, result = 1.797837e-016 with status =00000000
# ** MESSAGE: ../tb/sv/fpu_coverage.sv{137) @ 660: env.coverage [env.coverage] cover respose: FPU Response: a=3.232216e-032, b=2.197115e+026, op=OP_SQR, round = ROUND_EVEN, result = 1.797837e-016 with status =00000001
# ** MESSAGE: ../tb/sv/fpu_monitor.sv{51) @ 840: env.monitor [env.monitor] Getting Request
# ** MESSAGE: ../tb/sv/fpu_monitor.sv{87) @ 840: env.monitor [monitor] request: FPU Request: a=1.#QNAN0e+000, b=1.#QNAN0e+000, op=OP_SQR, round = ROUND_EVEN
# ** MESSAGE: ../tb/sv/fpu_tlm_adapter.sv{51) @ 840: env.adapter [Adapter] master --> request: FPU Request: a=1.#QNAN0e+000, b=1.#QNAN0e+000, op=OP_SQR, round = ROUND_EVEN
# ** MESSAGE: ../tb/sv/fpu_tlm_dpi_c.sv{47) @ 840: env.TLM [tlm] TLM request: FPU Request: a=1.#QNAN0e+000, b=1.#QNAN0e+000, op=OP_SQR, round = ROUND_EVEN
# ** MESSAGE: ../tb/sv/fpu_tlm_dpi_c.sv{53) @ 840: env.TLM [tlm] TLM response: FPU Response: a=1.#QNAN0e+000, b=1.#QNAN0e+000, op=OP_SQR, round = ROUND_EVEN, result = 1.#QNAN0e+000 with status =00000000
# ** MESSAGE: ../tb/sv/fpu_tlm_adapter.sv{59) @ 840: env.adapter [Master] master <-- response: FPU Response: a=1.#QNAN0e+000, b=1.#QNAN0e+000, op=OP_SQR, round = ROUND_EVEN, result = 1.#QNAN0e+000 with status =00000000
# ** MESSAGE: ../tb/sv/fpu_driver.sv{74) @ 845: env.driver [driver] Waiting for Response
# ** MESSAGE: ../tb/sv/fpu_driver.sv{79) @ 1190: env.driver [driver] Putting Response
# ** MESSAGE: ../tb/sv/fpu_master.sv{147) @ 1190: env.master [Master] master response: FPU Response: a=1.#QNAN0e+000, b=1.#QNAN0e+000, op=OP_SQR, round = ROUND_EVEN, result = 1.#QNAN0e+000 with status =01000000
# ** MESSAGE: ../tb/sv/fpu_master.sv{140) @ 1190: env.master [Master] master request: FPU Request: a=1.#QNAN0e+000, b=-2.099231e-023, op=OP_ADD, round = ROUND_DOWN
# ** MESSAGE: ../tb/sv/fpu_driver.sv{66) @ 1200: env.driver [driver] Getting Request
# ** MESSAGE: ../tb/sv/fpu_driver.sv{69) @ 1200: env.driver [driver] Issuing Request
# ** MESSAGE: ../tb/sv/fpu_monitor.sv{57) @ 1200: env.monitor [env.monitor] Getting Response
# ** MESSAGE: ../tb/sv/fpu_monitor.sv{127) @ 1200: env.monitor [env.monitor] response: FPU Response: a=1.#QNAN0e+000, b=1.#QNAN0e+000, op=OP_SQR, round = ROUND_EVEN, result = 1.#QNAN0e+000 with status =01000000
# ** MESSAGE: @ 1200: env.comparator [Comparator Match] FPU Response: a=1.#QNAN0e+000, b=1.#QNAN0e+000, op=OP_SQR, round = ROUND_EVEN, result = 1.#QNAN0e+000 with status =00000000
# ** MESSAGE: ../tb/sv/fpu_coverage.sv{137) @ 1200: env.coverage [env.coverage] cover respose: FPU Response: a=1.#QNAN0e+000, b=1.#QNAN0e+000, op=OP_SQR, round = ROUND_EVEN, result = 1.#QNAN0e+000 with status =01000000
# ** MESSAGE: ../tb/sv/fpu_monitor.sv{51) @ 1280: env.monitor [env.monitor] Getting Request
# ** MESSAGE: ../tb/sv/fpu_monitor.sv{87) @ 1280: env.monitor [monitor] request: FPU Request: a=1.#QNAN0e+000, b=-2.099231e-023, op=OP_ADD, round = ROUND_DOWN
# ** MESSAGE: ../tb/sv/fpu_tlm_adapter.sv{51) @ 1280: env.adapter [Adapter] master --> request: FPU Request: a=1.#QNAN0e+000, b=-2.099231e-023, op=OP_ADD, round = ROUND_DOWN
# ** MESSAGE: ../tb/sv/fpu_tlm_dpi_c.sv{47) @ 1280: env.TLM [tlm] TLM request: FPU Request: a=1.#QNAN0e+000, b=-2.099231e-023, op=OP_ADD, round = ROUND_DOWN
# ** MESSAGE: ../tb/sv/fpu_tlm_dpi_c.sv{53) @ 1280: env.TLM [tlm] TLM response: FPU Response: a=1.#QNAN0e+000, b=-2.099231e-023, op=OP_ADD, round = ROUND_DOWN, result = 1.#QNAN0e+000 with status =00000000
# ** MESSAGE: ../tb/sv/fpu_tlm_adapter.sv{59) @ 1280: env.adapter [Master] master <-- response: FPU Response: a=1.#QNAN0e+000, b=-2.099231e-023, op=OP_ADD, round = ROUND_DOWN, result = 1.#QNAN0e+000 with status =00000000
# ** MESSAGE: ../tb/sv/fpu_driver.sv{74) @ 1285: env.driver [driver] Waiting for Response
# ** MESSAGE: ../tb/sv/fpu_driver.sv{79) @ 1360: env.driver [driver] Putting Response
# ** MESSAGE: ../tb/sv/fpu_master.sv{147) @ 1360: env.master [Master] master response: FPU Response: a=1.#QNAN0e+000, b=-2.099231e-023, op=OP_ADD, round = ROUND_DOWN, result = 1.#QNAN0e+000 with status =01000000
# ** MESSAGE: ../tb/sv/fpu_master.sv{140) @ 1360: env.master [Master] master request: FPU Request: a=3.358414e+035, b=-1.#QNAN0e+000, op=OP_SQR, round = ROUND_ZERO
# ** MESSAGE: ../tb/sv/fpu_driver.sv{66) @ 1370: env.driver [driver] Getting Request
# ** MESSAGE: ../tb/sv/fpu_driver.sv{69) @ 1370: env.driver [driver] Issuing Request
# ** MESSAGE: ../tb/sv/fpu_monitor.sv{57) @ 1370: env.monitor [env.monitor] Getting Response
# ** MESSAGE: ../tb/sv/fpu_monitor.sv{127) @ 1370: env.monitor [env.monitor] response: FPU Response: a=1.#QNAN0e+000, b=-2.099231e-023, op=OP_ADD, round = ROUND_DOWN, result = 1.#QNAN0e+000 with status =01000000
# ** MESSAGE: @ 1370: env.comparator [Comparator Match] FPU Response: a=1.#QNAN0e+000, b=-2.099231e-023, op=OP_ADD, round = ROUND_DOWN, result = 1.#QNAN0e+000 with status =00000000
# ** MESSAGE: ../tb/sv/fpu_coverage.sv{137) @ 1370: env.coverage [env.coverage] cover respose: FPU Response: a=1.#QNAN0e+000, b=-2.099231e-023, op=OP_ADD, round = ROUND_DOWN, result = 1.#QNAN0e+000 with status =01000000
# ** MESSAGE: ../tb/sv/fpu_monitor.sv{51) @ 1490: env.monitor [env.monitor] Getting Request
# ** MESSAGE: ../tb/sv/fpu_monitor.sv{87) @ 1490: env.monitor [monitor] request: FPU Request: a=3.358414e+035, b=-1.#QNAN0e+000, op=OP_SQR, round = ROUND_ZERO
# ** MESSAGE: ../tb/sv/fpu_tlm_adapter.sv{51) @ 1490: env.adapter [Adapter] master --> request: FPU Request: a=3.358414e+035, b=-1.#QNAN0e+000, op=OP_SQR, round = ROUND_ZERO
# ** MESSAGE: ../tb/sv/fpu_tlm_dpi_c.sv{47) @ 1490: env.TLM [tlm] TLM request: FPU Request: a=3.358414e+035, b=-1.#QNAN0e+000, op=OP_SQR, round = ROUND_ZERO
# ** MESSAGE: ../tb/sv/fpu_tlm_dpi_c.sv{53) @ 1490: env.TLM [tlm] TLM response: FPU Response: a=3.358414e+035, b=-1.#QNAN0e+000, op=OP_SQR, round = ROUND_ZERO, result = 5.795182e+017 with status =00000000
# ** MESSAGE: ../tb/sv/fpu_tlm_adapter.sv{59) @ 1490: env.adapter [Master] master <-- response: FPU Response: a=3.358414e+035, b=-1.#QNAN0e+000, op=OP_SQR, round = ROUND_ZERO, result = 5.795182e+017 with status =00000000
# ** MESSAGE: ../tb/sv/fpu_driver.sv{74) @ 1495: env.driver [driver] Waiting for Response
# ** MESSAGE: ../tb/sv/fpu_driver.sv{79) @ 1840: env.driver [driver] Putting Response
# ** MESSAGE: ../tb/sv/fpu_master.sv{147) @ 1840: env.master [Master] master response: FPU Response: a=3.358414e+035, b=-1.#QNAN0e+000, op=OP_SQR, round = ROUND_ZERO, result = 5.795182e+017 with status =00000001
# ** MESSAGE: ../tb/sv/fpu_master.sv{140) @ 1840: env.master [Master] master request: FPU Request: a=4.227612e+012, b=-1.821343e+013, op=OP_SUB, round = ROUND_UP
# ** MESSAGE: ../tb/sv/fpu_driver.sv{66) @ 1850: env.driver [driver] Getting Request
# ** MESSAGE: ../tb/sv/fpu_driver.sv{69) @ 1850: env.driver [driver] Issuing Request
# ** MESSAGE: ../tb/sv/fpu_monitor.sv{57) @ 1850: env.monitor [env.monitor] Getting Response
# ** MESSAGE: ../tb/sv/fpu_monitor.sv{127) @ 1850: env.monitor [env.monitor] response: FPU Response: a=3.358414e+035, b=-1.#QNAN0e+000, op=OP_SQR, round = ROUND_ZERO, result = 5.795182e+017 with status =00000001
# ** MESSAGE: @ 1850: env.comparator [Comparator Match] FPU Response: a=3.358414e+035, b=-1.#QNAN0e+000, op=OP_SQR, round = ROUND_ZERO, result = 5.795182e+017 with status =00000000
# ** MESSAGE: ../tb/sv/fpu_coverage.sv{137) @ 1850: env.coverage [env.coverage] cover respose: FPU Response: a=3.358414e+035, b=-1.#QNAN0e+000, op=OP_SQR, round = ROUND_ZERO, result = 5.795182e+017 with status =00000001
# ** MESSAGE: ../tb/sv/fpu_monitor.sv{51) @ 1950: env.monitor [env.monitor] Getting Request
# ** MESSAGE: ../tb/sv/fpu_monitor.sv{87) @ 1950: env.monitor [monitor] request: FPU Request: a=4.227612e+012, b=-1.821343e+013, op=OP_SUB, round = ROUND_UP
# ** MESSAGE: ../tb/sv/fpu_tlm_adapter.sv{51) @ 1950: env.adapter [Adapter] master --> request: FPU Request: a=4.227612e+012, b=-1.821343e+013, op=OP_SUB, round = ROUND_UP
# ** MESSAGE: ../tb/sv/fpu_tlm_dpi_c.sv{47) @ 1950: env.TLM [tlm] TLM request: FPU Request: a=4.227612e+012, b=-1.821343e+013, op=OP_SUB, round = ROUND_UP
# ** MESSAGE: ../tb/sv/fpu_tlm_dpi_c.sv{53) @ 1950: env.TLM [tlm] TLM response: FPU Response: a=4.227612e+012, b=-1.821343e+013, op=OP_SUB, round = ROUND_UP, result = 2.244104e+013 with status =00000000
# ** MESSAGE: ../tb/sv/fpu_tlm_adapter.sv{59) @ 1950: env.adapter [Master] master <-- response: FPU Response: a=4.227612e+012, b=-1.821343e+013, op=OP_SUB, round = ROUND_UP, result = 2.244104e+013 with status =00000000
# ** MESSAGE: ../tb/sv/fpu_driver.sv{74) @ 1955: env.driver [driver] Waiting for Response
# ** MESSAGE: ../tb/sv/fpu_driver.sv{79) @ 2030: env.driver [driver] Putting Response
# ** MESSAGE: ../tb/sv/fpu_master.sv{147) @ 2030: env.master [Master] master response: FPU Response: a=4.227612e+012, b=-1.821343e+013, op=OP_SUB, round = ROUND_UP, result = 2.244104e+013 with status =00000001
# ** MESSAGE: ../tb/sv/fpu_master.sv{140) @ 2030: env.master [Master] master request: FPU Request: a=-1.#QNAN0e+000, b=0.000000e+000, op=OP_SQR, round = ROUND_ZERO
# ** MESSAGE: ../tb/sv/fpu_driver.sv{66) @ 2040: env.driver [driver] Getting Request
# ** MESSAGE: ../tb/sv/fpu_driver.sv{69) @ 2040: env.driver [driver] Issuing Request
# ** MESSAGE: ../tb/sv/fpu_monitor.sv{57) @ 2040: env.monitor [env.monitor] Getting Response
# ** MESSAGE: ../tb/sv/fpu_monitor.sv{127) @ 2040: env.monitor [env.monitor] response: FPU Response: a=4.227612e+012, b=-1.821343e+013, op=OP_SUB, round = ROUND_UP, result = 2.244104e+013 with status =00000001
# ** MESSAGE: @ 2040: env.comparator [Comparator Match] FPU Response: a=4.227612e+012, b=-1.821343e+013, op=OP_SUB, round = ROUND_UP, result = 2.244104e+013 with status =00000000
# ** MESSAGE: ../tb/sv/fpu_coverage.sv{137) @ 2040: env.coverage [env.coverage] cover respose: FPU Response: a=4.227612e+012, b=-1.821343e+013, op=OP_SUB, round = ROUND_UP, result = 2.244104e+013 with status =00000001
# ** MESSAGE: ../tb/sv/fpu_monitor.sv{51) @ 2120: env.monitor [env.monitor] Getting Request
# ** MESSAGE: ../tb/sv/fpu_monitor.sv{87) @ 2120: env.monitor [monitor] request: FPU Request: a=-1.#QNAN0e+000, b=0.000000e+000, op=OP_SQR, round = ROUND_ZERO
# ** MESSAGE: ../tb/sv/fpu_tlm_adapter.sv{51) @ 2120: env.adapter [Adapter] master --> request: FPU Request: a=-1.#QNAN0e+000, b=0.000000e+000, op=OP_SQR, round = ROUND_ZERO
# ** MESSAGE: ../tb/sv/fpu_tlm_dpi_c.sv{47) @ 2120: env.TLM [tlm] TLM request: FPU Request: a=-1.#QNAN0e+000, b=0.000000e+000, op=OP_SQR, round = ROUND_ZERO
# ** MESSAGE: ../tb/sv/fpu_tlm_dpi_c.sv{53) @ 2120: env.TLM [tlm] TLM response: FPU Response: a=-1.#QNAN0e+000, b=0.000000e+000, op=OP_SQR, round = ROUND_ZERO, result = -1.#QNAN0e+000 with status =00000000
# ** MESSAGE: ../tb/sv/fpu_tlm_adapter.sv{59) @ 2120: env.adapter [Master] master <-- response: FPU Response: a=-1.#QNAN0e+000, b=0.000000e+000, op=OP_SQR, round = ROUND_ZERO, result = -1.#QNAN0e+000 with status =00000000
# ** MESSAGE: ../tb/sv/fpu_driver.sv{74) @ 2125: env.driver [driver] Waiting for Response
# ** MESSAGE: ../tb/sv/fpu_driver.sv{79) @ 2470: env.driver [driver] Putting Response
# ** MESSAGE: ../tb/sv/fpu_master.sv{147) @ 2470: env.master [Master] master response: FPU Response: a=-1.#QNAN0e+000, b=0.000000e+000, op=OP_SQR, round = ROUND_ZERO, result = -1.#IND00e+000 with status =01000000
# ** MESSAGE: ../tb/sv/fpu_master.sv{140) @ 2470: env.master [Master] master request: FPU Request: a=-1.#QNAN0e+000, b=-1.829597e-030, op=OP_DIV, round = ROUND_ZERO
# ** MESSAGE: ../tb/sv/fpu_driver.sv{66) @ 2480: env.driver [driver] Getting Request
# ** MESSAGE: ../tb/sv/fpu_driver.sv{69) @ 2480: env.driver [driver] Issuing Request
# ** MESSAGE: ../tb/sv/fpu_monitor.sv{57) @ 2480: env.monitor [env.monitor] Getting Response
# ** MESSAGE: ../tb/sv/fpu_monitor.sv{127) @ 2480: env.monitor [env.monitor] response: FPU Response: a=-1.#QNAN0e+000, b=0.000000e+000, op=OP_SQR, round = ROUND_ZERO, result = -1.#IND00e+000 with status =01000000
# ** MESSAGE: @ 2480: env.comparator [Comparator Match] FPU Response: a=-1.#QNAN0e+000, b=0.000000e+000, op=OP_SQR, round = ROUND_ZERO, result = -1.#QNAN0e+000 with status =00000000
# ** MESSAGE: ../tb/sv/fpu_coverage.sv{137) @ 2480: env.coverage [env.coverage] cover respose: FPU Response: a=-1.#QNAN0e+000, b=0.000000e+000, op=OP_SQR, round = ROUND_ZERO, result = -1.#IND00e+000 with status =01000000
# ** MESSAGE: ../tb/sv/fpu_monitor.sv{51) @ 2500: env.monitor [env.monitor] Getting Request
# ** MESSAGE: ../tb/sv/fpu_monitor.sv{87) @ 2500: env.monitor [monitor] request: FPU Request: a=-1.#QNAN0e+000, b=-1.829597e-030, op=OP_DIV, round = ROUND_ZERO
# ** MESSAGE: ../tb/sv/fpu_tlm_adapter.sv{51) @ 2500: env.adapter [Adapter] master --> request: FPU Request: a=-1.#QNAN0e+000, b=-1.829597e-030, op=OP_DIV, round = ROUND_ZERO
# ** MESSAGE: ../tb/sv/fpu_tlm_dpi_c.sv{47) @ 2500: env.TLM [tlm] TLM request: FPU Request: a=-1.#QNAN0e+000, b=-1.829597e-030, op=OP_DIV, round = ROUND_ZERO
# ** MESSAGE: ../tb/sv/fpu_tlm_dpi_c.sv{53) @ 2500: env.TLM [tlm] TLM response: FPU Response: a=-1.#QNAN0e+000, b=-1.829597e-030, op=OP_DIV, round = ROUND_ZERO, result = -1.#QNAN0e+000 with status =00000000
# ** MESSAGE: ../tb/sv/fpu_tlm_adapter.sv{59) @ 2500: env.adapter [Master] master <-- response: FPU Response: a=-1.#QNAN0e+000, b=-1.829597e-030, op=OP_DIV, round = ROUND_ZERO, result = -1.#QNAN0e+000 with status =00000000
# ** MESSAGE: ../tb/sv/fpu_driver.sv{74) @ 2505: env.driver [driver] Waiting for Response
# ** MESSAGE: ../tb/sv/fpu_driver.sv{79) @ 2850: env.driver [driver] Putting Response
# ** MESSAGE: ../tb/sv/fpu_master.sv{147) @ 2850: env.master [Master] master response: FPU Response: a=-1.#QNAN0e+000, b=-1.829597e-030, op=OP_DIV, round = ROUND_ZERO, result = -1.#IND00e+000 with status =01000011
# ** MESSAGE: ../tb/sv/fpu_master.sv{140) @ 2850: env.master [Master] master request: FPU Request: a=-5.843880e+026, b=1.122067e+016, op=OP_SQR, round = ROUND_EVEN
# ** MESSAGE: ../tb/sv/fpu_driver.sv{66) @ 2860: env.driver [driver] Getting Request
# ** MESSAGE: ../tb/sv/fpu_driver.sv{69) @ 2860: env.driver [driver] Issuing Request
# ** MESSAGE: ../tb/sv/fpu_monitor.sv{57) @ 2860: env.monitor [env.monitor] Getting Response
# ** MESSAGE: ../tb/sv/fpu_monitor.sv{127) @ 2860: env.monitor [env.monitor] response: FPU Response: a=-1.#QNAN0e+000, b=-1.829597e-030, op=OP_DIV, round = ROUND_ZERO, result = -1.#IND00e+000 with status =01000011
# ** MESSAGE: @ 2860: env.comparator [Comparator Match] FPU Response: a=-1.#QNAN0e+000, b=-1.829597e-030, op=OP_DIV, round = ROUND_ZERO, result = -1.#QNAN0e+000 with status =00000000
# ** MESSAGE: ../tb/sv/fpu_coverage.sv{137) @ 2860: env.coverage [env.coverage] cover respose: FPU Response: a=-1.#QNAN0e+000, b=-1.829597e-030, op=OP_DIV, round = ROUND_ZERO, result = -1.#IND00e+000 with status =01000011
# ** MESSAGE: ../tb/sv/fpu_monitor.sv{51) @ 2910: env.monitor [env.monitor] Getting Request
# ** MESSAGE: ../tb/sv/fpu_monitor.sv{87) @ 2910: env.monitor [monitor] request: FPU Request: a=-5.843880e+026, b=1.122067e+016, op=OP_SQR, round = ROUND_EVEN
# ** MESSAGE: ../tb/sv/fpu_tlm_adapter.sv{51) @ 2910: env.adapter [Adapter] master --> request: FPU Request: a=-5.843880e+026, b=1.122067e+016, op=OP_SQR, round = ROUND_EVEN
# ** MESSAGE: ../tb/sv/fpu_tlm_dpi_c.sv{47) @ 2910: env.TLM [tlm] TLM request: FPU Request: a=-5.843880e+026, b=1.122067e+016, op=OP_SQR, round = ROUND_EVEN
# ** MESSAGE: ../tb/sv/fpu_tlm_dpi_c.sv{53) @ 2910: env.TLM [tlm] TLM response: FPU Response: a=-5.843880e+026, b=1.122067e+016, op=OP_SQR, round = ROUND_EVEN, result = 1.#QNAN0e+000 with status =00000000
# ** MESSAGE: ../tb/sv/fpu_tlm_adapter.sv{59) @ 2910: env.adapter [Master] master <-- response: FPU Response: a=-5.843880e+026, b=1.122067e+016, op=OP_SQR, round = ROUND_EVEN, result = 1.#QNAN0e+000 with status =00000000
# ** MESSAGE: ../tb/sv/fpu_driver.sv{74) @ 2915: env.driver [driver] Waiting for Response
# ** MESSAGE: ../tb/sv/fpu_driver.sv{79) @ 3260: env.driver [driver] Putting Response
# ** MESSAGE: ../tb/sv/fpu_master.sv{147) @ 3260: env.master [Master] master response: FPU Response: a=-5.843880e+026, b=1.122067e+016, op=OP_SQR, round = ROUND_EVEN, result = -1.#IND00e+000 with status =01000000
# ** MESSAGE: ../tb/sv/fpu_master.sv{140) @ 3260: env.master [Master] master request: FPU Request: a=-2.148125e+024, b=-1.#QNAN0e+000, op=OP_ADD, round = ROUND_DOWN
# ** MESSAGE: ../tb/sv/fpu_driver.sv{66) @ 3270: env.driver [driver] Getting Request
# ** MESSAGE: ../tb/sv/fpu_driver.sv{69) @ 3270: env.driver [driver] Issuing Request
# ** MESSAGE: ../tb/sv/fpu_monitor.sv{57) @ 3270: env.monitor [env.monitor] Getting Response
# ** MESSAGE: ../tb/sv/fpu_monitor.sv{127) @ 3270: env.monitor [env.monitor] response: FPU Response: a=-5.843880e+026, b=1.122067e+016, op=OP_SQR, round = ROUND_EVEN, result = -1.#IND00e+000 with status =01000000
# ** WARNING: @ 3270: env.comparator [Comparator Mismatch] FPU Response: a=-5.843880e+026, b=1.122067e+016, op=OP_SQR, round = ROUND_EVEN, result = -1.#IND00e+000 with status =01000000 differs from FPU Response: a=-5.843880e+026, b=1.122067e+016, op=OP_SQR, round = ROUND_EVEN, result = 1.#QNAN0e+000 with status =00000000
# ** MESSAGE: ../tb/sv/fpu_coverage.sv{137) @ 3270: env.coverage [env.coverage] cover respose: FPU Response: a=-5.843880e+026, b=1.122067e+016, op=OP_SQR, round = ROUND_EVEN, result = -1.#IND00e+000 with status =01000000
# ** MESSAGE: ../tb/sv/fpu_monitor.sv{51) @ 3450: env.monitor [env.monitor] Getting Request
# ** MESSAGE: ../tb/sv/fpu_monitor.sv{87) @ 3450: env.monitor [monitor] request: FPU Request: a=-2.148125e+024, b=-1.#QNAN0e+000, op=OP_ADD, round = ROUND_DOWN
# ** MESSAGE: ../tb/sv/fpu_tlm_adapter.sv{51) @ 3450: env.adapter [Adapter] master --> request: FPU Request: a=-2.148125e+024, b=-1.#QNAN0e+000, op=OP_ADD, round = ROUND_DOWN
# ** MESSAGE: ../tb/sv/fpu_tlm_dpi_c.sv{47) @ 3450: env.TLM [tlm] TLM request: FPU Request: a=-2.148125e+024, b=-1.#QNAN0e+000, op=OP_ADD, round = ROUND_DOWN
# ** MESSAGE: ../tb/sv/fpu_tlm_dpi_c.sv{53) @ 3450: env.TLM [tlm] TLM response: FPU Response: a=-2.148125e+024, b=-1.#QNAN0e+000, op=OP_ADD, round = ROUND_DOWN, result = -1.#QNAN0e+000 with status =00000000
# ** MESSAGE: ../tb/sv/fpu_tlm_adapter.sv{59) @ 3450: env.adapter [Master] master <-- response: FPU Response: a=-2.148125e+024, b=-1.#QNAN0e+000, op=OP_ADD, round = ROUND_DOWN, result = -1.#QNAN0e+000 with status =00000000
# ** MESSAGE: ../tb/sv/fpu_driver.sv{74) @ 3455: env.driver [driver] Waiting for Response
# ** MESSAGE: ../tb/sv/fpu_driver.sv{79) @ 3530: env.driver [driver] Putting Response
# ** MESSAGE: ../tb/sv/fpu_master.sv{147) @ 3530: env.master [Master] master response: FPU Response: a=-2.148125e+024, b=-1.#QNAN0e+000, op=OP_ADD, round = ROUND_DOWN, result = -1.#IND00e+000 with status =01000000
# ** MESSAGE: ../tb/sv/fpu_master.sv{140) @ 3530: env.master [Master] master request: FPU Request: a=-1.815764e-018, b=-1.#QNAN0e+000, op=OP_MUL, round = ROUND_UP
# ** MESSAGE: ../tb/sv/fpu_driver.sv{66) @ 3540: env.driver [driver] Getting Request
# ** MESSAGE: ../tb/sv/fpu_driver.sv{69) @ 3540: env.driver [driver] Issuing Request
# ** MESSAGE: ../tb/sv/fpu_monitor.sv{57) @ 3540: env.monitor [env.monitor] Getting Response
# ** MESSAGE: ../tb/sv/fpu_monitor.sv{127) @ 3540: env.monitor [env.monitor] response: FPU Response: a=-2.148125e+024, b=-1.#QNAN0e+000, op=OP_ADD, round = ROUND_DOWN, result = -1.#IND00e+000 with status =01000000
# ** MESSAGE: @ 3540: env.comparator [Comparator Match] FPU Response: a=-2.148125e+024, b=-1.#QNAN0e+000, op=OP_ADD, round = ROUND_DOWN, result = -1.#QNAN0e+000 with status =00000000
# ** MESSAGE: ../tb/sv/fpu_coverage.sv{137) @ 3540: env.coverage [env.coverage] cover respose: FPU Response: a=-2.148125e+024, b=-1.#QNAN0e+000, op=OP_ADD, round = ROUND_DOWN, result = -1.#IND00e+000 with status =01000000
# ** MESSAGE: ../tb/sv/fpu_monitor.sv{51) @ 3600: env.monitor [env.monitor] Getting Request
# ** MESSAGE: ../tb/sv/fpu_monitor.sv{87) @ 3600: env.monitor [monitor] request: FPU Request: a=-1.815764e-018, b=-1.#QNAN0e+000, op=OP_MUL, round = ROUND_UP
# ** MESSAGE: ../tb/sv/fpu_tlm_adapter.sv{51) @ 3600: env.adapter [Adapter] master --> request: FPU Request: a=-1.815764e-018, b=-1.#QNAN0e+000, op=OP_MUL, round = ROUND_UP
# ** MESSAGE: ../tb/sv/fpu_tlm_dpi_c.sv{47) @ 3600: env.TLM [tlm] TLM request: FPU Request: a=-1.815764e-018, b=-1.#QNAN0e+000, op=OP_MUL, round = ROUND_UP
# ** MESSAGE: ../tb/sv/fpu_tlm_dpi_c.sv{53) @ 3600: env.TLM [tlm] TLM response: FPU Response: a=-1.815764e-018, b=-1.#QNAN0e+000, op=OP_MUL, round = ROUND_UP, result = -1.#QNAN0e+000 with status =00000000
# ** MESSAGE: ../tb/sv/fpu_tlm_adapter.sv{59) @ 3600: env.adapter [Master] master <-- response: FPU Response: a=-1.815764e-018, b=-1.#QNAN0e+000, op=OP_MUL, round = ROUND_UP, result = -1.#QNAN0e+000 with status =00000000
# ** MESSAGE: ../tb/sv/fpu_driver.sv{74) @ 3605: env.driver [driver] Waiting for Response
# ** MESSAGE: ../tb/sv/fpu_driver.sv{79) @ 3730: env.driver [driver] Putting Response
# ** MESSAGE: ../tb/sv/fpu_master.sv{147) @ 3730: env.master [Master] master response: FPU Response: a=-1.815764e-018, b=-1.#QNAN0e+000, op=OP_MUL, round = ROUND_UP, result = 1.#QNAN0e+000 with status =01000011
# ** MESSAGE: ../tb/sv/fpu_master.sv{140) @ 3730: env.master [Master] master request: FPU Request: a=3.230496e-031, b=1.#QNAN0e+000, op=OP_SQR, round = ROUND_EVEN
# ** MESSAGE: ../tb/sv/fpu_driver.sv{66) @ 3740: env.driver [driver] Getting Request
# ** MESSAGE: ../tb/sv/fpu_driver.sv{69) @ 3740: env.driver [driver] Issuing Request
# ** MESSAGE: ../tb/sv/fpu_monitor.sv{57) @ 3740: env.monitor [env.monitor] Getting Response
# ** MESSAGE: ../tb/sv/fpu_monitor.sv{127) @ 3740: env.monitor [env.monitor] response: FPU Response: a=-1.815764e-018, b=-1.#QNAN0e+000, op=OP_MUL, round = ROUND_UP, result = 1.#QNAN0e+000 with status =01000011
# ** MESSAGE: @ 3740: env.comparator [Comparator Match] FPU Response: a=-1.815764e-018, b=-1.#QNAN0e+000, op=OP_MUL, round = ROUND_UP, result = -1.#QNAN0e+000 with status =00000000
# ** MESSAGE: ../tb/sv/fpu_coverage.sv{137) @ 3740: env.coverage [env.coverage] cover respose: FPU Response: a=-1.815764e-018, b=-1.#QNAN0e+000, op=OP_MUL, round = ROUND_UP, result = 1.#QNAN0e+000 with status =01000011
# ** MESSAGE: ../tb/sv/fpu_monitor.sv{51) @ 3790: env.monitor [env.monitor] Getting Request
# ** MESSAGE: ../tb/sv/fpu_monitor.sv{87) @ 3790: env.monitor [monitor] request: FPU Request: a=3.230496e-031, b=1.#QNAN0e+000, op=OP_SQR, round = ROUND_EVEN
# ** MESSAGE: ../tb/sv/fpu_tlm_adapter.sv{51) @ 3790: env.adapter [Adapter] master --> request: FPU Request: a=3.230496e-031, b=1.#QNAN0e+000, op=OP_SQR, round = ROUND_EVEN
# ** MESSAGE: ../tb/sv/fpu_tlm_dpi_c.sv{47) @ 3790: env.TLM [tlm] TLM request: FPU Request: a=3.230496e-031, b=1.#QNAN0e+000, op=OP_SQR, round = ROUND_EVEN
# ** MESSAGE: ../tb/sv/fpu_tlm_dpi_c.sv{53) @ 3790: env.TLM [tlm] TLM response: FPU Response: a=3.230496e-031, b=1.#QNAN0e+000, op=OP_SQR, round = ROUND_EVEN, result = 5.683745e-016 with status =00000000
# ** MESSAGE: ../tb/sv/fpu_tlm_adapter.sv{59) @ 3790: env.adapter [Master] master <-- response: FPU Response: a=3.230496e-031, b=1.#QNAN0e+000, op=OP_SQR, round = ROUND_EVEN, result = 5.683745e-016 with status =00000000
# ** MESSAGE: ../tb/sv/fpu_driver.sv{74) @ 3795: env.driver [driver] Waiting for Response
# ** MESSAGE: ../tb/sv/fpu_driver.sv{79) @ 4140: env.driver [driver] Putting Response
# ** MESSAGE: ../tb/sv/fpu_master.sv{147) @ 4140: env.master [Master] master response: FPU Response: a=3.230496e-031, b=1.#QNAN0e+000, op=OP_SQR, round = ROUND_EVEN, result = 5.683745e-016 with status =00000001
# ** MESSAGE: ../tb/sv/fpu_coverage.sv{147) @ 4140: env.coverage [coverage report]         72 percent covered
# ** Error: Test failed due to mismatches (1) of (10) matches at time 4140
#    Time: 4140 ns  Scope: fpu_env_pkg.fpu_env.report File: ../tb/sv/fpu_rtl_env.sv Line: 109
# ** ERROR: ../tb/sv/fpu_rtl_env.sv{112) @ 4140: env [env] Test failed due to mismatches (1) of (10) matches at time 4140
# 
# --- AVM Report Summary ---
# 
# ** Report counts by severity
# MESSAGE  :  188
# WARNING  :    1
# ERROR    :    1
# FATAL    :    0
# ** Report counts by id
# [Adapter             ]    12
# [Comparator Match    ]    10
# [Comparator Mismatch ]     1
# [Master              ]    36
# [coverage report     ]     1
# [driver              ]    48
# [env                 ]     1
# [env.coverage        ]    11
# [env.monitor         ]    34
# [monitor             ]    12
# [tlm                 ]    24
# ** MESSAGE: ../tb/sv/fpu_rtl_env.sv{124) @ 4140: env [avm_env] Finished Test
# vsim -assertdebug -coverage -displaymsgmode both -sv_seed 1 -sv_lib fpu_tlm_dpi_c optimized 
# Loading sv_std.std
# Loading sv_std.mti_fli
# Loading mtiAvm.avm_pkg(fast)
# Loading work.fpu_sv_pkg(fast)
# Loading work.fpu_tr_pkg(fast)
# Loading work.fpu_tlm_pkg(fast)
# Loading work.fpu_env_pkg(fast)
# Loading work.top(fast)
# Loading work.fpu_pin_if(fast)
# Loading std.standard
# Loading ieee.std_logic_1164(body)
# Loading ieee.numeric_std(body)
# Loading synopsys.attributes
# Loading ieee.std_logic_misc(body)
# Loading ieee.std_logic_arith(body)
# Loading ieee.std_logic_unsigned(body)
# Loading work.fpupack(body)
# Loading work.comppack
# Loading work.fpu(rtl)#1
# Loading work.pre_norm_addsub(rtl)
# Loading work.addsub_28(rtl)
# Loading work.post_norm_addsub(rtl)
# Loading work.pre_norm_mul(rtl)
# Loading work.mul_24(rtl)
# Loading work.serial_mul(rtl)
# Loading work.post_norm_mul(rtl)
# Loading work.pre_norm_div(rtl)
# Loading work.serial_div(rtl)
# Loading work.post_norm_div(rtl)
# Loading work.pre_norm_sqrt(rtl)
# Loading work.sqrt(rtl)#1
# Loading work.post_norm_sqrt(rtl)
# Loading .\fpu_tlm_dpi_c.dll
# Using seed : 1 
