# ----------------------------------------------------------------
# AVM-3.0-update-2-MTI  (C) 2005-2007 Mentor Graphics Corporation
# ----------------------------------------------------------------
# ** MESSAGE: ../tb/sv/fpu_master.sv{140) @ 0: env.master [Master] master request: FPU Request: a=-1.380435e+032, b=-4.624987e-032, op=OP_DIV, round = ROUND_EVEN
# ** MESSAGE: ../tb/sv/fpu_driver.sv{66) @ 15: env.driver [driver] Getting Request
# ** MESSAGE: ../tb/sv/fpu_driver.sv{69) @ 15: env.driver [driver] Issuing Request
# ** MESSAGE: ../tb/sv/fpu_monitor.sv{51) @ 100: env.monitor [env.monitor] Getting Request
# ** MESSAGE: ../tb/sv/fpu_monitor.sv{87) @ 100: env.monitor [monitor] request: FPU Request: a=-1.380435e+032, b=-4.624987e-032, op=OP_DIV, round = ROUND_EVEN
# ** MESSAGE: ../tb/sv/fpu_tlm_adapter.sv{51) @ 100: env.adapter [Adapter] master --> request: FPU Request: a=-1.380435e+032, b=-4.624987e-032, op=OP_DIV, round = ROUND_EVEN
# ** MESSAGE: ../tb/sv/fpu_tlm_dpi_c.sv{47) @ 100: env.TLM [tlm] TLM request: FPU Request: a=-1.380435e+032, b=-4.624987e-032, op=OP_DIV, round = ROUND_EVEN
# ** MESSAGE: ../tb/sv/fpu_tlm_dpi_c.sv{53) @ 100: env.TLM [tlm] TLM response: FPU Response: a=-1.380435e+032, b=-4.624987e-032, op=OP_DIV, round = ROUND_EVEN, result = 1.#INF00e+000 with status =00000000
# ** MESSAGE: ../tb/sv/fpu_tlm_adapter.sv{59) @ 100: env.adapter [Master] master <-- response: FPU Response: a=-1.380435e+032, b=-4.624987e-032, op=OP_DIV, round = ROUND_EVEN, result = 1.#INF00e+000 with status =00000000
# ** MESSAGE: ../tb/sv/fpu_driver.sv{74) @ 105: env.driver [driver] Waiting for Response
# ** MESSAGE: ../tb/sv/fpu_driver.sv{79) @ 450: env.driver [driver] Putting Response
# ** MESSAGE: ../tb/sv/fpu_master.sv{147) @ 450: env.master [Master] master response: FPU Response: a=-1.380435e+032, b=-4.624987e-032, op=OP_DIV, round = ROUND_EVEN, result = 1.#INF00e+000 with status =00010011
# ** MESSAGE: ../tb/sv/fpu_master.sv{140) @ 450: env.master [Master] master request: FPU Request: a=-1.117245e-004, b=1.303497e+014, op=OP_SUB, round = ROUND_ZERO
# ** MESSAGE: ../tb/sv/fpu_driver.sv{66) @ 460: env.driver [driver] Getting Request
# ** MESSAGE: ../tb/sv/fpu_driver.sv{69) @ 460: env.driver [driver] Issuing Request
# ** MESSAGE: ../tb/sv/fpu_monitor.sv{57) @ 460: env.monitor [env.monitor] Getting Response
# ** MESSAGE: ../tb/sv/fpu_monitor.sv{127) @ 460: env.monitor [env.monitor] response: FPU Response: a=-1.380435e+032, b=-4.624987e-032, op=OP_DIV, round = ROUND_EVEN, result = 1.#INF00e+000 with status =00010011
# ** MESSAGE: @ 460: env.comparator [Comparator Match] FPU Response: a=-1.380435e+032, b=-4.624987e-032, op=OP_DIV, round = ROUND_EVEN, result = 1.#INF00e+000 with status =00000000
# ** MESSAGE: ../tb/sv/fpu_coverage.sv{137) @ 460: env.coverage [env.coverage] cover respose: FPU Response: a=-1.380435e+032, b=-4.624987e-032, op=OP_DIV, round = ROUND_EVEN, result = 1.#INF00e+000 with status =00010011
# ** MESSAGE: ../tb/sv/fpu_monitor.sv{51) @ 540: env.monitor [env.monitor] Getting Request
# ** MESSAGE: ../tb/sv/fpu_monitor.sv{87) @ 540: env.monitor [monitor] request: FPU Request: a=-1.117245e-004, b=1.303497e+014, op=OP_SUB, round = ROUND_ZERO
# ** MESSAGE: ../tb/sv/fpu_tlm_adapter.sv{51) @ 540: env.adapter [Adapter] master --> request: FPU Request: a=-1.117245e-004, b=1.303497e+014, op=OP_SUB, round = ROUND_ZERO
# ** MESSAGE: ../tb/sv/fpu_tlm_dpi_c.sv{47) @ 540: env.TLM [tlm] TLM request: FPU Request: a=-1.117245e-004, b=1.303497e+014, op=OP_SUB, round = ROUND_ZERO
# ** MESSAGE: ../tb/sv/fpu_tlm_dpi_c.sv{53) @ 540: env.TLM [tlm] TLM response: FPU Response: a=-1.117245e-004, b=1.303497e+014, op=OP_SUB, round = ROUND_ZERO, result = -1.303497e+014 with status =00000000
# ** MESSAGE: ../tb/sv/fpu_tlm_adapter.sv{59) @ 540: env.adapter [Master] master <-- response: FPU Response: a=-1.117245e-004, b=1.303497e+014, op=OP_SUB, round = ROUND_ZERO, result = -1.303497e+014 with status =00000000
# ** MESSAGE: ../tb/sv/fpu_driver.sv{74) @ 545: env.driver [driver] Waiting for Response
# ** MESSAGE: ../tb/sv/fpu_driver.sv{79) @ 620: env.driver [driver] Putting Response
# ** MESSAGE: ../tb/sv/fpu_master.sv{147) @ 620: env.master [Master] master response: FPU Response: a=-1.117245e-004, b=1.303497e+014, op=OP_SUB, round = ROUND_ZERO, result = -1.303497e+014 with status =00000001
# ** MESSAGE: ../tb/sv/fpu_master.sv{140) @ 620: env.master [Master] master request: FPU Request: a=-2.961687e-024, b=-1.254015e-004, op=OP_ADD, round = ROUND_ZERO
# ** MESSAGE: ../tb/sv/fpu_driver.sv{66) @ 630: env.driver [driver] Getting Request
# ** MESSAGE: ../tb/sv/fpu_driver.sv{69) @ 630: env.driver [driver] Issuing Request
# ** MESSAGE: ../tb/sv/fpu_monitor.sv{57) @ 630: env.monitor [env.monitor] Getting Response
# ** MESSAGE: ../tb/sv/fpu_monitor.sv{127) @ 630: env.monitor [env.monitor] response: FPU Response: a=-1.117245e-004, b=1.303497e+014, op=OP_SUB, round = ROUND_ZERO, result = -1.303497e+014 with status =00000001
# ** MESSAGE: @ 630: env.comparator [Comparator Match] FPU Response: a=-1.117245e-004, b=1.303497e+014, op=OP_SUB, round = ROUND_ZERO, result = -1.303497e+014 with status =00000000
# ** MESSAGE: ../tb/sv/fpu_coverage.sv{137) @ 630: env.coverage [env.coverage] cover respose: FPU Response: a=-1.117245e-004, b=1.303497e+014, op=OP_SUB, round = ROUND_ZERO, result = -1.303497e+014 with status =00000001
# ** MESSAGE: ../tb/sv/fpu_monitor.sv{51) @ 750: env.monitor [env.monitor] Getting Request
# ** MESSAGE: ../tb/sv/fpu_monitor.sv{87) @ 750: env.monitor [monitor] request: FPU Request: a=-2.961687e-024, b=-1.254015e-004, op=OP_ADD, round = ROUND_ZERO
# ** MESSAGE: ../tb/sv/fpu_tlm_adapter.sv{51) @ 750: env.adapter [Adapter] master --> request: FPU Request: a=-2.961687e-024, b=-1.254015e-004, op=OP_ADD, round = ROUND_ZERO
# ** MESSAGE: ../tb/sv/fpu_tlm_dpi_c.sv{47) @ 750: env.TLM [tlm] TLM request: FPU Request: a=-2.961687e-024, b=-1.254015e-004, op=OP_ADD, round = ROUND_ZERO
# ** MESSAGE: ../tb/sv/fpu_tlm_dpi_c.sv{53) @ 750: env.TLM [tlm] TLM response: FPU Response: a=-2.961687e-024, b=-1.254015e-004, op=OP_ADD, round = ROUND_ZERO, result = -1.254015e-004 with status =00000000
# ** MESSAGE: ../tb/sv/fpu_tlm_adapter.sv{59) @ 750: env.adapter [Master] master <-- response: FPU Response: a=-2.961687e-024, b=-1.254015e-004, op=OP_ADD, round = ROUND_ZERO, result = -1.254015e-004 with status =00000000
# ** MESSAGE: ../tb/sv/fpu_driver.sv{74) @ 755: env.driver [driver] Waiting for Response
# ** MESSAGE: ../tb/sv/fpu_driver.sv{79) @ 830: env.driver [driver] Putting Response
# ** MESSAGE: ../tb/sv/fpu_master.sv{147) @ 830: env.master [Master] master response: FPU Response: a=-2.961687e-024, b=-1.254015e-004, op=OP_ADD, round = ROUND_ZERO, result = -1.254015e-004 with status =00000001
# ** MESSAGE: ../tb/sv/fpu_master.sv{140) @ 830: env.master [Master] master request: FPU Request: a=-1.214357e+000, b=3.056995e-004, op=OP_SQR, round = ROUND_EVEN
# ** MESSAGE: ../tb/sv/fpu_driver.sv{66) @ 840: env.driver [driver] Getting Request
# ** MESSAGE: ../tb/sv/fpu_driver.sv{69) @ 840: env.driver [driver] Issuing Request
# ** MESSAGE: ../tb/sv/fpu_monitor.sv{57) @ 840: env.monitor [env.monitor] Getting Response
# ** MESSAGE: ../tb/sv/fpu_monitor.sv{127) @ 840: env.monitor [env.monitor] response: FPU Response: a=-2.961687e-024, b=-1.254015e-004, op=OP_ADD, round = ROUND_ZERO, result = -1.254015e-004 with status =00000001
# ** MESSAGE: @ 840: env.comparator [Comparator Match] FPU Response: a=-2.961687e-024, b=-1.254015e-004, op=OP_ADD, round = ROUND_ZERO, result = -1.254015e-004 with status =00000000
# ** MESSAGE: ../tb/sv/fpu_coverage.sv{137) @ 840: env.coverage [env.coverage] cover respose: FPU Response: a=-2.961687e-024, b=-1.254015e-004, op=OP_ADD, round = ROUND_ZERO, result = -1.254015e-004 with status =00000001
# ** MESSAGE: ../tb/sv/fpu_monitor.sv{51) @ 880: env.monitor [env.monitor] Getting Request
# ** MESSAGE: ../tb/sv/fpu_monitor.sv{87) @ 880: env.monitor [monitor] request: FPU Request: a=-1.214357e+000, b=3.056995e-004, op=OP_SQR, round = ROUND_EVEN
# ** MESSAGE: ../tb/sv/fpu_tlm_adapter.sv{51) @ 880: env.adapter [Adapter] master --> request: FPU Request: a=-1.214357e+000, b=3.056995e-004, op=OP_SQR, round = ROUND_EVEN
# ** MESSAGE: ../tb/sv/fpu_tlm_dpi_c.sv{47) @ 880: env.TLM [tlm] TLM request: FPU Request: a=-1.214357e+000, b=3.056995e-004, op=OP_SQR, round = ROUND_EVEN
# ** MESSAGE: ../tb/sv/fpu_tlm_dpi_c.sv{53) @ 880: env.TLM [tlm] TLM response: FPU Response: a=-1.214357e+000, b=3.056995e-004, op=OP_SQR, round = ROUND_EVEN, result = 1.#QNAN0e+000 with status =00000000
# ** MESSAGE: ../tb/sv/fpu_tlm_adapter.sv{59) @ 880: env.adapter [Master] master <-- response: FPU Response: a=-1.214357e+000, b=3.056995e-004, op=OP_SQR, round = ROUND_EVEN, result = 1.#QNAN0e+000 with status =00000000
# ** MESSAGE: ../tb/sv/fpu_driver.sv{74) @ 885: env.driver [driver] Waiting for Response
# ** MESSAGE: ../tb/sv/fpu_driver.sv{79) @ 1230: env.driver [driver] Putting Response
# ** MESSAGE: ../tb/sv/fpu_master.sv{147) @ 1230: env.master [Master] master response: FPU Response: a=-1.214357e+000, b=3.056995e-004, op=OP_SQR, round = ROUND_EVEN, result = -1.#IND00e+000 with status =01000000
# ** MESSAGE: ../tb/sv/fpu_master.sv{140) @ 1230: env.master [Master] master request: FPU Request: a=0.000000e+000, b=-3.322613e+038, op=OP_SUB, round = ROUND_UP
# ** MESSAGE: ../tb/sv/fpu_driver.sv{66) @ 1240: env.driver [driver] Getting Request
# ** MESSAGE: ../tb/sv/fpu_driver.sv{69) @ 1240: env.driver [driver] Issuing Request
# ** MESSAGE: ../tb/sv/fpu_monitor.sv{57) @ 1240: env.monitor [env.monitor] Getting Response
# ** MESSAGE: ../tb/sv/fpu_monitor.sv{127) @ 1240: env.monitor [env.monitor] response: FPU Response: a=-1.214357e+000, b=3.056995e-004, op=OP_SQR, round = ROUND_EVEN, result = -1.#IND00e+000 with status =01000000
# ** WARNING: @ 1240: env.comparator [Comparator Mismatch] FPU Response: a=-1.214357e+000, b=3.056995e-004, op=OP_SQR, round = ROUND_EVEN, result = -1.#IND00e+000 with status =01000000 differs from FPU Response: a=-1.214357e+000, b=3.056995e-004, op=OP_SQR, round = ROUND_EVEN, result = 1.#QNAN0e+000 with status =00000000
# ** MESSAGE: ../tb/sv/fpu_coverage.sv{137) @ 1240: env.coverage [env.coverage] cover respose: FPU Response: a=-1.214357e+000, b=3.056995e-004, op=OP_SQR, round = ROUND_EVEN, result = -1.#IND00e+000 with status =01000000
# ** MESSAGE: ../tb/sv/fpu_monitor.sv{51) @ 1400: env.monitor [env.monitor] Getting Request
# ** MESSAGE: ../tb/sv/fpu_monitor.sv{87) @ 1400: env.monitor [monitor] request: FPU Request: a=0.000000e+000, b=-3.322613e+038, op=OP_SUB, round = ROUND_UP
# ** MESSAGE: ../tb/sv/fpu_tlm_adapter.sv{51) @ 1400: env.adapter [Adapter] master --> request: FPU Request: a=0.000000e+000, b=-3.322613e+038, op=OP_SUB, round = ROUND_UP
# ** MESSAGE: ../tb/sv/fpu_tlm_dpi_c.sv{47) @ 1400: env.TLM [tlm] TLM request: FPU Request: a=0.000000e+000, b=-3.322613e+038, op=OP_SUB, round = ROUND_UP
# ** MESSAGE: ../tb/sv/fpu_tlm_dpi_c.sv{53) @ 1400: env.TLM [tlm] TLM response: FPU Response: a=0.000000e+000, b=-3.322613e+038, op=OP_SUB, round = ROUND_UP, result = 3.322613e+038 with status =00000000
# ** MESSAGE: ../tb/sv/fpu_tlm_adapter.sv{59) @ 1400: env.adapter [Master] master <-- response: FPU Response: a=0.000000e+000, b=-3.322613e+038, op=OP_SUB, round = ROUND_UP, result = 3.322613e+038 with status =00000000
# ** MESSAGE: ../tb/sv/fpu_driver.sv{74) @ 1405: env.driver [driver] Waiting for Response
# ** MESSAGE: ../tb/sv/fpu_driver.sv{79) @ 1480: env.driver [driver] Putting Response
# ** MESSAGE: ../tb/sv/fpu_master.sv{147) @ 1480: env.master [Master] master response: FPU Response: a=0.000000e+000, b=-3.322613e+038, op=OP_SUB, round = ROUND_UP, result = 3.322613e+038 with status =00000000
# ** MESSAGE: ../tb/sv/fpu_master.sv{140) @ 1480: env.master [Master] master request: FPU Request: a=-8.300354e-004, b=1.954717e+031, op=OP_SQR, round = ROUND_ZERO
# ** MESSAGE: ../tb/sv/fpu_driver.sv{66) @ 1490: env.driver [driver] Getting Request
# ** MESSAGE: ../tb/sv/fpu_driver.sv{69) @ 1490: env.driver [driver] Issuing Request
# ** MESSAGE: ../tb/sv/fpu_monitor.sv{57) @ 1490: env.monitor [env.monitor] Getting Response
# ** MESSAGE: ../tb/sv/fpu_monitor.sv{127) @ 1490: env.monitor [env.monitor] response: FPU Response: a=0.000000e+000, b=-3.322613e+038, op=OP_SUB, round = ROUND_UP, result = 3.322613e+038 with status =00000000
# ** MESSAGE: @ 1490: env.comparator [Comparator Match] FPU Response: a=0.000000e+000, b=-3.322613e+038, op=OP_SUB, round = ROUND_UP, result = 3.322613e+038 with status =00000000
# ** MESSAGE: ../tb/sv/fpu_coverage.sv{137) @ 1490: env.coverage [env.coverage] cover respose: FPU Response: a=0.000000e+000, b=-3.322613e+038, op=OP_SUB, round = ROUND_UP, result = 3.322613e+038 with status =00000000
# ** MESSAGE: ../tb/sv/fpu_monitor.sv{51) @ 1590: env.monitor [env.monitor] Getting Request
# ** MESSAGE: ../tb/sv/fpu_monitor.sv{87) @ 1590: env.monitor [monitor] request: FPU Request: a=-8.300354e-004, b=1.954717e+031, op=OP_SQR, round = ROUND_ZERO
# ** MESSAGE: ../tb/sv/fpu_tlm_adapter.sv{51) @ 1590: env.adapter [Adapter] master --> request: FPU Request: a=-8.300354e-004, b=1.954717e+031, op=OP_SQR, round = ROUND_ZERO
# ** MESSAGE: ../tb/sv/fpu_tlm_dpi_c.sv{47) @ 1590: env.TLM [tlm] TLM request: FPU Request: a=-8.300354e-004, b=1.954717e+031, op=OP_SQR, round = ROUND_ZERO
# ** MESSAGE: ../tb/sv/fpu_tlm_dpi_c.sv{53) @ 1590: env.TLM [tlm] TLM response: FPU Response: a=-8.300354e-004, b=1.954717e+031, op=OP_SQR, round = ROUND_ZERO, result = 1.#QNAN0e+000 with status =00000000
# ** MESSAGE: ../tb/sv/fpu_tlm_adapter.sv{59) @ 1590: env.adapter [Master] master <-- response: FPU Response: a=-8.300354e-004, b=1.954717e+031, op=OP_SQR, round = ROUND_ZERO, result = 1.#QNAN0e+000 with status =00000000
# ** MESSAGE: ../tb/sv/fpu_driver.sv{74) @ 1595: env.driver [driver] Waiting for Response
# ** MESSAGE: ../tb/sv/fpu_driver.sv{79) @ 1940: env.driver [driver] Putting Response
# ** MESSAGE: ../tb/sv/fpu_master.sv{147) @ 1940: env.master [Master] master response: FPU Response: a=-8.300354e-004, b=1.954717e+031, op=OP_SQR, round = ROUND_ZERO, result = -1.#IND00e+000 with status =01000000
# ** MESSAGE: ../tb/sv/fpu_master.sv{140) @ 1940: env.master [Master] master request: FPU Request: a=3.210244e-037, b=1.987264e-020, op=OP_ADD, round = ROUND_DOWN
# ** MESSAGE: ../tb/sv/fpu_driver.sv{66) @ 1950: env.driver [driver] Getting Request
# ** MESSAGE: ../tb/sv/fpu_driver.sv{69) @ 1950: env.driver [driver] Issuing Request
# ** MESSAGE: ../tb/sv/fpu_monitor.sv{57) @ 1950: env.monitor [env.monitor] Getting Response
# ** MESSAGE: ../tb/sv/fpu_monitor.sv{127) @ 1950: env.monitor [env.monitor] response: FPU Response: a=-8.300354e-004, b=1.954717e+031, op=OP_SQR, round = ROUND_ZERO, result = -1.#IND00e+000 with status =01000000
# ** MESSAGE: @ 1950: env.comparator [Comparator Match] FPU Response: a=-8.300354e-004, b=1.954717e+031, op=OP_SQR, round = ROUND_ZERO, result = 1.#QNAN0e+000 with status =00000000
# ** MESSAGE: ../tb/sv/fpu_coverage.sv{137) @ 1950: env.coverage [env.coverage] cover respose: FPU Response: a=-8.300354e-004, b=1.954717e+031, op=OP_SQR, round = ROUND_ZERO, result = -1.#IND00e+000 with status =01000000
# ** MESSAGE: ../tb/sv/fpu_monitor.sv{51) @ 2100: env.monitor [env.monitor] Getting Request
# ** MESSAGE: ../tb/sv/fpu_monitor.sv{87) @ 2100: env.monitor [monitor] request: FPU Request: a=3.210244e-037, b=1.987264e-020, op=OP_ADD, round = ROUND_DOWN
# ** MESSAGE: ../tb/sv/fpu_tlm_adapter.sv{51) @ 2100: env.adapter [Adapter] master --> request: FPU Request: a=3.210244e-037, b=1.987264e-020, op=OP_ADD, round = ROUND_DOWN
# ** MESSAGE: ../tb/sv/fpu_tlm_dpi_c.sv{47) @ 2100: env.TLM [tlm] TLM request: FPU Request: a=3.210244e-037, b=1.987264e-020, op=OP_ADD, round = ROUND_DOWN
# ** MESSAGE: ../tb/sv/fpu_tlm_dpi_c.sv{53) @ 2100: env.TLM [tlm] TLM response: FPU Response: a=3.210244e-037, b=1.987264e-020, op=OP_ADD, round = ROUND_DOWN, result = 1.987264e-020 with status =00000000
# ** MESSAGE: ../tb/sv/fpu_tlm_adapter.sv{59) @ 2100: env.adapter [Master] master <-- response: FPU Response: a=3.210244e-037, b=1.987264e-020, op=OP_ADD, round = ROUND_DOWN, result = 1.987264e-020 with status =00000000
# ** MESSAGE: ../tb/sv/fpu_driver.sv{74) @ 2105: env.driver [driver] Waiting for Response
# ** MESSAGE: ../tb/sv/fpu_driver.sv{79) @ 2180: env.driver [driver] Putting Response
# ** MESSAGE: ../tb/sv/fpu_master.sv{147) @ 2180: env.master [Master] master response: FPU Response: a=3.210244e-037, b=1.987264e-020, op=OP_ADD, round = ROUND_DOWN, result = 1.987264e-020 with status =00000001
# ** MESSAGE: ../tb/sv/fpu_master.sv{140) @ 2180: env.master [Master] master request: FPU Request: a=0.000000e+000, b=2.610513e-021, op=OP_SUB, round = ROUND_EVEN
# ** MESSAGE: ../tb/sv/fpu_driver.sv{66) @ 2190: env.driver [driver] Getting Request
# ** MESSAGE: ../tb/sv/fpu_driver.sv{69) @ 2190: env.driver [driver] Issuing Request
# ** MESSAGE: ../tb/sv/fpu_monitor.sv{57) @ 2190: env.monitor [env.monitor] Getting Response
# ** MESSAGE: ../tb/sv/fpu_monitor.sv{127) @ 2190: env.monitor [env.monitor] response: FPU Response: a=3.210244e-037, b=1.987264e-020, op=OP_ADD, round = ROUND_DOWN, result = 1.987264e-020 with status =00000001
# ** MESSAGE: @ 2190: env.comparator [Comparator Match] FPU Response: a=3.210244e-037, b=1.987264e-020, op=OP_ADD, round = ROUND_DOWN, result = 1.987264e-020 with status =00000000
# ** MESSAGE: ../tb/sv/fpu_coverage.sv{137) @ 2190: env.coverage [env.coverage] cover respose: FPU Response: a=3.210244e-037, b=1.987264e-020, op=OP_ADD, round = ROUND_DOWN, result = 1.987264e-020 with status =00000001
# ** MESSAGE: ../tb/sv/fpu_monitor.sv{51) @ 2280: env.monitor [env.monitor] Getting Request
# ** MESSAGE: ../tb/sv/fpu_monitor.sv{87) @ 2280: env.monitor [monitor] request: FPU Request: a=0.000000e+000, b=2.610513e-021, op=OP_SUB, round = ROUND_EVEN
# ** MESSAGE: ../tb/sv/fpu_tlm_adapter.sv{51) @ 2280: env.adapter [Adapter] master --> request: FPU Request: a=0.000000e+000, b=2.610513e-021, op=OP_SUB, round = ROUND_EVEN
# ** MESSAGE: ../tb/sv/fpu_tlm_dpi_c.sv{47) @ 2280: env.TLM [tlm] TLM request: FPU Request: a=0.000000e+000, b=2.610513e-021, op=OP_SUB, round = ROUND_EVEN
# ** MESSAGE: ../tb/sv/fpu_tlm_dpi_c.sv{53) @ 2280: env.TLM [tlm] TLM response: FPU Response: a=0.000000e+000, b=2.610513e-021, op=OP_SUB, round = ROUND_EVEN, result = -2.610513e-021 with status =00000000
# ** MESSAGE: ../tb/sv/fpu_tlm_adapter.sv{59) @ 2280: env.adapter [Master] master <-- response: FPU Response: a=0.000000e+000, b=2.610513e-021, op=OP_SUB, round = ROUND_EVEN, result = -2.610513e-021 with status =00000000
# ** MESSAGE: ../tb/sv/fpu_driver.sv{74) @ 2285: env.driver [driver] Waiting for Response
# ** MESSAGE: ../tb/sv/fpu_driver.sv{79) @ 2360: env.driver [driver] Putting Response
# ** MESSAGE: ../tb/sv/fpu_master.sv{147) @ 2360: env.master [Master] master response: FPU Response: a=0.000000e+000, b=2.610513e-021, op=OP_SUB, round = ROUND_EVEN, result = -2.610513e-021 with status =00000000
# ** MESSAGE: ../tb/sv/fpu_master.sv{140) @ 2360: env.master [Master] master request: FPU Request: a=4.840854e+020, b=-4.079480e+010, op=OP_MUL, round = ROUND_ZERO
# ** MESSAGE: ../tb/sv/fpu_driver.sv{66) @ 2370: env.driver [driver] Getting Request
# ** MESSAGE: ../tb/sv/fpu_driver.sv{69) @ 2370: env.driver [driver] Issuing Request
# ** MESSAGE: ../tb/sv/fpu_monitor.sv{57) @ 2370: env.monitor [env.monitor] Getting Response
# ** MESSAGE: ../tb/sv/fpu_monitor.sv{127) @ 2370: env.monitor [env.monitor] response: FPU Response: a=0.000000e+000, b=2.610513e-021, op=OP_SUB, round = ROUND_EVEN, result = -2.610513e-021 with status =00000000
# ** MESSAGE: @ 2370: env.comparator [Comparator Match] FPU Response: a=0.000000e+000, b=2.610513e-021, op=OP_SUB, round = ROUND_EVEN, result = -2.610513e-021 with status =00000000
# ** MESSAGE: ../tb/sv/fpu_coverage.sv{137) @ 2370: env.coverage [env.coverage] cover respose: FPU Response: a=0.000000e+000, b=2.610513e-021, op=OP_SUB, round = ROUND_EVEN, result = -2.610513e-021 with status =00000000
# ** MESSAGE: ../tb/sv/fpu_monitor.sv{51) @ 2450: env.monitor [env.monitor] Getting Request
# ** MESSAGE: ../tb/sv/fpu_monitor.sv{87) @ 2450: env.monitor [monitor] request: FPU Request: a=4.840854e+020, b=-4.079480e+010, op=OP_MUL, round = ROUND_ZERO
# ** MESSAGE: ../tb/sv/fpu_tlm_adapter.sv{51) @ 2450: env.adapter [Adapter] master --> request: FPU Request: a=4.840854e+020, b=-4.079480e+010, op=OP_MUL, round = ROUND_ZERO
# ** MESSAGE: ../tb/sv/fpu_tlm_dpi_c.sv{47) @ 2450: env.TLM [tlm] TLM request: FPU Request: a=4.840854e+020, b=-4.079480e+010, op=OP_MUL, round = ROUND_ZERO
# ** MESSAGE: ../tb/sv/fpu_tlm_dpi_c.sv{53) @ 2450: env.TLM [tlm] TLM response: FPU Response: a=4.840854e+020, b=-4.079480e+010, op=OP_MUL, round = ROUND_ZERO, result = -1.974817e+031 with status =00000000
# ** MESSAGE: ../tb/sv/fpu_tlm_adapter.sv{59) @ 2450: env.adapter [Master] master <-- response: FPU Response: a=4.840854e+020, b=-4.079480e+010, op=OP_MUL, round = ROUND_ZERO, result = -1.974817e+031 with status =00000000
# ** MESSAGE: ../tb/sv/fpu_driver.sv{74) @ 2455: env.driver [driver] Waiting for Response
# ** MESSAGE: ../tb/sv/fpu_driver.sv{79) @ 2580: env.driver [driver] Putting Response
# ** MESSAGE: ../tb/sv/fpu_master.sv{147) @ 2580: env.master [Master] master response: FPU Response: a=4.840854e+020, b=-4.079480e+010, op=OP_MUL, round = ROUND_ZERO, result = -1.974817e+031 with status =00000001
# ** MESSAGE: ../tb/sv/fpu_master.sv{140) @ 2580: env.master [Master] master request: FPU Request: a=0.000000e+000, b=-6.072646e-005, op=OP_DIV, round = ROUND_DOWN
# ** MESSAGE: ../tb/sv/fpu_driver.sv{66) @ 2590: env.driver [driver] Getting Request
# ** MESSAGE: ../tb/sv/fpu_driver.sv{69) @ 2590: env.driver [driver] Issuing Request
# ** MESSAGE: ../tb/sv/fpu_monitor.sv{57) @ 2590: env.monitor [env.monitor] Getting Response
# ** MESSAGE: ../tb/sv/fpu_monitor.sv{127) @ 2590: env.monitor [env.monitor] response: FPU Response: a=4.840854e+020, b=-4.079480e+010, op=OP_MUL, round = ROUND_ZERO, result = -1.974817e+031 with status =00000001
# ** MESSAGE: @ 2590: env.comparator [Comparator Match] FPU Response: a=4.840854e+020, b=-4.079480e+010, op=OP_MUL, round = ROUND_ZERO, result = -1.974817e+031 with status =00000000
# ** MESSAGE: ../tb/sv/fpu_coverage.sv{137) @ 2590: env.coverage [env.coverage] cover respose: FPU Response: a=4.840854e+020, b=-4.079480e+010, op=OP_MUL, round = ROUND_ZERO, result = -1.974817e+031 with status =00000001
# ** MESSAGE: ../tb/sv/fpu_monitor.sv{51) @ 2710: env.monitor [env.monitor] Getting Request
# ** MESSAGE: ../tb/sv/fpu_monitor.sv{87) @ 2710: env.monitor [monitor] request: FPU Request: a=0.000000e+000, b=-6.072646e-005, op=OP_DIV, round = ROUND_DOWN
# ** MESSAGE: ../tb/sv/fpu_tlm_adapter.sv{51) @ 2710: env.adapter [Adapter] master --> request: FPU Request: a=0.000000e+000, b=-6.072646e-005, op=OP_DIV, round = ROUND_DOWN
# ** MESSAGE: ../tb/sv/fpu_tlm_dpi_c.sv{47) @ 2710: env.TLM [tlm] TLM request: FPU Request: a=0.000000e+000, b=-6.072646e-005, op=OP_DIV, round = ROUND_DOWN
# ** MESSAGE: ../tb/sv/fpu_tlm_dpi_c.sv{53) @ 2710: env.TLM [tlm] TLM response: FPU Response: a=0.000000e+000, b=-6.072646e-005, op=OP_DIV, round = ROUND_DOWN, result = 0.000000e+000 with status =00000000
# ** MESSAGE: ../tb/sv/fpu_tlm_adapter.sv{59) @ 2710: env.adapter [Master] master <-- response: FPU Response: a=0.000000e+000, b=-6.072646e-005, op=OP_DIV, round = ROUND_DOWN, result = 0.000000e+000 with status =00000000
# ** MESSAGE: ../tb/sv/fpu_driver.sv{74) @ 2715: env.driver [driver] Waiting for Response
# ** MESSAGE: ../tb/sv/fpu_driver.sv{79) @ 3060: env.driver [driver] Putting Response
# ** MESSAGE: ../tb/sv/fpu_master.sv{147) @ 3060: env.master [Master] master response: FPU Response: a=0.000000e+000, b=-6.072646e-005, op=OP_DIV, round = ROUND_DOWN, result = 0.000000e+000 with status =00100000
# ** MESSAGE: ../tb/sv/fpu_master.sv{140) @ 3060: env.master [Master] master request: FPU Request: a=2.315471e+005, b=1.#QNAN0e+000, op=OP_ADD, round = ROUND_UP
# ** MESSAGE: ../tb/sv/fpu_driver.sv{66) @ 3070: env.driver [driver] Getting Request
# ** MESSAGE: ../tb/sv/fpu_driver.sv{69) @ 3070: env.driver [driver] Issuing Request
# ** MESSAGE: ../tb/sv/fpu_monitor.sv{57) @ 3070: env.monitor [env.monitor] Getting Response
# ** MESSAGE: ../tb/sv/fpu_monitor.sv{127) @ 3070: env.monitor [env.monitor] response: FPU Response: a=0.000000e+000, b=-6.072646e-005, op=OP_DIV, round = ROUND_DOWN, result = 0.000000e+000 with status =00100000
# ** MESSAGE: @ 3070: env.comparator [Comparator Match] FPU Response: a=0.000000e+000, b=-6.072646e-005, op=OP_DIV, round = ROUND_DOWN, result = 0.000000e+000 with status =00000000
# ** MESSAGE: ../tb/sv/fpu_coverage.sv{137) @ 3070: env.coverage [env.coverage] cover respose: FPU Response: a=0.000000e+000, b=-6.072646e-005, op=OP_DIV, round = ROUND_DOWN, result = 0.000000e+000 with status =00100000
# ** MESSAGE: ../tb/sv/fpu_monitor.sv{51) @ 3210: env.monitor [env.monitor] Getting Request
# ** MESSAGE: ../tb/sv/fpu_monitor.sv{87) @ 3210: env.monitor [monitor] request: FPU Request: a=2.315471e+005, b=1.#QNAN0e+000, op=OP_ADD, round = ROUND_UP
# ** MESSAGE: ../tb/sv/fpu_tlm_adapter.sv{51) @ 3210: env.adapter [Adapter] master --> request: FPU Request: a=2.315471e+005, b=1.#QNAN0e+000, op=OP_ADD, round = ROUND_UP
# ** MESSAGE: ../tb/sv/fpu_tlm_dpi_c.sv{47) @ 3210: env.TLM [tlm] TLM request: FPU Request: a=2.315471e+005, b=1.#QNAN0e+000, op=OP_ADD, round = ROUND_UP
# ** MESSAGE: ../tb/sv/fpu_tlm_dpi_c.sv{53) @ 3210: env.TLM [tlm] TLM response: FPU Response: a=2.315471e+005, b=1.#QNAN0e+000, op=OP_ADD, round = ROUND_UP, result = 1.#QNAN0e+000 with status =00000000
# ** MESSAGE: ../tb/sv/fpu_tlm_adapter.sv{59) @ 3210: env.adapter [Master] master <-- response: FPU Response: a=2.315471e+005, b=1.#QNAN0e+000, op=OP_ADD, round = ROUND_UP, result = 1.#QNAN0e+000 with status =00000000
# ** MESSAGE: ../tb/sv/fpu_driver.sv{74) @ 3215: env.driver [driver] Waiting for Response
# ** MESSAGE: ../tb/sv/fpu_driver.sv{79) @ 3290: env.driver [driver] Putting Response
# ** MESSAGE: ../tb/sv/fpu_master.sv{147) @ 3290: env.master [Master] master response: FPU Response: a=2.315471e+005, b=1.#QNAN0e+000, op=OP_ADD, round = ROUND_UP, result = 1.#QNAN0e+000 with status =01000000
# ** MESSAGE: ../tb/sv/fpu_master.sv{140) @ 3290: env.master [Master] master request: FPU Request: a=8.581061e-020, b=9.416752e+034, op=OP_DIV, round = ROUND_UP
# ** MESSAGE: ../tb/sv/fpu_driver.sv{66) @ 3300: env.driver [driver] Getting Request
# ** MESSAGE: ../tb/sv/fpu_driver.sv{69) @ 3300: env.driver [driver] Issuing Request
# ** MESSAGE: ../tb/sv/fpu_monitor.sv{57) @ 3300: env.monitor [env.monitor] Getting Response
# ** MESSAGE: ../tb/sv/fpu_monitor.sv{127) @ 3300: env.monitor [env.monitor] response: FPU Response: a=2.315471e+005, b=1.#QNAN0e+000, op=OP_ADD, round = ROUND_UP, result = 1.#QNAN0e+000 with status =01000000
# ** MESSAGE: @ 3300: env.comparator [Comparator Match] FPU Response: a=2.315471e+005, b=1.#QNAN0e+000, op=OP_ADD, round = ROUND_UP, result = 1.#QNAN0e+000 with status =00000000
# ** MESSAGE: ../tb/sv/fpu_coverage.sv{137) @ 3300: env.coverage [env.coverage] cover respose: FPU Response: a=2.315471e+005, b=1.#QNAN0e+000, op=OP_ADD, round = ROUND_UP, result = 1.#QNAN0e+000 with status =01000000
# ** MESSAGE: ../tb/sv/fpu_monitor.sv{51) @ 3380: env.monitor [env.monitor] Getting Request
# ** MESSAGE: ../tb/sv/fpu_monitor.sv{87) @ 3380: env.monitor [monitor] request: FPU Request: a=8.581061e-020, b=9.416752e+034, op=OP_DIV, round = ROUND_UP
# ** MESSAGE: ../tb/sv/fpu_tlm_adapter.sv{51) @ 3380: env.adapter [Adapter] master --> request: FPU Request: a=8.581061e-020, b=9.416752e+034, op=OP_DIV, round = ROUND_UP
# ** MESSAGE: ../tb/sv/fpu_tlm_dpi_c.sv{47) @ 3380: env.TLM [tlm] TLM request: FPU Request: a=8.581061e-020, b=9.416752e+034, op=OP_DIV, round = ROUND_UP
# ** MESSAGE: ../tb/sv/fpu_tlm_dpi_c.sv{53) @ 3380: env.TLM [tlm] TLM response: FPU Response: a=8.581061e-020, b=9.416752e+034, op=OP_DIV, round = ROUND_UP, result = 0.000000e+000 with status =00000000
# ** MESSAGE: ../tb/sv/fpu_tlm_adapter.sv{59) @ 3380: env.adapter [Master] master <-- response: FPU Response: a=8.581061e-020, b=9.416752e+034, op=OP_DIV, round = ROUND_UP, result = 0.000000e+000 with status =00000000
# ** MESSAGE: ../tb/sv/fpu_driver.sv{74) @ 3385: env.driver [driver] Waiting for Response
# ** MESSAGE: ../tb/sv/fpu_driver.sv{79) @ 3730: env.driver [driver] Putting Response
# ** MESSAGE: ../tb/sv/fpu_master.sv{147) @ 3730: env.master [Master] master response: FPU Response: a=8.581061e-020, b=9.416752e+034, op=OP_DIV, round = ROUND_UP, result = 1.401298e-045 with status =00000101
# ** MESSAGE: ../tb/sv/fpu_master.sv{140) @ 3730: env.master [Master] master request: FPU Request: a=-6.886636e+023, b=1.745157e-016, op=OP_MUL, round = ROUND_UP
# ** MESSAGE: ../tb/sv/fpu_driver.sv{66) @ 3740: env.driver [driver] Getting Request
# ** MESSAGE: ../tb/sv/fpu_driver.sv{69) @ 3740: env.driver [driver] Issuing Request
# ** MESSAGE: ../tb/sv/fpu_monitor.sv{57) @ 3740: env.monitor [env.monitor] Getting Response
# ** MESSAGE: ../tb/sv/fpu_monitor.sv{127) @ 3740: env.monitor [env.monitor] response: FPU Response: a=8.581061e-020, b=9.416752e+034, op=OP_DIV, round = ROUND_UP, result = 1.401298e-045 with status =00000101
# ** MESSAGE: @ 3740: env.comparator [Comparator Match] FPU Response: a=8.581061e-020, b=9.416752e+034, op=OP_DIV, round = ROUND_UP, result = 0.000000e+000 with status =00000000
# ** MESSAGE: ../tb/sv/fpu_coverage.sv{137) @ 3740: env.coverage [env.coverage] cover respose: FPU Response: a=8.581061e-020, b=9.416752e+034, op=OP_DIV, round = ROUND_UP, result = 1.401298e-045 with status =00000101
# ** MESSAGE: ../tb/sv/fpu_monitor.sv{51) @ 3820: env.monitor [env.monitor] Getting Request
# ** MESSAGE: ../tb/sv/fpu_monitor.sv{87) @ 3820: env.monitor [monitor] request: FPU Request: a=-6.886636e+023, b=1.745157e-016, op=OP_MUL, round = ROUND_UP
# ** MESSAGE: ../tb/sv/fpu_tlm_adapter.sv{51) @ 3820: env.adapter [Adapter] master --> request: FPU Request: a=-6.886636e+023, b=1.745157e-016, op=OP_MUL, round = ROUND_UP
# ** MESSAGE: ../tb/sv/fpu_tlm_dpi_c.sv{47) @ 3820: env.TLM [tlm] TLM request: FPU Request: a=-6.886636e+023, b=1.745157e-016, op=OP_MUL, round = ROUND_UP
# ** MESSAGE: ../tb/sv/fpu_tlm_dpi_c.sv{53) @ 3820: env.TLM [tlm] TLM response: FPU Response: a=-6.886636e+023, b=1.745157e-016, op=OP_MUL, round = ROUND_UP, result = -1.201826e+008 with status =00000000
# ** MESSAGE: ../tb/sv/fpu_tlm_adapter.sv{59) @ 3820: env.adapter [Master] master <-- response: FPU Response: a=-6.886636e+023, b=1.745157e-016, op=OP_MUL, round = ROUND_UP, result = -1.201826e+008 with status =00000000
# ** MESSAGE: ../tb/sv/fpu_driver.sv{74) @ 3825: env.driver [driver] Waiting for Response
# ** MESSAGE: ../tb/sv/fpu_driver.sv{79) @ 3950: env.driver [driver] Putting Response
# ** MESSAGE: ../tb/sv/fpu_master.sv{147) @ 3950: env.master [Master] master response: FPU Response: a=-6.886636e+023, b=1.745157e-016, op=OP_MUL, round = ROUND_UP, result = -1.201826e+008 with status =00000001
# ** MESSAGE: ../tb/sv/fpu_master.sv{140) @ 3950: env.master [Master] master request: FPU Request: a=3.453215e+023, b=-1.#QNAN0e+000, op=OP_DIV, round = ROUND_ZERO
# ** MESSAGE: ../tb/sv/fpu_driver.sv{66) @ 3960: env.driver [driver] Getting Request
# ** MESSAGE: ../tb/sv/fpu_driver.sv{69) @ 3960: env.driver [driver] Issuing Request
# ** MESSAGE: ../tb/sv/fpu_monitor.sv{57) @ 3960: env.monitor [env.monitor] Getting Response
# ** MESSAGE: ../tb/sv/fpu_monitor.sv{127) @ 3960: env.monitor [env.monitor] response: FPU Response: a=-6.886636e+023, b=1.745157e-016, op=OP_MUL, round = ROUND_UP, result = -1.201826e+008 with status =00000001
# ** MESSAGE: @ 3960: env.comparator [Comparator Match] FPU Response: a=-6.886636e+023, b=1.745157e-016, op=OP_MUL, round = ROUND_UP, result = -1.201826e+008 with status =00000000
# ** MESSAGE: ../tb/sv/fpu_coverage.sv{137) @ 3960: env.coverage [env.coverage] cover respose: FPU Response: a=-6.886636e+023, b=1.745157e-016, op=OP_MUL, round = ROUND_UP, result = -1.201826e+008 with status =00000001
# ** MESSAGE: ../tb/sv/fpu_monitor.sv{51) @ 4090: env.monitor [env.monitor] Getting Request
# ** MESSAGE: ../tb/sv/fpu_monitor.sv{87) @ 4090: env.monitor [monitor] request: FPU Request: a=3.453215e+023, b=-1.#QNAN0e+000, op=OP_DIV, round = ROUND_ZERO
# ** MESSAGE: ../tb/sv/fpu_tlm_adapter.sv{51) @ 4090: env.adapter [Adapter] master --> request: FPU Request: a=3.453215e+023, b=-1.#QNAN0e+000, op=OP_DIV, round = ROUND_ZERO
# ** MESSAGE: ../tb/sv/fpu_tlm_dpi_c.sv{47) @ 4090: env.TLM [tlm] TLM request: FPU Request: a=3.453215e+023, b=-1.#QNAN0e+000, op=OP_DIV, round = ROUND_ZERO
# ** MESSAGE: ../tb/sv/fpu_tlm_dpi_c.sv{53) @ 4090: env.TLM [tlm] TLM response: FPU Response: a=3.453215e+023, b=-1.#QNAN0e+000, op=OP_DIV, round = ROUND_ZERO, result = -1.#QNAN0e+000 with status =00000000
# ** MESSAGE: ../tb/sv/fpu_tlm_adapter.sv{59) @ 4090: env.adapter [Master] master <-- response: FPU Response: a=3.453215e+023, b=-1.#QNAN0e+000, op=OP_DIV, round = ROUND_ZERO, result = -1.#QNAN0e+000 with status =00000000
# ** MESSAGE: ../tb/sv/fpu_driver.sv{74) @ 4095: env.driver [driver] Waiting for Response
# ** MESSAGE: ../tb/sv/fpu_driver.sv{79) @ 4440: env.driver [driver] Putting Response
# ** MESSAGE: ../tb/sv/fpu_master.sv{147) @ 4440: env.master [Master] master response: FPU Response: a=3.453215e+023, b=-1.#QNAN0e+000, op=OP_DIV, round = ROUND_ZERO, result = -1.#IND00e+000 with status =01000011
# ** MESSAGE: ../tb/sv/fpu_master.sv{140) @ 4440: env.master [Master] master request: FPU Request: a=-4.119922e-004, b=9.760319e-030, op=OP_ADD, round = ROUND_UP
# ** MESSAGE: ../tb/sv/fpu_driver.sv{66) @ 4450: env.driver [driver] Getting Request
# ** MESSAGE: ../tb/sv/fpu_driver.sv{69) @ 4450: env.driver [driver] Issuing Request
# ** MESSAGE: ../tb/sv/fpu_monitor.sv{57) @ 4450: env.monitor [env.monitor] Getting Response
# ** MESSAGE: ../tb/sv/fpu_monitor.sv{127) @ 4450: env.monitor [env.monitor] response: FPU Response: a=3.453215e+023, b=-1.#QNAN0e+000, op=OP_DIV, round = ROUND_ZERO, result = -1.#IND00e+000 with status =01000011
# ** MESSAGE: @ 4450: env.comparator [Comparator Match] FPU Response: a=3.453215e+023, b=-1.#QNAN0e+000, op=OP_DIV, round = ROUND_ZERO, result = -1.#QNAN0e+000 with status =00000000
# ** MESSAGE: ../tb/sv/fpu_coverage.sv{137) @ 4450: env.coverage [env.coverage] cover respose: FPU Response: a=3.453215e+023, b=-1.#QNAN0e+000, op=OP_DIV, round = ROUND_ZERO, result = -1.#IND00e+000 with status =01000011
# ** MESSAGE: ../tb/sv/fpu_monitor.sv{51) @ 4560: env.monitor [env.monitor] Getting Request
# ** MESSAGE: ../tb/sv/fpu_monitor.sv{87) @ 4560: env.monitor [monitor] request: FPU Request: a=-4.119922e-004, b=9.760319e-030, op=OP_ADD, round = ROUND_UP
# ** MESSAGE: ../tb/sv/fpu_tlm_adapter.sv{51) @ 4560: env.adapter [Adapter] master --> request: FPU Request: a=-4.119922e-004, b=9.760319e-030, op=OP_ADD, round = ROUND_UP
# ** MESSAGE: ../tb/sv/fpu_tlm_dpi_c.sv{47) @ 4560: env.TLM [tlm] TLM request: FPU Request: a=-4.119922e-004, b=9.760319e-030, op=OP_ADD, round = ROUND_UP
# ** MESSAGE: ../tb/sv/fpu_tlm_dpi_c.sv{53) @ 4560: env.TLM [tlm] TLM response: FPU Response: a=-4.119922e-004, b=9.760319e-030, op=OP_ADD, round = ROUND_UP, result = -4.119922e-004 with status =00000000
# ** MESSAGE: ../tb/sv/fpu_tlm_adapter.sv{59) @ 4560: env.adapter [Master] master <-- response: FPU Response: a=-4.119922e-004, b=9.760319e-030, op=OP_ADD, round = ROUND_UP, result = -4.119922e-004 with status =00000000
# ** MESSAGE: ../tb/sv/fpu_driver.sv{74) @ 4565: env.driver [driver] Waiting for Response
# ** MESSAGE: ../tb/sv/fpu_driver.sv{79) @ 4640: env.driver [driver] Putting Response
# ** MESSAGE: ../tb/sv/fpu_master.sv{147) @ 4640: env.master [Master] master response: FPU Response: a=-4.119922e-004, b=9.760319e-030, op=OP_ADD, round = ROUND_UP, result = -4.119921e-004 with status =00000001
# ** MESSAGE: ../tb/sv/fpu_master.sv{140) @ 4640: env.master [Master] master request: FPU Request: a=9.611200e+020, b=5.023964e-021, op=OP_SQR, round = ROUND_DOWN
# ** MESSAGE: ../tb/sv/fpu_driver.sv{66) @ 4650: env.driver [driver] Getting Request
# ** MESSAGE: ../tb/sv/fpu_driver.sv{69) @ 4650: env.driver [driver] Issuing Request
# ** MESSAGE: ../tb/sv/fpu_monitor.sv{57) @ 4650: env.monitor [env.monitor] Getting Response
# ** MESSAGE: ../tb/sv/fpu_monitor.sv{127) @ 4650: env.monitor [env.monitor] response: FPU Response: a=-4.119922e-004, b=9.760319e-030, op=OP_ADD, round = ROUND_UP, result = -4.119921e-004 with status =00000001
# ** MESSAGE: @ 4650: env.comparator [Comparator Match] FPU Response: a=-4.119922e-004, b=9.760319e-030, op=OP_ADD, round = ROUND_UP, result = -4.119922e-004 with status =00000000
# ** MESSAGE: ../tb/sv/fpu_coverage.sv{137) @ 4650: env.coverage [env.coverage] cover respose: FPU Response: a=-4.119922e-004, b=9.760319e-030, op=OP_ADD, round = ROUND_UP, result = -4.119921e-004 with status =00000001
# ** MESSAGE: ../tb/sv/fpu_monitor.sv{51) @ 4700: env.monitor [env.monitor] Getting Request
# ** MESSAGE: ../tb/sv/fpu_monitor.sv{87) @ 4700: env.monitor [monitor] request: FPU Request: a=9.611200e+020, b=5.023964e-021, op=OP_SQR, round = ROUND_DOWN
# ** MESSAGE: ../tb/sv/fpu_tlm_adapter.sv{51) @ 4700: env.adapter [Adapter] master --> request: FPU Request: a=9.611200e+020, b=5.023964e-021, op=OP_SQR, round = ROUND_DOWN
# ** MESSAGE: ../tb/sv/fpu_tlm_dpi_c.sv{47) @ 4700: env.TLM [tlm] TLM request: FPU Request: a=9.611200e+020, b=5.023964e-021, op=OP_SQR, round = ROUND_DOWN
# ** MESSAGE: ../tb/sv/fpu_tlm_dpi_c.sv{53) @ 4700: env.TLM [tlm] TLM response: FPU Response: a=9.611200e+020, b=5.023964e-021, op=OP_SQR, round = ROUND_DOWN, result = 3.100193e+010 with status =00000000
# ** MESSAGE: ../tb/sv/fpu_tlm_adapter.sv{59) @ 4700: env.adapter [Master] master <-- response: FPU Response: a=9.611200e+020, b=5.023964e-021, op=OP_SQR, round = ROUND_DOWN, result = 3.100193e+010 with status =00000000
# ** MESSAGE: ../tb/sv/fpu_driver.sv{74) @ 4705: env.driver [driver] Waiting for Response
# ** MESSAGE: ../tb/sv/fpu_driver.sv{79) @ 5050: env.driver [driver] Putting Response
# ** MESSAGE: ../tb/sv/fpu_master.sv{147) @ 5050: env.master [Master] master response: FPU Response: a=9.611200e+020, b=5.023964e-021, op=OP_SQR, round = ROUND_DOWN, result = 3.100193e+010 with status =00000001
# ** MESSAGE: ../tb/sv/fpu_master.sv{140) @ 5050: env.master [Master] master request: FPU Request: a=3.819189e-018, b=0.000000e+000, op=OP_DIV, round = ROUND_DOWN
# ** MESSAGE: ../tb/sv/fpu_driver.sv{66) @ 5060: env.driver [driver] Getting Request
# ** MESSAGE: ../tb/sv/fpu_driver.sv{69) @ 5060: env.driver [driver] Issuing Request
# ** MESSAGE: ../tb/sv/fpu_monitor.sv{57) @ 5060: env.monitor [env.monitor] Getting Response
# ** MESSAGE: ../tb/sv/fpu_monitor.sv{127) @ 5060: env.monitor [env.monitor] response: FPU Response: a=9.611200e+020, b=5.023964e-021, op=OP_SQR, round = ROUND_DOWN, result = 3.100193e+010 with status =00000001
# ** MESSAGE: @ 5060: env.comparator [Comparator Match] FPU Response: a=9.611200e+020, b=5.023964e-021, op=OP_SQR, round = ROUND_DOWN, result = 3.100193e+010 with status =00000000
# ** MESSAGE: ../tb/sv/fpu_coverage.sv{137) @ 5060: env.coverage [env.coverage] cover respose: FPU Response: a=9.611200e+020, b=5.023964e-021, op=OP_SQR, round = ROUND_DOWN, result = 3.100193e+010 with status =00000001
# ** MESSAGE: ../tb/sv/fpu_monitor.sv{51) @ 5170: env.monitor [env.monitor] Getting Request
# ** MESSAGE: ../tb/sv/fpu_monitor.sv{87) @ 5170: env.monitor [monitor] request: FPU Request: a=3.819189e-018, b=0.000000e+000, op=OP_DIV, round = ROUND_DOWN
# ** MESSAGE: ../tb/sv/fpu_tlm_adapter.sv{51) @ 5170: env.adapter [Adapter] master --> request: FPU Request: a=3.819189e-018, b=0.000000e+000, op=OP_DIV, round = ROUND_DOWN
# ** MESSAGE: ../tb/sv/fpu_tlm_dpi_c.sv{47) @ 5170: env.TLM [tlm] TLM request: FPU Request: a=3.819189e-018, b=0.000000e+000, op=OP_DIV, round = ROUND_DOWN
# ** MESSAGE: ../tb/sv/fpu_tlm_dpi_c.sv{53) @ 5170: env.TLM [tlm] TLM response: FPU Response: a=3.819189e-018, b=0.000000e+000, op=OP_DIV, round = ROUND_DOWN, result = -1.#INF00e+000 with status =00000000
# ** MESSAGE: ../tb/sv/fpu_tlm_adapter.sv{59) @ 5170: env.adapter [Master] master <-- response: FPU Response: a=3.819189e-018, b=0.000000e+000, op=OP_DIV, round = ROUND_DOWN, result = -1.#INF00e+000 with status =00000000
# ** MESSAGE: ../tb/sv/fpu_driver.sv{74) @ 5175: env.driver [driver] Waiting for Response
# ** MESSAGE: ../tb/sv/fpu_driver.sv{79) @ 5520: env.driver [driver] Putting Response
# ** MESSAGE: ../tb/sv/fpu_master.sv{147) @ 5520: env.master [Master] master response: FPU Response: a=3.819189e-018, b=0.000000e+000, op=OP_DIV, round = ROUND_DOWN, result = -1.#INF00e+000 with status =00011000
# ** MESSAGE: ../tb/sv/fpu_master.sv{140) @ 5520: env.master [Master] master request: FPU Request: a=-5.449464e-010, b=1.#QNAN0e+000, op=OP_SUB, round = ROUND_DOWN
# ** MESSAGE: ../tb/sv/fpu_driver.sv{66) @ 5530: env.driver [driver] Getting Request
# ** MESSAGE: ../tb/sv/fpu_driver.sv{69) @ 5530: env.driver [driver] Issuing Request
# ** MESSAGE: ../tb/sv/fpu_monitor.sv{57) @ 5530: env.monitor [env.monitor] Getting Response
# ** MESSAGE: ../tb/sv/fpu_monitor.sv{127) @ 5530: env.monitor [env.monitor] response: FPU Response: a=3.819189e-018, b=0.000000e+000, op=OP_DIV, round = ROUND_DOWN, result = -1.#INF00e+000 with status =00011000
# ** MESSAGE: @ 5530: env.comparator [Comparator Match] FPU Response: a=3.819189e-018, b=0.000000e+000, op=OP_DIV, round = ROUND_DOWN, result = -1.#INF00e+000 with status =00000000
# ** MESSAGE: ../tb/sv/fpu_coverage.sv{137) @ 5530: env.coverage [env.coverage] cover respose: FPU Response: a=3.819189e-018, b=0.000000e+000, op=OP_DIV, round = ROUND_DOWN, result = -1.#INF00e+000 with status =00011000
# ** MESSAGE: ../tb/sv/fpu_monitor.sv{51) @ 5690: env.monitor [env.monitor] Getting Request
# ** MESSAGE: ../tb/sv/fpu_monitor.sv{87) @ 5690: env.monitor [monitor] request: FPU Request: a=-5.449464e-010, b=1.#QNAN0e+000, op=OP_SUB, round = ROUND_DOWN
# ** MESSAGE: ../tb/sv/fpu_tlm_adapter.sv{51) @ 5690: env.adapter [Adapter] master --> request: FPU Request: a=-5.449464e-010, b=1.#QNAN0e+000, op=OP_SUB, round = ROUND_DOWN
# ** MESSAGE: ../tb/sv/fpu_tlm_dpi_c.sv{47) @ 5690: env.TLM [tlm] TLM request: FPU Request: a=-5.449464e-010, b=1.#QNAN0e+000, op=OP_SUB, round = ROUND_DOWN
# ** MESSAGE: ../tb/sv/fpu_tlm_dpi_c.sv{53) @ 5690: env.TLM [tlm] TLM response: FPU Response: a=-5.449464e-010, b=1.#QNAN0e+000, op=OP_SUB, round = ROUND_DOWN, result = 1.#QNAN0e+000 with status =00000000
# ** MESSAGE: ../tb/sv/fpu_tlm_adapter.sv{59) @ 5690: env.adapter [Master] master <-- response: FPU Response: a=-5.449464e-010, b=1.#QNAN0e+000, op=OP_SUB, round = ROUND_DOWN, result = 1.#QNAN0e+000 with status =00000000
# ** MESSAGE: ../tb/sv/fpu_driver.sv{74) @ 5695: env.driver [driver] Waiting for Response
# ** MESSAGE: ../tb/sv/fpu_driver.sv{79) @ 5770: env.driver [driver] Putting Response
# ** MESSAGE: ../tb/sv/fpu_master.sv{147) @ 5770: env.master [Master] master response: FPU Response: a=-5.449464e-010, b=1.#QNAN0e+000, op=OP_SUB, round = ROUND_DOWN, result = 1.#QNAN0e+000 with status =01000000
# ** MESSAGE: ../tb/sv/fpu_master.sv{140) @ 5770: env.master [Master] master request: FPU Request: a=0.000000e+000, b=-1.761073e-007, op=OP_SUB, round = ROUND_DOWN
# ** MESSAGE: ../tb/sv/fpu_driver.sv{66) @ 5780: env.driver [driver] Getting Request
# ** MESSAGE: ../tb/sv/fpu_driver.sv{69) @ 5780: env.driver [driver] Issuing Request
# ** MESSAGE: ../tb/sv/fpu_monitor.sv{57) @ 5780: env.monitor [env.monitor] Getting Response
# ** MESSAGE: ../tb/sv/fpu_monitor.sv{127) @ 5780: env.monitor [env.monitor] response: FPU Response: a=-5.449464e-010, b=1.#QNAN0e+000, op=OP_SUB, round = ROUND_DOWN, result = 1.#QNAN0e+000 with status =01000000
# ** MESSAGE: @ 5780: env.comparator [Comparator Match] FPU Response: a=-5.449464e-010, b=1.#QNAN0e+000, op=OP_SUB, round = ROUND_DOWN, result = 1.#QNAN0e+000 with status =00000000
# ** MESSAGE: ../tb/sv/fpu_coverage.sv{137) @ 5780: env.coverage [env.coverage] cover respose: FPU Response: a=-5.449464e-010, b=1.#QNAN0e+000, op=OP_SUB, round = ROUND_DOWN, result = 1.#QNAN0e+000 with status =01000000
# ** MESSAGE: ../tb/sv/fpu_monitor.sv{51) @ 5960: env.monitor [env.monitor] Getting Request
# ** MESSAGE: ../tb/sv/fpu_monitor.sv{87) @ 5960: env.monitor [monitor] request: FPU Request: a=0.000000e+000, b=-1.761073e-007, op=OP_SUB, round = ROUND_DOWN
# ** MESSAGE: ../tb/sv/fpu_tlm_adapter.sv{51) @ 5960: env.adapter [Adapter] master --> request: FPU Request: a=0.000000e+000, b=-1.761073e-007, op=OP_SUB, round = ROUND_DOWN
# ** MESSAGE: ../tb/sv/fpu_tlm_dpi_c.sv{47) @ 5960: env.TLM [tlm] TLM request: FPU Request: a=0.000000e+000, b=-1.761073e-007, op=OP_SUB, round = ROUND_DOWN
# ** MESSAGE: ../tb/sv/fpu_tlm_dpi_c.sv{53) @ 5960: env.TLM [tlm] TLM response: FPU Response: a=0.000000e+000, b=-1.761073e-007, op=OP_SUB, round = ROUND_DOWN, result = 1.761073e-007 with status =00000000
# ** MESSAGE: ../tb/sv/fpu_tlm_adapter.sv{59) @ 5960: env.adapter [Master] master <-- response: FPU Response: a=0.000000e+000, b=-1.761073e-007, op=OP_SUB, round = ROUND_DOWN, result = 1.761073e-007 with status =00000000
# ** MESSAGE: ../tb/sv/fpu_driver.sv{74) @ 5965: env.driver [driver] Waiting for Response
# ** MESSAGE: ../tb/sv/fpu_driver.sv{79) @ 6040: env.driver [driver] Putting Response
# ** MESSAGE: ../tb/sv/fpu_master.sv{147) @ 6040: env.master [Master] master response: FPU Response: a=0.000000e+000, b=-1.761073e-007, op=OP_SUB, round = ROUND_DOWN, result = 1.761073e-007 with status =00000000
# ** MESSAGE: ../tb/sv/fpu_master.sv{140) @ 6040: env.master [Master] master request: FPU Request: a=8.636403e-019, b=-9.374507e+026, op=OP_MUL, round = ROUND_DOWN
# ** MESSAGE: ../tb/sv/fpu_driver.sv{66) @ 6050: env.driver [driver] Getting Request
# ** MESSAGE: ../tb/sv/fpu_driver.sv{69) @ 6050: env.driver [driver] Issuing Request
# ** MESSAGE: ../tb/sv/fpu_monitor.sv{57) @ 6050: env.monitor [env.monitor] Getting Response
# ** MESSAGE: ../tb/sv/fpu_monitor.sv{127) @ 6050: env.monitor [env.monitor] response: FPU Response: a=0.000000e+000, b=-1.761073e-007, op=OP_SUB, round = ROUND_DOWN, result = 1.761073e-007 with status =00000000
# ** MESSAGE: @ 6050: env.comparator [Comparator Match] FPU Response: a=0.000000e+000, b=-1.761073e-007, op=OP_SUB, round = ROUND_DOWN, result = 1.761073e-007 with status =00000000
# ** MESSAGE: ../tb/sv/fpu_coverage.sv{137) @ 6050: env.coverage [env.coverage] cover respose: FPU Response: a=0.000000e+000, b=-1.761073e-007, op=OP_SUB, round = ROUND_DOWN, result = 1.761073e-007 with status =00000000
# ** MESSAGE: ../tb/sv/fpu_monitor.sv{51) @ 6090: env.monitor [env.monitor] Getting Request
# ** MESSAGE: ../tb/sv/fpu_monitor.sv{87) @ 6090: env.monitor [monitor] request: FPU Request: a=8.636403e-019, b=-9.374507e+026, op=OP_MUL, round = ROUND_DOWN
# ** MESSAGE: ../tb/sv/fpu_tlm_adapter.sv{51) @ 6090: env.adapter [Adapter] master --> request: FPU Request: a=8.636403e-019, b=-9.374507e+026, op=OP_MUL, round = ROUND_DOWN
# ** MESSAGE: ../tb/sv/fpu_tlm_dpi_c.sv{47) @ 6090: env.TLM [tlm] TLM request: FPU Request: a=8.636403e-019, b=-9.374507e+026, op=OP_MUL, round = ROUND_DOWN
# ** MESSAGE: ../tb/sv/fpu_tlm_dpi_c.sv{53) @ 6090: env.TLM [tlm] TLM response: FPU Response: a=8.636403e-019, b=-9.374507e+026, op=OP_MUL, round = ROUND_DOWN, result = -8.096202e+008 with status =00000000
# ** MESSAGE: ../tb/sv/fpu_tlm_adapter.sv{59) @ 6090: env.adapter [Master] master <-- response: FPU Response: a=8.636403e-019, b=-9.374507e+026, op=OP_MUL, round = ROUND_DOWN, result = -8.096202e+008 with status =00000000
# ** MESSAGE: ../tb/sv/fpu_driver.sv{74) @ 6095: env.driver [driver] Waiting for Response
# ** MESSAGE: ../tb/sv/fpu_driver.sv{79) @ 6220: env.driver [driver] Putting Response
# ** MESSAGE: ../tb/sv/fpu_master.sv{147) @ 6220: env.master [Master] master response: FPU Response: a=8.636403e-019, b=-9.374507e+026, op=OP_MUL, round = ROUND_DOWN, result = -8.096202e+008 with status =00000001
# ** MESSAGE: ../tb/sv/fpu_coverage.sv{147) @ 6220: env.coverage [coverage report]         59 percent covered
# ** Error: Test failed due to mismatches (1) of (18) matches at time 6220
#    Time: 6220 ns  Scope: fpu_env_pkg.fpu_env.report File: ../tb/sv/fpu_rtl_env.sv Line: 109
# ** ERROR: ../tb/sv/fpu_rtl_env.sv{112) @ 6220: env [env] Test failed due to mismatches (1) of (18) matches at time 6220
# 
# --- AVM Report Summary ---
# 
# ** Report counts by severity
# MESSAGE  :  316
# WARNING  :    1
# ERROR    :    1
# FATAL    :    0
# ** Report counts by id
# [Adapter             ]    20
# [Comparator Match    ]    18
# [Comparator Mismatch ]     1
# [Master              ]    60
# [coverage report     ]     1
# [driver              ]    80
# [env                 ]     1
# [env.coverage        ]    19
# [env.monitor         ]    58
# [monitor             ]    20
# [tlm                 ]    40
# ** MESSAGE: ../tb/sv/fpu_rtl_env.sv{124) @ 6220: env [avm_env] Finished Test
# vsim -assertdebug -coverage -displaymsgmode both -sv_seed 2 -sv_lib fpu_tlm_dpi_c optimized 
# Loading sv_std.std
# Loading sv_std.mti_fli
# Loading mtiAvm.avm_pkg(fast)
# Loading work.fpu_sv_pkg(fast)
# Loading work.fpu_tr_pkg(fast)
# Loading work.fpu_tlm_pkg(fast)
# Loading work.fpu_env_pkg(fast)
# Loading work.top(fast)
# Loading work.fpu_pin_if(fast)
# Loading std.standard
# Loading ieee.std_logic_1164(body)
# Loading ieee.numeric_std(body)
# Loading synopsys.attributes
# Loading ieee.std_logic_misc(body)
# Loading ieee.std_logic_arith(body)
# Loading ieee.std_logic_unsigned(body)
# Loading work.fpupack(body)
# Loading work.comppack
# Loading work.fpu(rtl)#1
# Loading work.pre_norm_addsub(rtl)
# Loading work.addsub_28(rtl)
# Loading work.post_norm_addsub(rtl)
# Loading work.pre_norm_mul(rtl)
# Loading work.mul_24(rtl)
# Loading work.serial_mul(rtl)
# Loading work.post_norm_mul(rtl)
# Loading work.pre_norm_div(rtl)
# Loading work.serial_div(rtl)
# Loading work.post_norm_div(rtl)
# Loading work.pre_norm_sqrt(rtl)
# Loading work.sqrt(rtl)#1
# Loading work.post_norm_sqrt(rtl)
# Loading .\fpu_tlm_dpi_c.dll
# Using seed : 2 
