# ----------------------------------------------------------------
# AVM-3.0-update-2-MTI  (C) 2005-2007 Mentor Graphics Corporation
# ----------------------------------------------------------------
# ** MESSAGE: ../tb/sv/fpu_master.sv{140) @ 0: env.master [Master] master request: FPU Request: a=1.855042e-034, b=4.746658e+033, op=OP_DIV, round = ROUND_DOWN
# ** MESSAGE: ../tb/sv/fpu_driver.sv{66) @ 15: env.driver [driver] Getting Request
# ** MESSAGE: ../tb/sv/fpu_driver.sv{69) @ 15: env.driver [driver] Issuing Request
# ** MESSAGE: ../tb/sv/fpu_monitor.sv{51) @ 100: env.monitor [env.monitor] Getting Request
# ** MESSAGE: ../tb/sv/fpu_monitor.sv{87) @ 100: env.monitor [monitor] request: FPU Request: a=1.855042e-034, b=4.746658e+033, op=OP_DIV, round = ROUND_DOWN
# ** MESSAGE: ../tb/sv/fpu_tlm_adapter.sv{51) @ 100: env.adapter [Adapter] master --> request: FPU Request: a=1.855042e-034, b=4.746658e+033, op=OP_DIV, round = ROUND_DOWN
# ** MESSAGE: ../tb/sv/fpu_tlm_dpi_c.sv{47) @ 100: env.TLM [tlm] TLM request: FPU Request: a=1.855042e-034, b=4.746658e+033, op=OP_DIV, round = ROUND_DOWN
# ** MESSAGE: ../tb/sv/fpu_tlm_dpi_c.sv{53) @ 100: env.TLM [tlm] TLM response: FPU Response: a=1.855042e-034, b=4.746658e+033, op=OP_DIV, round = ROUND_DOWN, result = 0.000000e+000 with status =00000000
# ** MESSAGE: ../tb/sv/fpu_tlm_adapter.sv{59) @ 100: env.adapter [Master] master <-- response: FPU Response: a=1.855042e-034, b=4.746658e+033, op=OP_DIV, round = ROUND_DOWN, result = 0.000000e+000 with status =00000000
# ** MESSAGE: ../tb/sv/fpu_driver.sv{74) @ 105: env.driver [driver] Waiting for Response
# ** MESSAGE: ../tb/sv/fpu_driver.sv{79) @ 450: env.driver [driver] Putting Response
# ** MESSAGE: ../tb/sv/fpu_master.sv{147) @ 450: env.master [Master] master response: FPU Response: a=1.855042e-034, b=4.746658e+033, op=OP_DIV, round = ROUND_DOWN, result = 0.000000e+000 with status =00100101
# ** MESSAGE: ../tb/sv/fpu_master.sv{140) @ 450: env.master [Master] master request: FPU Request: a=1.#QNAN0e+000, b=1.#QNAN0e+000, op=OP_SUB, round = ROUND_DOWN
# ** MESSAGE: ../tb/sv/fpu_driver.sv{66) @ 460: env.driver [driver] Getting Request
# ** MESSAGE: ../tb/sv/fpu_driver.sv{69) @ 460: env.driver [driver] Issuing Request
# ** MESSAGE: ../tb/sv/fpu_monitor.sv{57) @ 460: env.monitor [env.monitor] Getting Response
# ** MESSAGE: ../tb/sv/fpu_monitor.sv{127) @ 460: env.monitor [env.monitor] response: FPU Response: a=1.855042e-034, b=4.746658e+033, op=OP_DIV, round = ROUND_DOWN, result = 0.000000e+000 with status =00100101
# ** MESSAGE: @ 460: env.comparator [Comparator Match] FPU Response: a=1.855042e-034, b=4.746658e+033, op=OP_DIV, round = ROUND_DOWN, result = 0.000000e+000 with status =00000000
# ** MESSAGE: ../tb/sv/fpu_coverage.sv{137) @ 460: env.coverage [env.coverage] cover respose: FPU Response: a=1.855042e-034, b=4.746658e+033, op=OP_DIV, round = ROUND_DOWN, result = 0.000000e+000 with status =00100101
# ** MESSAGE: ../tb/sv/fpu_monitor.sv{51) @ 610: env.monitor [env.monitor] Getting Request
# ** MESSAGE: ../tb/sv/fpu_monitor.sv{87) @ 610: env.monitor [monitor] request: FPU Request: a=1.#QNAN0e+000, b=1.#QNAN0e+000, op=OP_SUB, round = ROUND_DOWN
# ** MESSAGE: ../tb/sv/fpu_tlm_adapter.sv{51) @ 610: env.adapter [Adapter] master --> request: FPU Request: a=1.#QNAN0e+000, b=1.#QNAN0e+000, op=OP_SUB, round = ROUND_DOWN
# ** MESSAGE: ../tb/sv/fpu_tlm_dpi_c.sv{47) @ 610: env.TLM [tlm] TLM request: FPU Request: a=1.#QNAN0e+000, b=1.#QNAN0e+000, op=OP_SUB, round = ROUND_DOWN
# ** MESSAGE: ../tb/sv/fpu_tlm_dpi_c.sv{53) @ 610: env.TLM [tlm] TLM response: FPU Response: a=1.#QNAN0e+000, b=1.#QNAN0e+000, op=OP_SUB, round = ROUND_DOWN, result = 1.#QNAN0e+000 with status =00000000
# ** MESSAGE: ../tb/sv/fpu_tlm_adapter.sv{59) @ 610: env.adapter [Master] master <-- response: FPU Response: a=1.#QNAN0e+000, b=1.#QNAN0e+000, op=OP_SUB, round = ROUND_DOWN, result = 1.#QNAN0e+000 with status =00000000
# ** MESSAGE: ../tb/sv/fpu_driver.sv{74) @ 615: env.driver [driver] Waiting for Response
# ** MESSAGE: ../tb/sv/fpu_driver.sv{79) @ 690: env.driver [driver] Putting Response
# ** MESSAGE: ../tb/sv/fpu_master.sv{147) @ 690: env.master [Master] master response: FPU Response: a=1.#QNAN0e+000, b=1.#QNAN0e+000, op=OP_SUB, round = ROUND_DOWN, result = 1.#QNAN0e+000 with status =01000000
# ** MESSAGE: ../tb/sv/fpu_master.sv{140) @ 690: env.master [Master] master request: FPU Request: a=5.954397e+022, b=-1.#QNAN0e+000, op=OP_DIV, round = ROUND_UP
# ** MESSAGE: ../tb/sv/fpu_driver.sv{66) @ 700: env.driver [driver] Getting Request
# ** MESSAGE: ../tb/sv/fpu_driver.sv{69) @ 700: env.driver [driver] Issuing Request
# ** MESSAGE: ../tb/sv/fpu_monitor.sv{57) @ 700: env.monitor [env.monitor] Getting Response
# ** MESSAGE: ../tb/sv/fpu_monitor.sv{127) @ 700: env.monitor [env.monitor] response: FPU Response: a=1.#QNAN0e+000, b=1.#QNAN0e+000, op=OP_SUB, round = ROUND_DOWN, result = 1.#QNAN0e+000 with status =01000000
# ** MESSAGE: @ 700: env.comparator [Comparator Match] FPU Response: a=1.#QNAN0e+000, b=1.#QNAN0e+000, op=OP_SUB, round = ROUND_DOWN, result = 1.#QNAN0e+000 with status =00000000
# ** MESSAGE: ../tb/sv/fpu_coverage.sv{137) @ 700: env.coverage [env.coverage] cover respose: FPU Response: a=1.#QNAN0e+000, b=1.#QNAN0e+000, op=OP_SUB, round = ROUND_DOWN, result = 1.#QNAN0e+000 with status =01000000
# ** MESSAGE: ../tb/sv/fpu_monitor.sv{51) @ 820: env.monitor [env.monitor] Getting Request
# ** MESSAGE: ../tb/sv/fpu_monitor.sv{87) @ 820: env.monitor [monitor] request: FPU Request: a=5.954397e+022, b=-1.#QNAN0e+000, op=OP_DIV, round = ROUND_UP
# ** MESSAGE: ../tb/sv/fpu_tlm_adapter.sv{51) @ 820: env.adapter [Adapter] master --> request: FPU Request: a=5.954397e+022, b=-1.#QNAN0e+000, op=OP_DIV, round = ROUND_UP
# ** MESSAGE: ../tb/sv/fpu_tlm_dpi_c.sv{47) @ 820: env.TLM [tlm] TLM request: FPU Request: a=5.954397e+022, b=-1.#QNAN0e+000, op=OP_DIV, round = ROUND_UP
# ** MESSAGE: ../tb/sv/fpu_tlm_dpi_c.sv{53) @ 820: env.TLM [tlm] TLM response: FPU Response: a=5.954397e+022, b=-1.#QNAN0e+000, op=OP_DIV, round = ROUND_UP, result = -1.#QNAN0e+000 with status =00000000
# ** MESSAGE: ../tb/sv/fpu_tlm_adapter.sv{59) @ 820: env.adapter [Master] master <-- response: FPU Response: a=5.954397e+022, b=-1.#QNAN0e+000, op=OP_DIV, round = ROUND_UP, result = -1.#QNAN0e+000 with status =00000000
# ** MESSAGE: ../tb/sv/fpu_driver.sv{74) @ 825: env.driver [driver] Waiting for Response
# ** MESSAGE: ../tb/sv/fpu_driver.sv{79) @ 1170: env.driver [driver] Putting Response
# ** MESSAGE: ../tb/sv/fpu_master.sv{147) @ 1170: env.master [Master] master response: FPU Response: a=5.954397e+022, b=-1.#QNAN0e+000, op=OP_DIV, round = ROUND_UP, result = -1.#IND00e+000 with status =01000011
# ** MESSAGE: ../tb/sv/fpu_master.sv{140) @ 1170: env.master [Master] master request: FPU Request: a=1.#QNAN0e+000, b=-9.615108e-031, op=OP_SUB, round = ROUND_EVEN
# ** MESSAGE: ../tb/sv/fpu_driver.sv{66) @ 1180: env.driver [driver] Getting Request
# ** MESSAGE: ../tb/sv/fpu_driver.sv{69) @ 1180: env.driver [driver] Issuing Request
# ** MESSAGE: ../tb/sv/fpu_monitor.sv{57) @ 1180: env.monitor [env.monitor] Getting Response
# ** MESSAGE: ../tb/sv/fpu_monitor.sv{127) @ 1180: env.monitor [env.monitor] response: FPU Response: a=5.954397e+022, b=-1.#QNAN0e+000, op=OP_DIV, round = ROUND_UP, result = -1.#IND00e+000 with status =01000011
# ** MESSAGE: @ 1180: env.comparator [Comparator Match] FPU Response: a=5.954397e+022, b=-1.#QNAN0e+000, op=OP_DIV, round = ROUND_UP, result = -1.#QNAN0e+000 with status =00000000
# ** MESSAGE: ../tb/sv/fpu_coverage.sv{137) @ 1180: env.coverage [env.coverage] cover respose: FPU Response: a=5.954397e+022, b=-1.#QNAN0e+000, op=OP_DIV, round = ROUND_UP, result = -1.#IND00e+000 with status =01000011
# ** MESSAGE: ../tb/sv/fpu_monitor.sv{51) @ 1360: env.monitor [env.monitor] Getting Request
# ** MESSAGE: ../tb/sv/fpu_monitor.sv{87) @ 1360: env.monitor [monitor] request: FPU Request: a=1.#QNAN0e+000, b=-9.615108e-031, op=OP_SUB, round = ROUND_EVEN
# ** MESSAGE: ../tb/sv/fpu_tlm_adapter.sv{51) @ 1360: env.adapter [Adapter] master --> request: FPU Request: a=1.#QNAN0e+000, b=-9.615108e-031, op=OP_SUB, round = ROUND_EVEN
# ** MESSAGE: ../tb/sv/fpu_tlm_dpi_c.sv{47) @ 1360: env.TLM [tlm] TLM request: FPU Request: a=1.#QNAN0e+000, b=-9.615108e-031, op=OP_SUB, round = ROUND_EVEN
# ** MESSAGE: ../tb/sv/fpu_tlm_dpi_c.sv{53) @ 1360: env.TLM [tlm] TLM response: FPU Response: a=1.#QNAN0e+000, b=-9.615108e-031, op=OP_SUB, round = ROUND_EVEN, result = 1.#QNAN0e+000 with status =00000000
# ** MESSAGE: ../tb/sv/fpu_tlm_adapter.sv{59) @ 1360: env.adapter [Master] master <-- response: FPU Response: a=1.#QNAN0e+000, b=-9.615108e-031, op=OP_SUB, round = ROUND_EVEN, result = 1.#QNAN0e+000 with status =00000000
# ** MESSAGE: ../tb/sv/fpu_driver.sv{74) @ 1365: env.driver [driver] Waiting for Response
# ** MESSAGE: ../tb/sv/fpu_driver.sv{79) @ 1440: env.driver [driver] Putting Response
# ** MESSAGE: ../tb/sv/fpu_master.sv{147) @ 1440: env.master [Master] master response: FPU Response: a=1.#QNAN0e+000, b=-9.615108e-031, op=OP_SUB, round = ROUND_EVEN, result = 1.#QNAN0e+000 with status =01000000
# ** MESSAGE: ../tb/sv/fpu_master.sv{140) @ 1440: env.master [Master] master request: FPU Request: a=-1.114651e-016, b=1.#QNAN0e+000, op=OP_ADD, round = ROUND_DOWN
# ** MESSAGE: ../tb/sv/fpu_driver.sv{66) @ 1450: env.driver [driver] Getting Request
# ** MESSAGE: ../tb/sv/fpu_driver.sv{69) @ 1450: env.driver [driver] Issuing Request
# ** MESSAGE: ../tb/sv/fpu_monitor.sv{57) @ 1450: env.monitor [env.monitor] Getting Response
# ** MESSAGE: ../tb/sv/fpu_monitor.sv{127) @ 1450: env.monitor [env.monitor] response: FPU Response: a=1.#QNAN0e+000, b=-9.615108e-031, op=OP_SUB, round = ROUND_EVEN, result = 1.#QNAN0e+000 with status =01000000
# ** MESSAGE: @ 1450: env.comparator [Comparator Match] FPU Response: a=1.#QNAN0e+000, b=-9.615108e-031, op=OP_SUB, round = ROUND_EVEN, result = 1.#QNAN0e+000 with status =00000000
# ** MESSAGE: ../tb/sv/fpu_coverage.sv{137) @ 1450: env.coverage [env.coverage] cover respose: FPU Response: a=1.#QNAN0e+000, b=-9.615108e-031, op=OP_SUB, round = ROUND_EVEN, result = 1.#QNAN0e+000 with status =01000000
# ** MESSAGE: ../tb/sv/fpu_monitor.sv{51) @ 1470: env.monitor [env.monitor] Getting Request
# ** MESSAGE: ../tb/sv/fpu_monitor.sv{87) @ 1470: env.monitor [monitor] request: FPU Request: a=-1.114651e-016, b=1.#QNAN0e+000, op=OP_ADD, round = ROUND_DOWN
# ** MESSAGE: ../tb/sv/fpu_tlm_adapter.sv{51) @ 1470: env.adapter [Adapter] master --> request: FPU Request: a=-1.114651e-016, b=1.#QNAN0e+000, op=OP_ADD, round = ROUND_DOWN
# ** MESSAGE: ../tb/sv/fpu_tlm_dpi_c.sv{47) @ 1470: env.TLM [tlm] TLM request: FPU Request: a=-1.114651e-016, b=1.#QNAN0e+000, op=OP_ADD, round = ROUND_DOWN
# ** MESSAGE: ../tb/sv/fpu_tlm_dpi_c.sv{53) @ 1470: env.TLM [tlm] TLM response: FPU Response: a=-1.114651e-016, b=1.#QNAN0e+000, op=OP_ADD, round = ROUND_DOWN, result = 1.#QNAN0e+000 with status =00000000
# ** MESSAGE: ../tb/sv/fpu_tlm_adapter.sv{59) @ 1470: env.adapter [Master] master <-- response: FPU Response: a=-1.114651e-016, b=1.#QNAN0e+000, op=OP_ADD, round = ROUND_DOWN, result = 1.#QNAN0e+000 with status =00000000
# ** MESSAGE: ../tb/sv/fpu_driver.sv{74) @ 1475: env.driver [driver] Waiting for Response
# ** MESSAGE: ../tb/sv/fpu_driver.sv{79) @ 1550: env.driver [driver] Putting Response
# ** MESSAGE: ../tb/sv/fpu_master.sv{147) @ 1550: env.master [Master] master response: FPU Response: a=-1.114651e-016, b=1.#QNAN0e+000, op=OP_ADD, round = ROUND_DOWN, result = 1.#QNAN0e+000 with status =01000000
# ** MESSAGE: ../tb/sv/fpu_master.sv{140) @ 1550: env.master [Master] master request: FPU Request: a=0.000000e+000, b=-1.#QNAN0e+000, op=OP_SQR, round = ROUND_ZERO
# ** MESSAGE: ../tb/sv/fpu_driver.sv{66) @ 1560: env.driver [driver] Getting Request
# ** MESSAGE: ../tb/sv/fpu_driver.sv{69) @ 1560: env.driver [driver] Issuing Request
# ** MESSAGE: ../tb/sv/fpu_monitor.sv{57) @ 1560: env.monitor [env.monitor] Getting Response
# ** MESSAGE: ../tb/sv/fpu_monitor.sv{127) @ 1560: env.monitor [env.monitor] response: FPU Response: a=-1.114651e-016, b=1.#QNAN0e+000, op=OP_ADD, round = ROUND_DOWN, result = 1.#QNAN0e+000 with status =01000000
# ** MESSAGE: @ 1560: env.comparator [Comparator Match] FPU Response: a=-1.114651e-016, b=1.#QNAN0e+000, op=OP_ADD, round = ROUND_DOWN, result = 1.#QNAN0e+000 with status =00000000
# ** MESSAGE: ../tb/sv/fpu_coverage.sv{137) @ 1560: env.coverage [env.coverage] cover respose: FPU Response: a=-1.114651e-016, b=1.#QNAN0e+000, op=OP_ADD, round = ROUND_DOWN, result = 1.#QNAN0e+000 with status =01000000
# ** MESSAGE: ../tb/sv/fpu_monitor.sv{51) @ 1660: env.monitor [env.monitor] Getting Request
# ** MESSAGE: ../tb/sv/fpu_monitor.sv{87) @ 1660: env.monitor [monitor] request: FPU Request: a=0.000000e+000, b=-1.#QNAN0e+000, op=OP_SQR, round = ROUND_ZERO
# ** MESSAGE: ../tb/sv/fpu_tlm_adapter.sv{51) @ 1660: env.adapter [Adapter] master --> request: FPU Request: a=0.000000e+000, b=-1.#QNAN0e+000, op=OP_SQR, round = ROUND_ZERO
# ** MESSAGE: ../tb/sv/fpu_tlm_dpi_c.sv{47) @ 1660: env.TLM [tlm] TLM request: FPU Request: a=0.000000e+000, b=-1.#QNAN0e+000, op=OP_SQR, round = ROUND_ZERO
# ** MESSAGE: ../tb/sv/fpu_tlm_dpi_c.sv{53) @ 1660: env.TLM [tlm] TLM response: FPU Response: a=0.000000e+000, b=-1.#QNAN0e+000, op=OP_SQR, round = ROUND_ZERO, result = 0.000000e+000 with status =00000000
# ** MESSAGE: ../tb/sv/fpu_tlm_adapter.sv{59) @ 1660: env.adapter [Master] master <-- response: FPU Response: a=0.000000e+000, b=-1.#QNAN0e+000, op=OP_SQR, round = ROUND_ZERO, result = 0.000000e+000 with status =00000000
# ** MESSAGE: ../tb/sv/fpu_driver.sv{74) @ 1665: env.driver [driver] Waiting for Response
# ** MESSAGE: ../tb/sv/fpu_driver.sv{79) @ 2010: env.driver [driver] Putting Response
# ** MESSAGE: ../tb/sv/fpu_master.sv{147) @ 2010: env.master [Master] master response: FPU Response: a=0.000000e+000, b=-1.#QNAN0e+000, op=OP_SQR, round = ROUND_ZERO, result = 0.000000e+000 with status =00100000
# ** MESSAGE: ../tb/sv/fpu_master.sv{140) @ 2010: env.master [Master] master request: FPU Request: a=-1.#QNAN0e+000, b=1.#QNAN0e+000, op=OP_MUL, round = ROUND_DOWN
# ** MESSAGE: ../tb/sv/fpu_driver.sv{66) @ 2020: env.driver [driver] Getting Request
# ** MESSAGE: ../tb/sv/fpu_driver.sv{69) @ 2020: env.driver [driver] Issuing Request
# ** MESSAGE: ../tb/sv/fpu_monitor.sv{57) @ 2020: env.monitor [env.monitor] Getting Response
# ** MESSAGE: ../tb/sv/fpu_monitor.sv{127) @ 2020: env.monitor [env.monitor] response: FPU Response: a=0.000000e+000, b=-1.#QNAN0e+000, op=OP_SQR, round = ROUND_ZERO, result = 0.000000e+000 with status =00100000
# ** MESSAGE: @ 2020: env.comparator [Comparator Match] FPU Response: a=0.000000e+000, b=-1.#QNAN0e+000, op=OP_SQR, round = ROUND_ZERO, result = 0.000000e+000 with status =00000000
# ** MESSAGE: ../tb/sv/fpu_coverage.sv{137) @ 2020: env.coverage [env.coverage] cover respose: FPU Response: a=0.000000e+000, b=-1.#QNAN0e+000, op=OP_SQR, round = ROUND_ZERO, result = 0.000000e+000 with status =00100000
# ** MESSAGE: ../tb/sv/fpu_monitor.sv{51) @ 2030: env.monitor [env.monitor] Getting Request
# ** MESSAGE: ../tb/sv/fpu_monitor.sv{87) @ 2030: env.monitor [monitor] request: FPU Request: a=-1.#QNAN0e+000, b=1.#QNAN0e+000, op=OP_MUL, round = ROUND_DOWN
# ** MESSAGE: ../tb/sv/fpu_tlm_adapter.sv{51) @ 2030: env.adapter [Adapter] master --> request: FPU Request: a=-1.#QNAN0e+000, b=1.#QNAN0e+000, op=OP_MUL, round = ROUND_DOWN
# ** MESSAGE: ../tb/sv/fpu_tlm_dpi_c.sv{47) @ 2030: env.TLM [tlm] TLM request: FPU Request: a=-1.#QNAN0e+000, b=1.#QNAN0e+000, op=OP_MUL, round = ROUND_DOWN
# ** MESSAGE: ../tb/sv/fpu_tlm_dpi_c.sv{53) @ 2030: env.TLM [tlm] TLM response: FPU Response: a=-1.#QNAN0e+000, b=1.#QNAN0e+000, op=OP_MUL, round = ROUND_DOWN, result = 1.#QNAN0e+000 with status =00000000
# ** MESSAGE: ../tb/sv/fpu_tlm_adapter.sv{59) @ 2030: env.adapter [Master] master <-- response: FPU Response: a=-1.#QNAN0e+000, b=1.#QNAN0e+000, op=OP_MUL, round = ROUND_DOWN, result = 1.#QNAN0e+000 with status =00000000
# ** MESSAGE: ../tb/sv/fpu_driver.sv{74) @ 2035: env.driver [driver] Waiting for Response
# ** MESSAGE: ../tb/sv/fpu_driver.sv{79) @ 2160: env.driver [driver] Putting Response
# ** MESSAGE: ../tb/sv/fpu_master.sv{147) @ 2160: env.master [Master] master response: FPU Response: a=-1.#QNAN0e+000, b=1.#QNAN0e+000, op=OP_MUL, round = ROUND_DOWN, result = -1.#IND00e+000 with status =01000011
# ** MESSAGE: ../tb/sv/fpu_master.sv{140) @ 2160: env.master [Master] master request: FPU Request: a=-1.#QNAN0e+000, b=1.#QNAN0e+000, op=OP_DIV, round = ROUND_UP
# ** MESSAGE: ../tb/sv/fpu_driver.sv{66) @ 2170: env.driver [driver] Getting Request
# ** MESSAGE: ../tb/sv/fpu_driver.sv{69) @ 2170: env.driver [driver] Issuing Request
# ** MESSAGE: ../tb/sv/fpu_monitor.sv{57) @ 2170: env.monitor [env.monitor] Getting Response
# ** MESSAGE: ../tb/sv/fpu_monitor.sv{127) @ 2170: env.monitor [env.monitor] response: FPU Response: a=-1.#QNAN0e+000, b=1.#QNAN0e+000, op=OP_MUL, round = ROUND_DOWN, result = -1.#IND00e+000 with status =01000011
# ** MESSAGE: @ 2170: env.comparator [Comparator Match] FPU Response: a=-1.#QNAN0e+000, b=1.#QNAN0e+000, op=OP_MUL, round = ROUND_DOWN, result = 1.#QNAN0e+000 with status =00000000
# ** MESSAGE: ../tb/sv/fpu_coverage.sv{137) @ 2170: env.coverage [env.coverage] cover respose: FPU Response: a=-1.#QNAN0e+000, b=1.#QNAN0e+000, op=OP_MUL, round = ROUND_DOWN, result = -1.#IND00e+000 with status =01000011
# ** MESSAGE: ../tb/sv/fpu_monitor.sv{51) @ 2250: env.monitor [env.monitor] Getting Request
# ** MESSAGE: ../tb/sv/fpu_monitor.sv{87) @ 2250: env.monitor [monitor] request: FPU Request: a=-1.#QNAN0e+000, b=1.#QNAN0e+000, op=OP_DIV, round = ROUND_UP
# ** MESSAGE: ../tb/sv/fpu_tlm_adapter.sv{51) @ 2250: env.adapter [Adapter] master --> request: FPU Request: a=-1.#QNAN0e+000, b=1.#QNAN0e+000, op=OP_DIV, round = ROUND_UP
# ** MESSAGE: ../tb/sv/fpu_tlm_dpi_c.sv{47) @ 2250: env.TLM [tlm] TLM request: FPU Request: a=-1.#QNAN0e+000, b=1.#QNAN0e+000, op=OP_DIV, round = ROUND_UP
# ** MESSAGE: ../tb/sv/fpu_tlm_dpi_c.sv{53) @ 2250: env.TLM [tlm] TLM response: FPU Response: a=-1.#QNAN0e+000, b=1.#QNAN0e+000, op=OP_DIV, round = ROUND_UP, result = 1.#QNAN0e+000 with status =00000000
# ** MESSAGE: ../tb/sv/fpu_tlm_adapter.sv{59) @ 2250: env.adapter [Master] master <-- response: FPU Response: a=-1.#QNAN0e+000, b=1.#QNAN0e+000, op=OP_DIV, round = ROUND_UP, result = 1.#QNAN0e+000 with status =00000000
# ** MESSAGE: ../tb/sv/fpu_driver.sv{74) @ 2255: env.driver [driver] Waiting for Response
# ** MESSAGE: ../tb/sv/fpu_driver.sv{79) @ 2600: env.driver [driver] Putting Response
# ** MESSAGE: ../tb/sv/fpu_master.sv{147) @ 2600: env.master [Master] master response: FPU Response: a=-1.#QNAN0e+000, b=1.#QNAN0e+000, op=OP_DIV, round = ROUND_UP, result = -1.#IND00e+000 with status =01000011
# ** MESSAGE: ../tb/sv/fpu_master.sv{140) @ 2600: env.master [Master] master request: FPU Request: a=1.996986e+001, b=0.000000e+000, op=OP_SUB, round = ROUND_EVEN
# ** MESSAGE: ../tb/sv/fpu_driver.sv{66) @ 2610: env.driver [driver] Getting Request
# ** MESSAGE: ../tb/sv/fpu_driver.sv{69) @ 2610: env.driver [driver] Issuing Request
# ** MESSAGE: ../tb/sv/fpu_monitor.sv{57) @ 2610: env.monitor [env.monitor] Getting Response
# ** MESSAGE: ../tb/sv/fpu_monitor.sv{127) @ 2610: env.monitor [env.monitor] response: FPU Response: a=-1.#QNAN0e+000, b=1.#QNAN0e+000, op=OP_DIV, round = ROUND_UP, result = -1.#IND00e+000 with status =01000011
# ** MESSAGE: @ 2610: env.comparator [Comparator Match] FPU Response: a=-1.#QNAN0e+000, b=1.#QNAN0e+000, op=OP_DIV, round = ROUND_UP, result = 1.#QNAN0e+000 with status =00000000
# ** MESSAGE: ../tb/sv/fpu_coverage.sv{137) @ 2610: env.coverage [env.coverage] cover respose: FPU Response: a=-1.#QNAN0e+000, b=1.#QNAN0e+000, op=OP_DIV, round = ROUND_UP, result = -1.#IND00e+000 with status =01000011
# ** MESSAGE: ../tb/sv/fpu_monitor.sv{51) @ 2650: env.monitor [env.monitor] Getting Request
# ** MESSAGE: ../tb/sv/fpu_monitor.sv{87) @ 2650: env.monitor [monitor] request: FPU Request: a=1.996986e+001, b=0.000000e+000, op=OP_SUB, round = ROUND_EVEN
# ** MESSAGE: ../tb/sv/fpu_tlm_adapter.sv{51) @ 2650: env.adapter [Adapter] master --> request: FPU Request: a=1.996986e+001, b=0.000000e+000, op=OP_SUB, round = ROUND_EVEN
# ** MESSAGE: ../tb/sv/fpu_tlm_dpi_c.sv{47) @ 2650: env.TLM [tlm] TLM request: FPU Request: a=1.996986e+001, b=0.000000e+000, op=OP_SUB, round = ROUND_EVEN
# ** MESSAGE: ../tb/sv/fpu_tlm_dpi_c.sv{53) @ 2650: env.TLM [tlm] TLM response: FPU Response: a=1.996986e+001, b=0.000000e+000, op=OP_SUB, round = ROUND_EVEN, result = 1.996986e+001 with status =00000000
# ** MESSAGE: ../tb/sv/fpu_tlm_adapter.sv{59) @ 2650: env.adapter [Master] master <-- response: FPU Response: a=1.996986e+001, b=0.000000e+000, op=OP_SUB, round = ROUND_EVEN, result = 1.996986e+001 with status =00000000
# ** MESSAGE: ../tb/sv/fpu_driver.sv{74) @ 2655: env.driver [driver] Waiting for Response
# ** MESSAGE: ../tb/sv/fpu_driver.sv{79) @ 2730: env.driver [driver] Putting Response
# ** MESSAGE: ../tb/sv/fpu_master.sv{147) @ 2730: env.master [Master] master response: FPU Response: a=1.996986e+001, b=0.000000e+000, op=OP_SUB, round = ROUND_EVEN, result = 1.996986e+001 with status =00000000
# ** MESSAGE: ../tb/sv/fpu_master.sv{140) @ 2730: env.master [Master] master request: FPU Request: a=-9.697149e-017, b=1.#QNAN0e+000, op=OP_DIV, round = ROUND_UP
# ** MESSAGE: ../tb/sv/fpu_driver.sv{66) @ 2740: env.driver [driver] Getting Request
# ** MESSAGE: ../tb/sv/fpu_driver.sv{69) @ 2740: env.driver [driver] Issuing Request
# ** MESSAGE: ../tb/sv/fpu_monitor.sv{57) @ 2740: env.monitor [env.monitor] Getting Response
# ** MESSAGE: ../tb/sv/fpu_monitor.sv{127) @ 2740: env.monitor [env.monitor] response: FPU Response: a=1.996986e+001, b=0.000000e+000, op=OP_SUB, round = ROUND_EVEN, result = 1.996986e+001 with status =00000000
# ** MESSAGE: @ 2740: env.comparator [Comparator Match] FPU Response: a=1.996986e+001, b=0.000000e+000, op=OP_SUB, round = ROUND_EVEN, result = 1.996986e+001 with status =00000000
# ** MESSAGE: ../tb/sv/fpu_coverage.sv{137) @ 2740: env.coverage [env.coverage] cover respose: FPU Response: a=1.996986e+001, b=0.000000e+000, op=OP_SUB, round = ROUND_EVEN, result = 1.996986e+001 with status =00000000
# ** MESSAGE: ../tb/sv/fpu_monitor.sv{51) @ 2810: env.monitor [env.monitor] Getting Request
# ** MESSAGE: ../tb/sv/fpu_monitor.sv{87) @ 2810: env.monitor [monitor] request: FPU Request: a=-9.697149e-017, b=1.#QNAN0e+000, op=OP_DIV, round = ROUND_UP
# ** MESSAGE: ../tb/sv/fpu_tlm_adapter.sv{51) @ 2810: env.adapter [Adapter] master --> request: FPU Request: a=-9.697149e-017, b=1.#QNAN0e+000, op=OP_DIV, round = ROUND_UP
# ** MESSAGE: ../tb/sv/fpu_tlm_dpi_c.sv{47) @ 2810: env.TLM [tlm] TLM request: FPU Request: a=-9.697149e-017, b=1.#QNAN0e+000, op=OP_DIV, round = ROUND_UP
# ** MESSAGE: ../tb/sv/fpu_tlm_dpi_c.sv{53) @ 2810: env.TLM [tlm] TLM response: FPU Response: a=-9.697149e-017, b=1.#QNAN0e+000, op=OP_DIV, round = ROUND_UP, result = 1.#QNAN0e+000 with status =00000000
# ** MESSAGE: ../tb/sv/fpu_tlm_adapter.sv{59) @ 2810: env.adapter [Master] master <-- response: FPU Response: a=-9.697149e-017, b=1.#QNAN0e+000, op=OP_DIV, round = ROUND_UP, result = 1.#QNAN0e+000 with status =00000000
# ** MESSAGE: ../tb/sv/fpu_driver.sv{74) @ 2815: env.driver [driver] Waiting for Response
# ** MESSAGE: ../tb/sv/fpu_driver.sv{79) @ 3160: env.driver [driver] Putting Response
# ** MESSAGE: ../tb/sv/fpu_master.sv{147) @ 3160: env.master [Master] master response: FPU Response: a=-9.697149e-017, b=1.#QNAN0e+000, op=OP_DIV, round = ROUND_UP, result = -1.#IND00e+000 with status =01000011
# ** MESSAGE: ../tb/sv/fpu_master.sv{140) @ 3160: env.master [Master] master request: FPU Request: a=1.#QNAN0e+000, b=1.#QNAN0e+000, op=OP_MUL, round = ROUND_EVEN
# ** MESSAGE: ../tb/sv/fpu_driver.sv{66) @ 3170: env.driver [driver] Getting Request
# ** MESSAGE: ../tb/sv/fpu_driver.sv{69) @ 3170: env.driver [driver] Issuing Request
# ** MESSAGE: ../tb/sv/fpu_monitor.sv{57) @ 3170: env.monitor [env.monitor] Getting Response
# ** MESSAGE: ../tb/sv/fpu_monitor.sv{127) @ 3170: env.monitor [env.monitor] response: FPU Response: a=-9.697149e-017, b=1.#QNAN0e+000, op=OP_DIV, round = ROUND_UP, result = -1.#IND00e+000 with status =01000011
# ** MESSAGE: @ 3170: env.comparator [Comparator Match] FPU Response: a=-9.697149e-017, b=1.#QNAN0e+000, op=OP_DIV, round = ROUND_UP, result = 1.#QNAN0e+000 with status =00000000
# ** MESSAGE: ../tb/sv/fpu_coverage.sv{137) @ 3170: env.coverage [env.coverage] cover respose: FPU Response: a=-9.697149e-017, b=1.#QNAN0e+000, op=OP_DIV, round = ROUND_UP, result = -1.#IND00e+000 with status =01000011
# ** MESSAGE: ../tb/sv/fpu_monitor.sv{51) @ 3230: env.monitor [env.monitor] Getting Request
# ** MESSAGE: ../tb/sv/fpu_monitor.sv{87) @ 3230: env.monitor [monitor] request: FPU Request: a=1.#QNAN0e+000, b=1.#QNAN0e+000, op=OP_MUL, round = ROUND_EVEN
# ** MESSAGE: ../tb/sv/fpu_tlm_adapter.sv{51) @ 3230: env.adapter [Adapter] master --> request: FPU Request: a=1.#QNAN0e+000, b=1.#QNAN0e+000, op=OP_MUL, round = ROUND_EVEN
# ** MESSAGE: ../tb/sv/fpu_tlm_dpi_c.sv{47) @ 3230: env.TLM [tlm] TLM request: FPU Request: a=1.#QNAN0e+000, b=1.#QNAN0e+000, op=OP_MUL, round = ROUND_EVEN
# ** MESSAGE: ../tb/sv/fpu_tlm_dpi_c.sv{53) @ 3230: env.TLM [tlm] TLM response: FPU Response: a=1.#QNAN0e+000, b=1.#QNAN0e+000, op=OP_MUL, round = ROUND_EVEN, result = 1.#QNAN0e+000 with status =00000000
# ** MESSAGE: ../tb/sv/fpu_tlm_adapter.sv{59) @ 3230: env.adapter [Master] master <-- response: FPU Response: a=1.#QNAN0e+000, b=1.#QNAN0e+000, op=OP_MUL, round = ROUND_EVEN, result = 1.#QNAN0e+000 with status =00000000
# ** MESSAGE: ../tb/sv/fpu_driver.sv{74) @ 3235: env.driver [driver] Waiting for Response
# ** MESSAGE: ../tb/sv/fpu_driver.sv{79) @ 3360: env.driver [driver] Putting Response
# ** MESSAGE: ../tb/sv/fpu_master.sv{147) @ 3360: env.master [Master] master response: FPU Response: a=1.#QNAN0e+000, b=1.#QNAN0e+000, op=OP_MUL, round = ROUND_EVEN, result = 1.#QNAN0e+000 with status =01000011
# ** MESSAGE: ../tb/sv/fpu_master.sv{140) @ 3360: env.master [Master] master request: FPU Request: a=1.482933e-031, b=-9.496290e-013, op=OP_ADD, round = ROUND_DOWN
# ** MESSAGE: ../tb/sv/fpu_driver.sv{66) @ 3370: env.driver [driver] Getting Request
# ** MESSAGE: ../tb/sv/fpu_driver.sv{69) @ 3370: env.driver [driver] Issuing Request
# ** MESSAGE: ../tb/sv/fpu_monitor.sv{57) @ 3370: env.monitor [env.monitor] Getting Response
# ** MESSAGE: ../tb/sv/fpu_monitor.sv{127) @ 3370: env.monitor [env.monitor] response: FPU Response: a=1.#QNAN0e+000, b=1.#QNAN0e+000, op=OP_MUL, round = ROUND_EVEN, result = 1.#QNAN0e+000 with status =01000011
# ** MESSAGE: @ 3370: env.comparator [Comparator Match] FPU Response: a=1.#QNAN0e+000, b=1.#QNAN0e+000, op=OP_MUL, round = ROUND_EVEN, result = 1.#QNAN0e+000 with status =00000000
# ** MESSAGE: ../tb/sv/fpu_coverage.sv{137) @ 3370: env.coverage [env.coverage] cover respose: FPU Response: a=1.#QNAN0e+000, b=1.#QNAN0e+000, op=OP_MUL, round = ROUND_EVEN, result = 1.#QNAN0e+000 with status =01000011
# ** MESSAGE: ../tb/sv/fpu_monitor.sv{51) @ 3510: env.monitor [env.monitor] Getting Request
# ** MESSAGE: ../tb/sv/fpu_monitor.sv{87) @ 3510: env.monitor [monitor] request: FPU Request: a=1.482933e-031, b=-9.496290e-013, op=OP_ADD, round = ROUND_DOWN
# ** MESSAGE: ../tb/sv/fpu_tlm_adapter.sv{51) @ 3510: env.adapter [Adapter] master --> request: FPU Request: a=1.482933e-031, b=-9.496290e-013, op=OP_ADD, round = ROUND_DOWN
# ** MESSAGE: ../tb/sv/fpu_tlm_dpi_c.sv{47) @ 3510: env.TLM [tlm] TLM request: FPU Request: a=1.482933e-031, b=-9.496290e-013, op=OP_ADD, round = ROUND_DOWN
# ** MESSAGE: ../tb/sv/fpu_tlm_dpi_c.sv{53) @ 3510: env.TLM [tlm] TLM response: FPU Response: a=1.482933e-031, b=-9.496290e-013, op=OP_ADD, round = ROUND_DOWN, result = -9.496290e-013 with status =00000000
# ** MESSAGE: ../tb/sv/fpu_tlm_adapter.sv{59) @ 3510: env.adapter [Master] master <-- response: FPU Response: a=1.482933e-031, b=-9.496290e-013, op=OP_ADD, round = ROUND_DOWN, result = -9.496290e-013 with status =00000000
# ** MESSAGE: ../tb/sv/fpu_driver.sv{74) @ 3515: env.driver [driver] Waiting for Response
# ** MESSAGE: ../tb/sv/fpu_driver.sv{79) @ 3590: env.driver [driver] Putting Response
# ** MESSAGE: ../tb/sv/fpu_master.sv{147) @ 3590: env.master [Master] master response: FPU Response: a=1.482933e-031, b=-9.496290e-013, op=OP_ADD, round = ROUND_DOWN, result = -9.496290e-013 with status =00000001
# ** MESSAGE: ../tb/sv/fpu_master.sv{140) @ 3590: env.master [Master] master request: FPU Request: a=-1.#QNAN0e+000, b=0.000000e+000, op=OP_SUB, round = ROUND_UP
# ** MESSAGE: ../tb/sv/fpu_driver.sv{66) @ 3600: env.driver [driver] Getting Request
# ** MESSAGE: ../tb/sv/fpu_driver.sv{69) @ 3600: env.driver [driver] Issuing Request
# ** MESSAGE: ../tb/sv/fpu_monitor.sv{57) @ 3600: env.monitor [env.monitor] Getting Response
# ** MESSAGE: ../tb/sv/fpu_monitor.sv{127) @ 3600: env.monitor [env.monitor] response: FPU Response: a=1.482933e-031, b=-9.496290e-013, op=OP_ADD, round = ROUND_DOWN, result = -9.496290e-013 with status =00000001
# ** MESSAGE: @ 3600: env.comparator [Comparator Match] FPU Response: a=1.482933e-031, b=-9.496290e-013, op=OP_ADD, round = ROUND_DOWN, result = -9.496290e-013 with status =00000000
# ** MESSAGE: ../tb/sv/fpu_coverage.sv{137) @ 3600: env.coverage [env.coverage] cover respose: FPU Response: a=1.482933e-031, b=-9.496290e-013, op=OP_ADD, round = ROUND_DOWN, result = -9.496290e-013 with status =00000001
# ** MESSAGE: ../tb/sv/fpu_monitor.sv{51) @ 3770: env.monitor [env.monitor] Getting Request
# ** MESSAGE: ../tb/sv/fpu_monitor.sv{87) @ 3770: env.monitor [monitor] request: FPU Request: a=-1.#QNAN0e+000, b=0.000000e+000, op=OP_SUB, round = ROUND_UP
# ** MESSAGE: ../tb/sv/fpu_tlm_adapter.sv{51) @ 3770: env.adapter [Adapter] master --> request: FPU Request: a=-1.#QNAN0e+000, b=0.000000e+000, op=OP_SUB, round = ROUND_UP
# ** MESSAGE: ../tb/sv/fpu_tlm_dpi_c.sv{47) @ 3770: env.TLM [tlm] TLM request: FPU Request: a=-1.#QNAN0e+000, b=0.000000e+000, op=OP_SUB, round = ROUND_UP
# ** MESSAGE: ../tb/sv/fpu_tlm_dpi_c.sv{53) @ 3770: env.TLM [tlm] TLM response: FPU Response: a=-1.#QNAN0e+000, b=0.000000e+000, op=OP_SUB, round = ROUND_UP, result = -1.#QNAN0e+000 with status =00000000
# ** MESSAGE: ../tb/sv/fpu_tlm_adapter.sv{59) @ 3770: env.adapter [Master] master <-- response: FPU Response: a=-1.#QNAN0e+000, b=0.000000e+000, op=OP_SUB, round = ROUND_UP, result = -1.#QNAN0e+000 with status =00000000
# ** MESSAGE: ../tb/sv/fpu_driver.sv{74) @ 3775: env.driver [driver] Waiting for Response
# ** MESSAGE: ../tb/sv/fpu_driver.sv{79) @ 3850: env.driver [driver] Putting Response
# ** MESSAGE: ../tb/sv/fpu_master.sv{147) @ 3850: env.master [Master] master response: FPU Response: a=-1.#QNAN0e+000, b=0.000000e+000, op=OP_SUB, round = ROUND_UP, result = -1.#IND00e+000 with status =01000000
# ** MESSAGE: ../tb/sv/fpu_master.sv{140) @ 3850: env.master [Master] master request: FPU Request: a=-6.827695e-012, b=1.632895e+013, op=OP_DIV, round = ROUND_DOWN
# ** MESSAGE: ../tb/sv/fpu_driver.sv{66) @ 3860: env.driver [driver] Getting Request
# ** MESSAGE: ../tb/sv/fpu_driver.sv{69) @ 3860: env.driver [driver] Issuing Request
# ** MESSAGE: ../tb/sv/fpu_monitor.sv{57) @ 3860: env.monitor [env.monitor] Getting Response
# ** MESSAGE: ../tb/sv/fpu_monitor.sv{127) @ 3860: env.monitor [env.monitor] response: FPU Response: a=-1.#QNAN0e+000, b=0.000000e+000, op=OP_SUB, round = ROUND_UP, result = -1.#IND00e+000 with status =01000000
# ** MESSAGE: @ 3860: env.comparator [Comparator Match] FPU Response: a=-1.#QNAN0e+000, b=0.000000e+000, op=OP_SUB, round = ROUND_UP, result = -1.#QNAN0e+000 with status =00000000
# ** MESSAGE: ../tb/sv/fpu_coverage.sv{137) @ 3860: env.coverage [env.coverage] cover respose: FPU Response: a=-1.#QNAN0e+000, b=0.000000e+000, op=OP_SUB, round = ROUND_UP, result = -1.#IND00e+000 with status =01000000
# ** MESSAGE: ../tb/sv/fpu_monitor.sv{51) @ 3880: env.monitor [env.monitor] Getting Request
# ** MESSAGE: ../tb/sv/fpu_monitor.sv{87) @ 3880: env.monitor [monitor] request: FPU Request: a=-6.827695e-012, b=1.632895e+013, op=OP_DIV, round = ROUND_DOWN
# ** MESSAGE: ../tb/sv/fpu_tlm_adapter.sv{51) @ 3880: env.adapter [Adapter] master --> request: FPU Request: a=-6.827695e-012, b=1.632895e+013, op=OP_DIV, round = ROUND_DOWN
# ** MESSAGE: ../tb/sv/fpu_tlm_dpi_c.sv{47) @ 3880: env.TLM [tlm] TLM request: FPU Request: a=-6.827695e-012, b=1.632895e+013, op=OP_DIV, round = ROUND_DOWN
# ** MESSAGE: ../tb/sv/fpu_tlm_dpi_c.sv{53) @ 3880: env.TLM [tlm] TLM response: FPU Response: a=-6.827695e-012, b=1.632895e+013, op=OP_DIV, round = ROUND_DOWN, result = -4.181344e-025 with status =00000000
# ** MESSAGE: ../tb/sv/fpu_tlm_adapter.sv{59) @ 3880: env.adapter [Master] master <-- response: FPU Response: a=-6.827695e-012, b=1.632895e+013, op=OP_DIV, round = ROUND_DOWN, result = -4.181344e-025 with status =00000000
# ** MESSAGE: ../tb/sv/fpu_driver.sv{74) @ 3885: env.driver [driver] Waiting for Response
# ** MESSAGE: ../tb/sv/fpu_driver.sv{79) @ 4230: env.driver [driver] Putting Response
# ** MESSAGE: ../tb/sv/fpu_master.sv{147) @ 4230: env.master [Master] master response: FPU Response: a=-6.827695e-012, b=1.632895e+013, op=OP_DIV, round = ROUND_DOWN, result = -4.181344e-025 with status =00000001
# ** MESSAGE: ../tb/sv/fpu_master.sv{140) @ 4230: env.master [Master] master request: FPU Request: a=1.#QNAN0e+000, b=8.943837e-025, op=OP_ADD, round = ROUND_ZERO
# ** MESSAGE: ../tb/sv/fpu_driver.sv{66) @ 4240: env.driver [driver] Getting Request
# ** MESSAGE: ../tb/sv/fpu_driver.sv{69) @ 4240: env.driver [driver] Issuing Request
# ** MESSAGE: ../tb/sv/fpu_monitor.sv{57) @ 4240: env.monitor [env.monitor] Getting Response
# ** MESSAGE: ../tb/sv/fpu_monitor.sv{127) @ 4240: env.monitor [env.monitor] response: FPU Response: a=-6.827695e-012, b=1.632895e+013, op=OP_DIV, round = ROUND_DOWN, result = -4.181344e-025 with status =00000001
# ** MESSAGE: @ 4240: env.comparator [Comparator Match] FPU Response: a=-6.827695e-012, b=1.632895e+013, op=OP_DIV, round = ROUND_DOWN, result = -4.181344e-025 with status =00000000
# ** MESSAGE: ../tb/sv/fpu_coverage.sv{137) @ 4240: env.coverage [env.coverage] cover respose: FPU Response: a=-6.827695e-012, b=1.632895e+013, op=OP_DIV, round = ROUND_DOWN, result = -4.181344e-025 with status =00000001
# ** MESSAGE: ../tb/sv/fpu_monitor.sv{51) @ 4250: env.monitor [env.monitor] Getting Request
# ** MESSAGE: ../tb/sv/fpu_monitor.sv{87) @ 4250: env.monitor [monitor] request: FPU Request: a=1.#QNAN0e+000, b=8.943837e-025, op=OP_ADD, round = ROUND_ZERO
# ** MESSAGE: ../tb/sv/fpu_tlm_adapter.sv{51) @ 4250: env.adapter [Adapter] master --> request: FPU Request: a=1.#QNAN0e+000, b=8.943837e-025, op=OP_ADD, round = ROUND_ZERO
# ** MESSAGE: ../tb/sv/fpu_tlm_dpi_c.sv{47) @ 4250: env.TLM [tlm] TLM request: FPU Request: a=1.#QNAN0e+000, b=8.943837e-025, op=OP_ADD, round = ROUND_ZERO
# ** MESSAGE: ../tb/sv/fpu_tlm_dpi_c.sv{53) @ 4250: env.TLM [tlm] TLM response: FPU Response: a=1.#QNAN0e+000, b=8.943837e-025, op=OP_ADD, round = ROUND_ZERO, result = 1.#QNAN0e+000 with status =00000000
# ** MESSAGE: ../tb/sv/fpu_tlm_adapter.sv{59) @ 4250: env.adapter [Master] master <-- response: FPU Response: a=1.#QNAN0e+000, b=8.943837e-025, op=OP_ADD, round = ROUND_ZERO, result = 1.#QNAN0e+000 with status =00000000
# ** MESSAGE: ../tb/sv/fpu_driver.sv{74) @ 4255: env.driver [driver] Waiting for Response
# ** MESSAGE: ../tb/sv/fpu_driver.sv{79) @ 4330: env.driver [driver] Putting Response
# ** MESSAGE: ../tb/sv/fpu_master.sv{147) @ 4330: env.master [Master] master response: FPU Response: a=1.#QNAN0e+000, b=8.943837e-025, op=OP_ADD, round = ROUND_ZERO, result = 1.#QNAN0e+000 with status =01000000
# ** MESSAGE: ../tb/sv/fpu_master.sv{140) @ 4330: env.master [Master] master request: FPU Request: a=-2.294252e-011, b=0.000000e+000, op=OP_MUL, round = ROUND_EVEN
# ** MESSAGE: ../tb/sv/fpu_driver.sv{66) @ 4340: env.driver [driver] Getting Request
# ** MESSAGE: ../tb/sv/fpu_driver.sv{69) @ 4340: env.driver [driver] Issuing Request
# ** MESSAGE: ../tb/sv/fpu_monitor.sv{57) @ 4340: env.monitor [env.monitor] Getting Response
# ** MESSAGE: ../tb/sv/fpu_monitor.sv{127) @ 4340: env.monitor [env.monitor] response: FPU Response: a=1.#QNAN0e+000, b=8.943837e-025, op=OP_ADD, round = ROUND_ZERO, result = 1.#QNAN0e+000 with status =01000000
# ** MESSAGE: @ 4340: env.comparator [Comparator Match] FPU Response: a=1.#QNAN0e+000, b=8.943837e-025, op=OP_ADD, round = ROUND_ZERO, result = 1.#QNAN0e+000 with status =00000000
# ** MESSAGE: ../tb/sv/fpu_coverage.sv{137) @ 4340: env.coverage [env.coverage] cover respose: FPU Response: a=1.#QNAN0e+000, b=8.943837e-025, op=OP_ADD, round = ROUND_ZERO, result = 1.#QNAN0e+000 with status =01000000
# ** MESSAGE: ../tb/sv/fpu_monitor.sv{51) @ 4460: env.monitor [env.monitor] Getting Request
# ** MESSAGE: ../tb/sv/fpu_monitor.sv{87) @ 4460: env.monitor [monitor] request: FPU Request: a=-2.294252e-011, b=0.000000e+000, op=OP_MUL, round = ROUND_EVEN
# ** MESSAGE: ../tb/sv/fpu_tlm_adapter.sv{51) @ 4460: env.adapter [Adapter] master --> request: FPU Request: a=-2.294252e-011, b=0.000000e+000, op=OP_MUL, round = ROUND_EVEN
# ** MESSAGE: ../tb/sv/fpu_tlm_dpi_c.sv{47) @ 4460: env.TLM [tlm] TLM request: FPU Request: a=-2.294252e-011, b=0.000000e+000, op=OP_MUL, round = ROUND_EVEN
# ** MESSAGE: ../tb/sv/fpu_tlm_dpi_c.sv{53) @ 4460: env.TLM [tlm] TLM response: FPU Response: a=-2.294252e-011, b=0.000000e+000, op=OP_MUL, round = ROUND_EVEN, result = 0.000000e+000 with status =00000000
# ** MESSAGE: ../tb/sv/fpu_tlm_adapter.sv{59) @ 4460: env.adapter [Master] master <-- response: FPU Response: a=-2.294252e-011, b=0.000000e+000, op=OP_MUL, round = ROUND_EVEN, result = 0.000000e+000 with status =00000000
# ** MESSAGE: ../tb/sv/fpu_driver.sv{74) @ 4465: env.driver [driver] Waiting for Response
# ** MESSAGE: ../tb/sv/fpu_driver.sv{79) @ 4590: env.driver [driver] Putting Response
# ** MESSAGE: ../tb/sv/fpu_master.sv{147) @ 4590: env.master [Master] master response: FPU Response: a=-2.294252e-011, b=0.000000e+000, op=OP_MUL, round = ROUND_EVEN, result = 0.000000e+000 with status =00100000
# ** MESSAGE: ../tb/sv/fpu_master.sv{140) @ 4590: env.master [Master] master request: FPU Request: a=0.000000e+000, b=-1.225767e+017, op=OP_DIV, round = ROUND_ZERO
# ** MESSAGE: ../tb/sv/fpu_driver.sv{66) @ 4600: env.driver [driver] Getting Request
# ** MESSAGE: ../tb/sv/fpu_driver.sv{69) @ 4600: env.driver [driver] Issuing Request
# ** MESSAGE: ../tb/sv/fpu_monitor.sv{57) @ 4600: env.monitor [env.monitor] Getting Response
# ** MESSAGE: ../tb/sv/fpu_monitor.sv{127) @ 4600: env.monitor [env.monitor] response: FPU Response: a=-2.294252e-011, b=0.000000e+000, op=OP_MUL, round = ROUND_EVEN, result = 0.000000e+000 with status =00100000
# ** MESSAGE: @ 4600: env.comparator [Comparator Match] FPU Response: a=-2.294252e-011, b=0.000000e+000, op=OP_MUL, round = ROUND_EVEN, result = 0.000000e+000 with status =00000000
# ** MESSAGE: ../tb/sv/fpu_coverage.sv{137) @ 4600: env.coverage [env.coverage] cover respose: FPU Response: a=-2.294252e-011, b=0.000000e+000, op=OP_MUL, round = ROUND_EVEN, result = 0.000000e+000 with status =00100000
# ** MESSAGE: ../tb/sv/fpu_monitor.sv{51) @ 4690: env.monitor [env.monitor] Getting Request
# ** MESSAGE: ../tb/sv/fpu_monitor.sv{87) @ 4690: env.monitor [monitor] request: FPU Request: a=0.000000e+000, b=-1.225767e+017, op=OP_DIV, round = ROUND_ZERO
# ** MESSAGE: ../tb/sv/fpu_tlm_adapter.sv{51) @ 4690: env.adapter [Adapter] master --> request: FPU Request: a=0.000000e+000, b=-1.225767e+017, op=OP_DIV, round = ROUND_ZERO
# ** MESSAGE: ../tb/sv/fpu_tlm_dpi_c.sv{47) @ 4690: env.TLM [tlm] TLM request: FPU Request: a=0.000000e+000, b=-1.225767e+017, op=OP_DIV, round = ROUND_ZERO
# ** MESSAGE: ../tb/sv/fpu_tlm_dpi_c.sv{53) @ 4690: env.TLM [tlm] TLM response: FPU Response: a=0.000000e+000, b=-1.225767e+017, op=OP_DIV, round = ROUND_ZERO, result = 0.000000e+000 with status =00000000
# ** MESSAGE: ../tb/sv/fpu_tlm_adapter.sv{59) @ 4690: env.adapter [Master] master <-- response: FPU Response: a=0.000000e+000, b=-1.225767e+017, op=OP_DIV, round = ROUND_ZERO, result = 0.000000e+000 with status =00000000
# ** MESSAGE: ../tb/sv/fpu_driver.sv{74) @ 4695: env.driver [driver] Waiting for Response
# ** MESSAGE: ../tb/sv/fpu_driver.sv{79) @ 5040: env.driver [driver] Putting Response
# ** MESSAGE: ../tb/sv/fpu_master.sv{147) @ 5040: env.master [Master] master response: FPU Response: a=0.000000e+000, b=-1.225767e+017, op=OP_DIV, round = ROUND_ZERO, result = 0.000000e+000 with status =00100000
# ** MESSAGE: ../tb/sv/fpu_master.sv{140) @ 5040: env.master [Master] master request: FPU Request: a=3.899504e+035, b=-5.092542e+027, op=OP_SQR, round = ROUND_UP
# ** MESSAGE: ../tb/sv/fpu_driver.sv{66) @ 5050: env.driver [driver] Getting Request
# ** MESSAGE: ../tb/sv/fpu_driver.sv{69) @ 5050: env.driver [driver] Issuing Request
# ** MESSAGE: ../tb/sv/fpu_monitor.sv{57) @ 5050: env.monitor [env.monitor] Getting Response
# ** MESSAGE: ../tb/sv/fpu_monitor.sv{127) @ 5050: env.monitor [env.monitor] response: FPU Response: a=0.000000e+000, b=-1.225767e+017, op=OP_DIV, round = ROUND_ZERO, result = 0.000000e+000 with status =00100000
# ** MESSAGE: @ 5050: env.comparator [Comparator Match] FPU Response: a=0.000000e+000, b=-1.225767e+017, op=OP_DIV, round = ROUND_ZERO, result = 0.000000e+000 with status =00000000
# ** MESSAGE: ../tb/sv/fpu_coverage.sv{137) @ 5050: env.coverage [env.coverage] cover respose: FPU Response: a=0.000000e+000, b=-1.225767e+017, op=OP_DIV, round = ROUND_ZERO, result = 0.000000e+000 with status =00100000
# ** MESSAGE: ../tb/sv/fpu_monitor.sv{51) @ 5140: env.monitor [env.monitor] Getting Request
# ** MESSAGE: ../tb/sv/fpu_monitor.sv{87) @ 5140: env.monitor [monitor] request: FPU Request: a=3.899504e+035, b=-5.092542e+027, op=OP_SQR, round = ROUND_UP
# ** MESSAGE: ../tb/sv/fpu_tlm_adapter.sv{51) @ 5140: env.adapter [Adapter] master --> request: FPU Request: a=3.899504e+035, b=-5.092542e+027, op=OP_SQR, round = ROUND_UP
# ** MESSAGE: ../tb/sv/fpu_tlm_dpi_c.sv{47) @ 5140: env.TLM [tlm] TLM request: FPU Request: a=3.899504e+035, b=-5.092542e+027, op=OP_SQR, round = ROUND_UP
# ** MESSAGE: ../tb/sv/fpu_tlm_dpi_c.sv{53) @ 5140: env.TLM [tlm] TLM response: FPU Response: a=3.899504e+035, b=-5.092542e+027, op=OP_SQR, round = ROUND_UP, result = 6.244601e+017 with status =00000000
# ** MESSAGE: ../tb/sv/fpu_tlm_adapter.sv{59) @ 5140: env.adapter [Master] master <-- response: FPU Response: a=3.899504e+035, b=-5.092542e+027, op=OP_SQR, round = ROUND_UP, result = 6.244601e+017 with status =00000000
# ** MESSAGE: ../tb/sv/fpu_driver.sv{74) @ 5145: env.driver [driver] Waiting for Response
# ** MESSAGE: ../tb/sv/fpu_driver.sv{79) @ 5490: env.driver [driver] Putting Response
# ** MESSAGE: ../tb/sv/fpu_master.sv{147) @ 5490: env.master [Master] master response: FPU Response: a=3.899504e+035, b=-5.092542e+027, op=OP_SQR, round = ROUND_UP, result = 6.244601e+017 with status =00000001
# ** MESSAGE: ../tb/sv/fpu_coverage.sv{147) @ 5490: env.coverage [coverage report]         94 percent covered
# 
# --- AVM Report Summary ---
# 
# ** Report counts by severity
# MESSAGE  :  285
# WARNING  :    0
# ERROR    :    0
# FATAL    :    0
# ** Report counts by id
# [Adapter             ]    18
# [Comparator Match    ]    17
# [Master              ]    54
# [coverage report     ]     1
# [driver              ]    72
# [env.coverage        ]    17
# [env.monitor         ]    52
# [monitor             ]    18
# [tlm                 ]    36
# ** MESSAGE: ../tb/sv/fpu_rtl_env.sv{124) @ 5490: env [avm_env] Finished Test
# vsim -assertdebug -coverage -displaymsgmode both -sv_seed 4 -sv_lib fpu_tlm_dpi_c optimized 
# Loading sv_std.std
# Loading sv_std.mti_fli
# Loading mtiAvm.avm_pkg(fast)
# Loading work.fpu_sv_pkg(fast)
# Loading work.fpu_tr_pkg(fast)
# Loading work.fpu_tlm_pkg(fast)
# Loading work.fpu_env_pkg(fast)
# Loading work.top(fast)
# Loading work.fpu_pin_if(fast)
# Loading std.standard
# Loading ieee.std_logic_1164(body)
# Loading ieee.numeric_std(body)
# Loading synopsys.attributes
# Loading ieee.std_logic_misc(body)
# Loading ieee.std_logic_arith(body)
# Loading ieee.std_logic_unsigned(body)
# Loading work.fpupack(body)
# Loading work.comppack
# Loading work.fpu(rtl)#1
# Loading work.pre_norm_addsub(rtl)
# Loading work.addsub_28(rtl)
# Loading work.post_norm_addsub(rtl)
# Loading work.pre_norm_mul(rtl)
# Loading work.mul_24(rtl)
# Loading work.serial_mul(rtl)
# Loading work.post_norm_mul(rtl)
# Loading work.pre_norm_div(rtl)
# Loading work.serial_div(rtl)
# Loading work.post_norm_div(rtl)
# Loading work.pre_norm_sqrt(rtl)
# Loading work.sqrt(rtl)#1
# Loading work.post_norm_sqrt(rtl)
# Loading .\fpu_tlm_dpi_c.dll
# Using seed : 4 
