# ----------------------------------------------------------------
# AVM-3.0-update-2-MTI  (C) 2005-2007 Mentor Graphics Corporation
# ----------------------------------------------------------------
# ** MESSAGE: ../tb/sv/fpu_master.sv{140) @ 0: env.master [Master] master request: FPU Request: a=1.#QNAN0e+000, b=0.000000e+000, op=OP_DIV, round = ROUND_ZERO
# ** MESSAGE: ../tb/sv/fpu_driver.sv{66) @ 15: env.driver [driver] Getting Request
# ** MESSAGE: ../tb/sv/fpu_driver.sv{69) @ 15: env.driver [driver] Issuing Request
# ** MESSAGE: ../tb/sv/fpu_monitor.sv{51) @ 70: env.monitor [env.monitor] Getting Request
# ** MESSAGE: ../tb/sv/fpu_monitor.sv{87) @ 70: env.monitor [monitor] request: FPU Request: a=1.#QNAN0e+000, b=0.000000e+000, op=OP_DIV, round = ROUND_ZERO
# ** MESSAGE: ../tb/sv/fpu_tlm_adapter.sv{51) @ 70: env.adapter [Adapter] master --> request: FPU Request: a=1.#QNAN0e+000, b=0.000000e+000, op=OP_DIV, round = ROUND_ZERO
# ** MESSAGE: ../tb/sv/fpu_tlm_dpi_c.sv{47) @ 70: env.TLM [tlm] TLM request: FPU Request: a=1.#QNAN0e+000, b=0.000000e+000, op=OP_DIV, round = ROUND_ZERO
# ** MESSAGE: ../tb/sv/fpu_tlm_dpi_c.sv{53) @ 70: env.TLM [tlm] TLM response: FPU Response: a=1.#QNAN0e+000, b=0.000000e+000, op=OP_DIV, round = ROUND_ZERO, result = 1.#QNAN0e+000 with status =00000000
# ** MESSAGE: ../tb/sv/fpu_tlm_adapter.sv{59) @ 70: env.adapter [Master] master <-- response: FPU Response: a=1.#QNAN0e+000, b=0.000000e+000, op=OP_DIV, round = ROUND_ZERO, result = 1.#QNAN0e+000 with status =00000000
# ** MESSAGE: ../tb/sv/fpu_driver.sv{74) @ 75: env.driver [driver] Waiting for Response
# ** MESSAGE: ../tb/sv/fpu_driver.sv{79) @ 420: env.driver [driver] Putting Response
# ** MESSAGE: ../tb/sv/fpu_master.sv{147) @ 420: env.master [Master] master response: FPU Response: a=1.#QNAN0e+000, b=0.000000e+000, op=OP_DIV, round = ROUND_ZERO, result = -1.#IND00e+000 with status =01001000
# ** MESSAGE: ../tb/sv/fpu_master.sv{140) @ 420: env.master [Master] master request: FPU Request: a=1.#QNAN0e+000, b=-5.656202e-010, op=OP_DIV, round = ROUND_ZERO
# ** MESSAGE: ../tb/sv/fpu_driver.sv{66) @ 430: env.driver [driver] Getting Request
# ** MESSAGE: ../tb/sv/fpu_driver.sv{69) @ 430: env.driver [driver] Issuing Request
# ** MESSAGE: ../tb/sv/fpu_monitor.sv{57) @ 430: env.monitor [env.monitor] Getting Response
# ** MESSAGE: ../tb/sv/fpu_monitor.sv{127) @ 430: env.monitor [env.monitor] response: FPU Response: a=1.#QNAN0e+000, b=0.000000e+000, op=OP_DIV, round = ROUND_ZERO, result = -1.#IND00e+000 with status =01001000
# ** MESSAGE: @ 430: env.comparator [Comparator Match] FPU Response: a=1.#QNAN0e+000, b=0.000000e+000, op=OP_DIV, round = ROUND_ZERO, result = 1.#QNAN0e+000 with status =00000000
# ** MESSAGE: ../tb/sv/fpu_coverage.sv{137) @ 430: env.coverage [env.coverage] cover respose: FPU Response: a=1.#QNAN0e+000, b=0.000000e+000, op=OP_DIV, round = ROUND_ZERO, result = -1.#IND00e+000 with status =01001000
# ** MESSAGE: ../tb/sv/fpu_monitor.sv{51) @ 580: env.monitor [env.monitor] Getting Request
# ** MESSAGE: ../tb/sv/fpu_monitor.sv{87) @ 580: env.monitor [monitor] request: FPU Request: a=1.#QNAN0e+000, b=-5.656202e-010, op=OP_DIV, round = ROUND_ZERO
# ** MESSAGE: ../tb/sv/fpu_tlm_adapter.sv{51) @ 580: env.adapter [Adapter] master --> request: FPU Request: a=1.#QNAN0e+000, b=-5.656202e-010, op=OP_DIV, round = ROUND_ZERO
# ** MESSAGE: ../tb/sv/fpu_tlm_dpi_c.sv{47) @ 580: env.TLM [tlm] TLM request: FPU Request: a=1.#QNAN0e+000, b=-5.656202e-010, op=OP_DIV, round = ROUND_ZERO
# ** MESSAGE: ../tb/sv/fpu_tlm_dpi_c.sv{53) @ 580: env.TLM [tlm] TLM response: FPU Response: a=1.#QNAN0e+000, b=-5.656202e-010, op=OP_DIV, round = ROUND_ZERO, result = 1.#QNAN0e+000 with status =00000000
# ** MESSAGE: ../tb/sv/fpu_tlm_adapter.sv{59) @ 580: env.adapter [Master] master <-- response: FPU Response: a=1.#QNAN0e+000, b=-5.656202e-010, op=OP_DIV, round = ROUND_ZERO, result = 1.#QNAN0e+000 with status =00000000
# ** MESSAGE: ../tb/sv/fpu_driver.sv{74) @ 585: env.driver [driver] Waiting for Response
# ** MESSAGE: ../tb/sv/fpu_driver.sv{79) @ 930: env.driver [driver] Putting Response
# ** MESSAGE: ../tb/sv/fpu_master.sv{147) @ 930: env.master [Master] master response: FPU Response: a=1.#QNAN0e+000, b=-5.656202e-010, op=OP_DIV, round = ROUND_ZERO, result = -1.#IND00e+000 with status =01000011
# ** MESSAGE: ../tb/sv/fpu_master.sv{140) @ 930: env.master [Master] master request: FPU Request: a=2.969278e-028, b=-1.#QNAN0e+000, op=OP_MUL, round = ROUND_DOWN
# ** MESSAGE: ../tb/sv/fpu_driver.sv{66) @ 940: env.driver [driver] Getting Request
# ** MESSAGE: ../tb/sv/fpu_driver.sv{69) @ 940: env.driver [driver] Issuing Request
# ** MESSAGE: ../tb/sv/fpu_monitor.sv{57) @ 940: env.monitor [env.monitor] Getting Response
# ** MESSAGE: ../tb/sv/fpu_monitor.sv{127) @ 940: env.monitor [env.monitor] response: FPU Response: a=1.#QNAN0e+000, b=-5.656202e-010, op=OP_DIV, round = ROUND_ZERO, result = -1.#IND00e+000 with status =01000011
# ** MESSAGE: @ 940: env.comparator [Comparator Match] FPU Response: a=1.#QNAN0e+000, b=-5.656202e-010, op=OP_DIV, round = ROUND_ZERO, result = 1.#QNAN0e+000 with status =00000000
# ** MESSAGE: ../tb/sv/fpu_coverage.sv{137) @ 940: env.coverage [env.coverage] cover respose: FPU Response: a=1.#QNAN0e+000, b=-5.656202e-010, op=OP_DIV, round = ROUND_ZERO, result = -1.#IND00e+000 with status =01000011
# ** MESSAGE: ../tb/sv/fpu_monitor.sv{51) @ 1050: env.monitor [env.monitor] Getting Request
# ** MESSAGE: ../tb/sv/fpu_monitor.sv{87) @ 1050: env.monitor [monitor] request: FPU Request: a=2.969278e-028, b=-1.#QNAN0e+000, op=OP_MUL, round = ROUND_DOWN
# ** MESSAGE: ../tb/sv/fpu_tlm_adapter.sv{51) @ 1050: env.adapter [Adapter] master --> request: FPU Request: a=2.969278e-028, b=-1.#QNAN0e+000, op=OP_MUL, round = ROUND_DOWN
# ** MESSAGE: ../tb/sv/fpu_tlm_dpi_c.sv{47) @ 1050: env.TLM [tlm] TLM request: FPU Request: a=2.969278e-028, b=-1.#QNAN0e+000, op=OP_MUL, round = ROUND_DOWN
# ** MESSAGE: ../tb/sv/fpu_tlm_dpi_c.sv{53) @ 1050: env.TLM [tlm] TLM response: FPU Response: a=2.969278e-028, b=-1.#QNAN0e+000, op=OP_MUL, round = ROUND_DOWN, result = -1.#QNAN0e+000 with status =00000000
# ** MESSAGE: ../tb/sv/fpu_tlm_adapter.sv{59) @ 1050: env.adapter [Master] master <-- response: FPU Response: a=2.969278e-028, b=-1.#QNAN0e+000, op=OP_MUL, round = ROUND_DOWN, result = -1.#QNAN0e+000 with status =00000000
# ** MESSAGE: ../tb/sv/fpu_driver.sv{74) @ 1055: env.driver [driver] Waiting for Response
# ** MESSAGE: ../tb/sv/fpu_driver.sv{79) @ 1180: env.driver [driver] Putting Response
# ** MESSAGE: ../tb/sv/fpu_master.sv{147) @ 1180: env.master [Master] master response: FPU Response: a=2.969278e-028, b=-1.#QNAN0e+000, op=OP_MUL, round = ROUND_DOWN, result = -1.#IND00e+000 with status =01000011
# ** MESSAGE: ../tb/sv/fpu_master.sv{140) @ 1180: env.master [Master] master request: FPU Request: a=1.629198e+028, b=3.322731e+010, op=OP_SQR, round = ROUND_EVEN
# ** MESSAGE: ../tb/sv/fpu_driver.sv{66) @ 1190: env.driver [driver] Getting Request
# ** MESSAGE: ../tb/sv/fpu_driver.sv{69) @ 1190: env.driver [driver] Issuing Request
# ** MESSAGE: ../tb/sv/fpu_monitor.sv{57) @ 1190: env.monitor [env.monitor] Getting Response
# ** MESSAGE: ../tb/sv/fpu_monitor.sv{127) @ 1190: env.monitor [env.monitor] response: FPU Response: a=2.969278e-028, b=-1.#QNAN0e+000, op=OP_MUL, round = ROUND_DOWN, result = -1.#IND00e+000 with status =01000011
# ** MESSAGE: @ 1190: env.comparator [Comparator Match] FPU Response: a=2.969278e-028, b=-1.#QNAN0e+000, op=OP_MUL, round = ROUND_DOWN, result = -1.#QNAN0e+000 with status =00000000
# ** MESSAGE: ../tb/sv/fpu_coverage.sv{137) @ 1190: env.coverage [env.coverage] cover respose: FPU Response: a=2.969278e-028, b=-1.#QNAN0e+000, op=OP_MUL, round = ROUND_DOWN, result = -1.#IND00e+000 with status =01000011
# ** MESSAGE: ../tb/sv/fpu_monitor.sv{51) @ 1230: env.monitor [env.monitor] Getting Request
# ** MESSAGE: ../tb/sv/fpu_monitor.sv{87) @ 1230: env.monitor [monitor] request: FPU Request: a=1.629198e+028, b=3.322731e+010, op=OP_SQR, round = ROUND_EVEN
# ** MESSAGE: ../tb/sv/fpu_tlm_adapter.sv{51) @ 1230: env.adapter [Adapter] master --> request: FPU Request: a=1.629198e+028, b=3.322731e+010, op=OP_SQR, round = ROUND_EVEN
# ** MESSAGE: ../tb/sv/fpu_tlm_dpi_c.sv{47) @ 1230: env.TLM [tlm] TLM request: FPU Request: a=1.629198e+028, b=3.322731e+010, op=OP_SQR, round = ROUND_EVEN
# ** MESSAGE: ../tb/sv/fpu_tlm_dpi_c.sv{53) @ 1230: env.TLM [tlm] TLM response: FPU Response: a=1.629198e+028, b=3.322731e+010, op=OP_SQR, round = ROUND_EVEN, result = 1.276400e+014 with status =00000000
# ** MESSAGE: ../tb/sv/fpu_tlm_adapter.sv{59) @ 1230: env.adapter [Master] master <-- response: FPU Response: a=1.629198e+028, b=3.322731e+010, op=OP_SQR, round = ROUND_EVEN, result = 1.276400e+014 with status =00000000
# ** MESSAGE: ../tb/sv/fpu_driver.sv{74) @ 1235: env.driver [driver] Waiting for Response
# ** MESSAGE: ../tb/sv/fpu_driver.sv{79) @ 1580: env.driver [driver] Putting Response
# ** MESSAGE: ../tb/sv/fpu_master.sv{147) @ 1580: env.master [Master] master response: FPU Response: a=1.629198e+028, b=3.322731e+010, op=OP_SQR, round = ROUND_EVEN, result = 1.276400e+014 with status =00000001
# ** MESSAGE: ../tb/sv/fpu_master.sv{140) @ 1580: env.master [Master] master request: FPU Request: a=-4.635096e-007, b=1.#QNAN0e+000, op=OP_ADD, round = ROUND_DOWN
# ** MESSAGE: ../tb/sv/fpu_driver.sv{66) @ 1590: env.driver [driver] Getting Request
# ** MESSAGE: ../tb/sv/fpu_driver.sv{69) @ 1590: env.driver [driver] Issuing Request
# ** MESSAGE: ../tb/sv/fpu_monitor.sv{57) @ 1590: env.monitor [env.monitor] Getting Response
# ** MESSAGE: ../tb/sv/fpu_monitor.sv{127) @ 1590: env.monitor [env.monitor] response: FPU Response: a=1.629198e+028, b=3.322731e+010, op=OP_SQR, round = ROUND_EVEN, result = 1.276400e+014 with status =00000001
# ** MESSAGE: @ 1590: env.comparator [Comparator Match] FPU Response: a=1.629198e+028, b=3.322731e+010, op=OP_SQR, round = ROUND_EVEN, result = 1.276400e+014 with status =00000000
# ** MESSAGE: ../tb/sv/fpu_coverage.sv{137) @ 1590: env.coverage [env.coverage] cover respose: FPU Response: a=1.629198e+028, b=3.322731e+010, op=OP_SQR, round = ROUND_EVEN, result = 1.276400e+014 with status =00000001
# ** MESSAGE: ../tb/sv/fpu_monitor.sv{51) @ 1710: env.monitor [env.monitor] Getting Request
# ** MESSAGE: ../tb/sv/fpu_monitor.sv{87) @ 1710: env.monitor [monitor] request: FPU Request: a=-4.635096e-007, b=1.#QNAN0e+000, op=OP_ADD, round = ROUND_DOWN
# ** MESSAGE: ../tb/sv/fpu_tlm_adapter.sv{51) @ 1710: env.adapter [Adapter] master --> request: FPU Request: a=-4.635096e-007, b=1.#QNAN0e+000, op=OP_ADD, round = ROUND_DOWN
# ** MESSAGE: ../tb/sv/fpu_tlm_dpi_c.sv{47) @ 1710: env.TLM [tlm] TLM request: FPU Request: a=-4.635096e-007, b=1.#QNAN0e+000, op=OP_ADD, round = ROUND_DOWN
# ** MESSAGE: ../tb/sv/fpu_tlm_dpi_c.sv{53) @ 1710: env.TLM [tlm] TLM response: FPU Response: a=-4.635096e-007, b=1.#QNAN0e+000, op=OP_ADD, round = ROUND_DOWN, result = 1.#QNAN0e+000 with status =00000000
# ** MESSAGE: ../tb/sv/fpu_tlm_adapter.sv{59) @ 1710: env.adapter [Master] master <-- response: FPU Response: a=-4.635096e-007, b=1.#QNAN0e+000, op=OP_ADD, round = ROUND_DOWN, result = 1.#QNAN0e+000 with status =00000000
# ** MESSAGE: ../tb/sv/fpu_driver.sv{74) @ 1715: env.driver [driver] Waiting for Response
# ** MESSAGE: ../tb/sv/fpu_driver.sv{79) @ 1790: env.driver [driver] Putting Response
# ** MESSAGE: ../tb/sv/fpu_master.sv{147) @ 1790: env.master [Master] master response: FPU Response: a=-4.635096e-007, b=1.#QNAN0e+000, op=OP_ADD, round = ROUND_DOWN, result = 1.#QNAN0e+000 with status =01000000
# ** MESSAGE: ../tb/sv/fpu_master.sv{140) @ 1790: env.master [Master] master request: FPU Request: a=-1.#QNAN0e+000, b=2.842662e-010, op=OP_DIV, round = ROUND_EVEN
# ** MESSAGE: ../tb/sv/fpu_driver.sv{66) @ 1800: env.driver [driver] Getting Request
# ** MESSAGE: ../tb/sv/fpu_driver.sv{69) @ 1800: env.driver [driver] Issuing Request
# ** MESSAGE: ../tb/sv/fpu_monitor.sv{57) @ 1800: env.monitor [env.monitor] Getting Response
# ** MESSAGE: ../tb/sv/fpu_monitor.sv{127) @ 1800: env.monitor [env.monitor] response: FPU Response: a=-4.635096e-007, b=1.#QNAN0e+000, op=OP_ADD, round = ROUND_DOWN, result = 1.#QNAN0e+000 with status =01000000
# ** MESSAGE: @ 1800: env.comparator [Comparator Match] FPU Response: a=-4.635096e-007, b=1.#QNAN0e+000, op=OP_ADD, round = ROUND_DOWN, result = 1.#QNAN0e+000 with status =00000000
# ** MESSAGE: ../tb/sv/fpu_coverage.sv{137) @ 1800: env.coverage [env.coverage] cover respose: FPU Response: a=-4.635096e-007, b=1.#QNAN0e+000, op=OP_ADD, round = ROUND_DOWN, result = 1.#QNAN0e+000 with status =01000000
# ** MESSAGE: ../tb/sv/fpu_monitor.sv{51) @ 1840: env.monitor [env.monitor] Getting Request
# ** MESSAGE: ../tb/sv/fpu_monitor.sv{87) @ 1840: env.monitor [monitor] request: FPU Request: a=-1.#QNAN0e+000, b=2.842662e-010, op=OP_DIV, round = ROUND_EVEN
# ** MESSAGE: ../tb/sv/fpu_tlm_adapter.sv{51) @ 1840: env.adapter [Adapter] master --> request: FPU Request: a=-1.#QNAN0e+000, b=2.842662e-010, op=OP_DIV, round = ROUND_EVEN
# ** MESSAGE: ../tb/sv/fpu_tlm_dpi_c.sv{47) @ 1840: env.TLM [tlm] TLM request: FPU Request: a=-1.#QNAN0e+000, b=2.842662e-010, op=OP_DIV, round = ROUND_EVEN
# ** MESSAGE: ../tb/sv/fpu_tlm_dpi_c.sv{53) @ 1840: env.TLM [tlm] TLM response: FPU Response: a=-1.#QNAN0e+000, b=2.842662e-010, op=OP_DIV, round = ROUND_EVEN, result = -1.#QNAN0e+000 with status =00000000
# ** MESSAGE: ../tb/sv/fpu_tlm_adapter.sv{59) @ 1840: env.adapter [Master] master <-- response: FPU Response: a=-1.#QNAN0e+000, b=2.842662e-010, op=OP_DIV, round = ROUND_EVEN, result = -1.#QNAN0e+000 with status =00000000
# ** MESSAGE: ../tb/sv/fpu_driver.sv{74) @ 1845: env.driver [driver] Waiting for Response
# ** MESSAGE: ../tb/sv/fpu_driver.sv{79) @ 2190: env.driver [driver] Putting Response
# ** MESSAGE: ../tb/sv/fpu_master.sv{147) @ 2190: env.master [Master] master response: FPU Response: a=-1.#QNAN0e+000, b=2.842662e-010, op=OP_DIV, round = ROUND_EVEN, result = -1.#IND00e+000 with status =01000011
# ** MESSAGE: ../tb/sv/fpu_master.sv{140) @ 2190: env.master [Master] master request: FPU Request: a=6.926636e-013, b=2.468080e-011, op=OP_ADD, round = ROUND_ZERO
# ** MESSAGE: ../tb/sv/fpu_driver.sv{66) @ 2200: env.driver [driver] Getting Request
# ** MESSAGE: ../tb/sv/fpu_driver.sv{69) @ 2200: env.driver [driver] Issuing Request
# ** MESSAGE: ../tb/sv/fpu_monitor.sv{57) @ 2200: env.monitor [env.monitor] Getting Response
# ** MESSAGE: ../tb/sv/fpu_monitor.sv{127) @ 2200: env.monitor [env.monitor] response: FPU Response: a=-1.#QNAN0e+000, b=2.842662e-010, op=OP_DIV, round = ROUND_EVEN, result = -1.#IND00e+000 with status =01000011
# ** MESSAGE: @ 2200: env.comparator [Comparator Match] FPU Response: a=-1.#QNAN0e+000, b=2.842662e-010, op=OP_DIV, round = ROUND_EVEN, result = -1.#QNAN0e+000 with status =00000000
# ** MESSAGE: ../tb/sv/fpu_coverage.sv{137) @ 2200: env.coverage [env.coverage] cover respose: FPU Response: a=-1.#QNAN0e+000, b=2.842662e-010, op=OP_DIV, round = ROUND_EVEN, result = -1.#IND00e+000 with status =01000011
# ** MESSAGE: ../tb/sv/fpu_monitor.sv{51) @ 2280: env.monitor [env.monitor] Getting Request
# ** MESSAGE: ../tb/sv/fpu_monitor.sv{87) @ 2280: env.monitor [monitor] request: FPU Request: a=6.926636e-013, b=2.468080e-011, op=OP_ADD, round = ROUND_ZERO
# ** MESSAGE: ../tb/sv/fpu_tlm_adapter.sv{51) @ 2280: env.adapter [Adapter] master --> request: FPU Request: a=6.926636e-013, b=2.468080e-011, op=OP_ADD, round = ROUND_ZERO
# ** MESSAGE: ../tb/sv/fpu_tlm_dpi_c.sv{47) @ 2280: env.TLM [tlm] TLM request: FPU Request: a=6.926636e-013, b=2.468080e-011, op=OP_ADD, round = ROUND_ZERO
# ** MESSAGE: ../tb/sv/fpu_tlm_dpi_c.sv{53) @ 2280: env.TLM [tlm] TLM response: FPU Response: a=6.926636e-013, b=2.468080e-011, op=OP_ADD, round = ROUND_ZERO, result = 2.537346e-011 with status =00000000
# ** MESSAGE: ../tb/sv/fpu_tlm_adapter.sv{59) @ 2280: env.adapter [Master] master <-- response: FPU Response: a=6.926636e-013, b=2.468080e-011, op=OP_ADD, round = ROUND_ZERO, result = 2.537346e-011 with status =00000000
# ** MESSAGE: ../tb/sv/fpu_driver.sv{74) @ 2285: env.driver [driver] Waiting for Response
# ** MESSAGE: ../tb/sv/fpu_driver.sv{79) @ 2360: env.driver [driver] Putting Response
# ** MESSAGE: ../tb/sv/fpu_master.sv{147) @ 2360: env.master [Master] master response: FPU Response: a=6.926636e-013, b=2.468080e-011, op=OP_ADD, round = ROUND_ZERO, result = 2.537346e-011 with status =00000001
# ** MESSAGE: ../tb/sv/fpu_master.sv{140) @ 2360: env.master [Master] master request: FPU Request: a=1.#QNAN0e+000, b=1.#QNAN0e+000, op=OP_SUB, round = ROUND_EVEN
# ** MESSAGE: ../tb/sv/fpu_driver.sv{66) @ 2370: env.driver [driver] Getting Request
# ** MESSAGE: ../tb/sv/fpu_driver.sv{69) @ 2370: env.driver [driver] Issuing Request
# ** MESSAGE: ../tb/sv/fpu_monitor.sv{57) @ 2370: env.monitor [env.monitor] Getting Response
# ** MESSAGE: ../tb/sv/fpu_monitor.sv{127) @ 2370: env.monitor [env.monitor] response: FPU Response: a=6.926636e-013, b=2.468080e-011, op=OP_ADD, round = ROUND_ZERO, result = 2.537346e-011 with status =00000001
# ** MESSAGE: @ 2370: env.comparator [Comparator Match] FPU Response: a=6.926636e-013, b=2.468080e-011, op=OP_ADD, round = ROUND_ZERO, result = 2.537346e-011 with status =00000000
# ** MESSAGE: ../tb/sv/fpu_coverage.sv{137) @ 2370: env.coverage [env.coverage] cover respose: FPU Response: a=6.926636e-013, b=2.468080e-011, op=OP_ADD, round = ROUND_ZERO, result = 2.537346e-011 with status =00000001
# ** MESSAGE: ../tb/sv/fpu_monitor.sv{51) @ 2430: env.monitor [env.monitor] Getting Request
# ** MESSAGE: ../tb/sv/fpu_monitor.sv{87) @ 2430: env.monitor [monitor] request: FPU Request: a=1.#QNAN0e+000, b=1.#QNAN0e+000, op=OP_SUB, round = ROUND_EVEN
# ** MESSAGE: ../tb/sv/fpu_tlm_adapter.sv{51) @ 2430: env.adapter [Adapter] master --> request: FPU Request: a=1.#QNAN0e+000, b=1.#QNAN0e+000, op=OP_SUB, round = ROUND_EVEN
# ** MESSAGE: ../tb/sv/fpu_tlm_dpi_c.sv{47) @ 2430: env.TLM [tlm] TLM request: FPU Request: a=1.#QNAN0e+000, b=1.#QNAN0e+000, op=OP_SUB, round = ROUND_EVEN
# ** MESSAGE: ../tb/sv/fpu_tlm_dpi_c.sv{53) @ 2430: env.TLM [tlm] TLM response: FPU Response: a=1.#QNAN0e+000, b=1.#QNAN0e+000, op=OP_SUB, round = ROUND_EVEN, result = 1.#QNAN0e+000 with status =00000000
# ** MESSAGE: ../tb/sv/fpu_tlm_adapter.sv{59) @ 2430: env.adapter [Master] master <-- response: FPU Response: a=1.#QNAN0e+000, b=1.#QNAN0e+000, op=OP_SUB, round = ROUND_EVEN, result = 1.#QNAN0e+000 with status =00000000
# ** MESSAGE: ../tb/sv/fpu_driver.sv{74) @ 2435: env.driver [driver] Waiting for Response
# ** MESSAGE: ../tb/sv/fpu_driver.sv{79) @ 2510: env.driver [driver] Putting Response
# ** MESSAGE: ../tb/sv/fpu_master.sv{147) @ 2510: env.master [Master] master response: FPU Response: a=1.#QNAN0e+000, b=1.#QNAN0e+000, op=OP_SUB, round = ROUND_EVEN, result = 1.#QNAN0e+000 with status =01000000
# ** MESSAGE: ../tb/sv/fpu_master.sv{140) @ 2510: env.master [Master] master request: FPU Request: a=1.#QNAN0e+000, b=-1.331094e-021, op=OP_ADD, round = ROUND_ZERO
# ** MESSAGE: ../tb/sv/fpu_driver.sv{66) @ 2520: env.driver [driver] Getting Request
# ** MESSAGE: ../tb/sv/fpu_driver.sv{69) @ 2520: env.driver [driver] Issuing Request
# ** MESSAGE: ../tb/sv/fpu_monitor.sv{57) @ 2520: env.monitor [env.monitor] Getting Response
# ** MESSAGE: ../tb/sv/fpu_monitor.sv{127) @ 2520: env.monitor [env.monitor] response: FPU Response: a=1.#QNAN0e+000, b=1.#QNAN0e+000, op=OP_SUB, round = ROUND_EVEN, result = 1.#QNAN0e+000 with status =01000000
# ** MESSAGE: @ 2520: env.comparator [Comparator Match] FPU Response: a=1.#QNAN0e+000, b=1.#QNAN0e+000, op=OP_SUB, round = ROUND_EVEN, result = 1.#QNAN0e+000 with status =00000000
# ** MESSAGE: ../tb/sv/fpu_coverage.sv{137) @ 2520: env.coverage [env.coverage] cover respose: FPU Response: a=1.#QNAN0e+000, b=1.#QNAN0e+000, op=OP_SUB, round = ROUND_EVEN, result = 1.#QNAN0e+000 with status =01000000
# ** MESSAGE: ../tb/sv/fpu_monitor.sv{51) @ 2610: env.monitor [env.monitor] Getting Request
# ** MESSAGE: ../tb/sv/fpu_monitor.sv{87) @ 2610: env.monitor [monitor] request: FPU Request: a=1.#QNAN0e+000, b=-1.331094e-021, op=OP_ADD, round = ROUND_ZERO
# ** MESSAGE: ../tb/sv/fpu_tlm_adapter.sv{51) @ 2610: env.adapter [Adapter] master --> request: FPU Request: a=1.#QNAN0e+000, b=-1.331094e-021, op=OP_ADD, round = ROUND_ZERO
# ** MESSAGE: ../tb/sv/fpu_tlm_dpi_c.sv{47) @ 2610: env.TLM [tlm] TLM request: FPU Request: a=1.#QNAN0e+000, b=-1.331094e-021, op=OP_ADD, round = ROUND_ZERO
# ** MESSAGE: ../tb/sv/fpu_tlm_dpi_c.sv{53) @ 2610: env.TLM [tlm] TLM response: FPU Response: a=1.#QNAN0e+000, b=-1.331094e-021, op=OP_ADD, round = ROUND_ZERO, result = 1.#QNAN0e+000 with status =00000000
# ** MESSAGE: ../tb/sv/fpu_tlm_adapter.sv{59) @ 2610: env.adapter [Master] master <-- response: FPU Response: a=1.#QNAN0e+000, b=-1.331094e-021, op=OP_ADD, round = ROUND_ZERO, result = 1.#QNAN0e+000 with status =00000000
# ** MESSAGE: ../tb/sv/fpu_driver.sv{74) @ 2615: env.driver [driver] Waiting for Response
# ** MESSAGE: ../tb/sv/fpu_driver.sv{79) @ 2690: env.driver [driver] Putting Response
# ** MESSAGE: ../tb/sv/fpu_master.sv{147) @ 2690: env.master [Master] master response: FPU Response: a=1.#QNAN0e+000, b=-1.331094e-021, op=OP_ADD, round = ROUND_ZERO, result = 1.#QNAN0e+000 with status =01000000
# ** MESSAGE: ../tb/sv/fpu_master.sv{140) @ 2690: env.master [Master] master request: FPU Request: a=-6.697322e-015, b=2.527564e-019, op=OP_SUB, round = ROUND_UP
# ** MESSAGE: ../tb/sv/fpu_driver.sv{66) @ 2700: env.driver [driver] Getting Request
# ** MESSAGE: ../tb/sv/fpu_driver.sv{69) @ 2700: env.driver [driver] Issuing Request
# ** MESSAGE: ../tb/sv/fpu_monitor.sv{57) @ 2700: env.monitor [env.monitor] Getting Response
# ** MESSAGE: ../tb/sv/fpu_monitor.sv{127) @ 2700: env.monitor [env.monitor] response: FPU Response: a=1.#QNAN0e+000, b=-1.331094e-021, op=OP_ADD, round = ROUND_ZERO, result = 1.#QNAN0e+000 with status =01000000
# ** MESSAGE: @ 2700: env.comparator [Comparator Match] FPU Response: a=1.#QNAN0e+000, b=-1.331094e-021, op=OP_ADD, round = ROUND_ZERO, result = 1.#QNAN0e+000 with status =00000000
# ** MESSAGE: ../tb/sv/fpu_coverage.sv{137) @ 2700: env.coverage [env.coverage] cover respose: FPU Response: a=1.#QNAN0e+000, b=-1.331094e-021, op=OP_ADD, round = ROUND_ZERO, result = 1.#QNAN0e+000 with status =01000000
# ** MESSAGE: ../tb/sv/fpu_monitor.sv{51) @ 2790: env.monitor [env.monitor] Getting Request
# ** MESSAGE: ../tb/sv/fpu_monitor.sv{87) @ 2790: env.monitor [monitor] request: FPU Request: a=-6.697322e-015, b=2.527564e-019, op=OP_SUB, round = ROUND_UP
# ** MESSAGE: ../tb/sv/fpu_tlm_adapter.sv{51) @ 2790: env.adapter [Adapter] master --> request: FPU Request: a=-6.697322e-015, b=2.527564e-019, op=OP_SUB, round = ROUND_UP
# ** MESSAGE: ../tb/sv/fpu_tlm_dpi_c.sv{47) @ 2790: env.TLM [tlm] TLM request: FPU Request: a=-6.697322e-015, b=2.527564e-019, op=OP_SUB, round = ROUND_UP
# ** MESSAGE: ../tb/sv/fpu_tlm_dpi_c.sv{53) @ 2790: env.TLM [tlm] TLM response: FPU Response: a=-6.697322e-015, b=2.527564e-019, op=OP_SUB, round = ROUND_UP, result = -6.697575e-015 with status =00000000
# ** MESSAGE: ../tb/sv/fpu_tlm_adapter.sv{59) @ 2790: env.adapter [Master] master <-- response: FPU Response: a=-6.697322e-015, b=2.527564e-019, op=OP_SUB, round = ROUND_UP, result = -6.697575e-015 with status =00000000
# ** MESSAGE: ../tb/sv/fpu_driver.sv{74) @ 2795: env.driver [driver] Waiting for Response
# ** MESSAGE: ../tb/sv/fpu_driver.sv{79) @ 2870: env.driver [driver] Putting Response
# ** MESSAGE: ../tb/sv/fpu_master.sv{147) @ 2870: env.master [Master] master response: FPU Response: a=-6.697322e-015, b=2.527564e-019, op=OP_SUB, round = ROUND_UP, result = -6.697575e-015 with status =00000001
# ** MESSAGE: ../tb/sv/fpu_master.sv{140) @ 2870: env.master [Master] master request: FPU Request: a=-5.947271e-024, b=-1.#QNAN0e+000, op=OP_DIV, round = ROUND_DOWN
# ** MESSAGE: ../tb/sv/fpu_driver.sv{66) @ 2880: env.driver [driver] Getting Request
# ** MESSAGE: ../tb/sv/fpu_driver.sv{69) @ 2880: env.driver [driver] Issuing Request
# ** MESSAGE: ../tb/sv/fpu_monitor.sv{57) @ 2880: env.monitor [env.monitor] Getting Response
# ** MESSAGE: ../tb/sv/fpu_monitor.sv{127) @ 2880: env.monitor [env.monitor] response: FPU Response: a=-6.697322e-015, b=2.527564e-019, op=OP_SUB, round = ROUND_UP, result = -6.697575e-015 with status =00000001
# ** MESSAGE: @ 2880: env.comparator [Comparator Match] FPU Response: a=-6.697322e-015, b=2.527564e-019, op=OP_SUB, round = ROUND_UP, result = -6.697575e-015 with status =00000000
# ** MESSAGE: ../tb/sv/fpu_coverage.sv{137) @ 2880: env.coverage [env.coverage] cover respose: FPU Response: a=-6.697322e-015, b=2.527564e-019, op=OP_SUB, round = ROUND_UP, result = -6.697575e-015 with status =00000001
# ** MESSAGE: ../tb/sv/fpu_monitor.sv{51) @ 2980: env.monitor [env.monitor] Getting Request
# ** MESSAGE: ../tb/sv/fpu_monitor.sv{87) @ 2980: env.monitor [monitor] request: FPU Request: a=-5.947271e-024, b=-1.#QNAN0e+000, op=OP_DIV, round = ROUND_DOWN
# ** MESSAGE: ../tb/sv/fpu_tlm_adapter.sv{51) @ 2980: env.adapter [Adapter] master --> request: FPU Request: a=-5.947271e-024, b=-1.#QNAN0e+000, op=OP_DIV, round = ROUND_DOWN
# ** MESSAGE: ../tb/sv/fpu_tlm_dpi_c.sv{47) @ 2980: env.TLM [tlm] TLM request: FPU Request: a=-5.947271e-024, b=-1.#QNAN0e+000, op=OP_DIV, round = ROUND_DOWN
# ** MESSAGE: ../tb/sv/fpu_tlm_dpi_c.sv{53) @ 2980: env.TLM [tlm] TLM response: FPU Response: a=-5.947271e-024, b=-1.#QNAN0e+000, op=OP_DIV, round = ROUND_DOWN, result = -1.#QNAN0e+000 with status =00000000
# ** MESSAGE: ../tb/sv/fpu_tlm_adapter.sv{59) @ 2980: env.adapter [Master] master <-- response: FPU Response: a=-5.947271e-024, b=-1.#QNAN0e+000, op=OP_DIV, round = ROUND_DOWN, result = -1.#QNAN0e+000 with status =00000000
# ** MESSAGE: ../tb/sv/fpu_driver.sv{74) @ 2985: env.driver [driver] Waiting for Response
# ** MESSAGE: ../tb/sv/fpu_driver.sv{79) @ 3330: env.driver [driver] Putting Response
# ** MESSAGE: ../tb/sv/fpu_master.sv{147) @ 3330: env.master [Master] master response: FPU Response: a=-5.947271e-024, b=-1.#QNAN0e+000, op=OP_DIV, round = ROUND_DOWN, result = -1.#IND00e+000 with status =01000011
# ** MESSAGE: ../tb/sv/fpu_master.sv{140) @ 3330: env.master [Master] master request: FPU Request: a=-1.911537e-036, b=-2.763176e+015, op=OP_DIV, round = ROUND_EVEN
# ** MESSAGE: ../tb/sv/fpu_driver.sv{66) @ 3340: env.driver [driver] Getting Request
# ** MESSAGE: ../tb/sv/fpu_driver.sv{69) @ 3340: env.driver [driver] Issuing Request
# ** MESSAGE: ../tb/sv/fpu_monitor.sv{57) @ 3340: env.monitor [env.monitor] Getting Response
# ** MESSAGE: ../tb/sv/fpu_monitor.sv{127) @ 3340: env.monitor [env.monitor] response: FPU Response: a=-5.947271e-024, b=-1.#QNAN0e+000, op=OP_DIV, round = ROUND_DOWN, result = -1.#IND00e+000 with status =01000011
# ** MESSAGE: @ 3340: env.comparator [Comparator Match] FPU Response: a=-5.947271e-024, b=-1.#QNAN0e+000, op=OP_DIV, round = ROUND_DOWN, result = -1.#QNAN0e+000 with status =00000000
# ** MESSAGE: ../tb/sv/fpu_coverage.sv{137) @ 3340: env.coverage [env.coverage] cover respose: FPU Response: a=-5.947271e-024, b=-1.#QNAN0e+000, op=OP_DIV, round = ROUND_DOWN, result = -1.#IND00e+000 with status =01000011
# ** MESSAGE: ../tb/sv/fpu_monitor.sv{51) @ 3440: env.monitor [env.monitor] Getting Request
# ** MESSAGE: ../tb/sv/fpu_monitor.sv{87) @ 3440: env.monitor [monitor] request: FPU Request: a=-1.911537e-036, b=-2.763176e+015, op=OP_DIV, round = ROUND_EVEN
# ** MESSAGE: ../tb/sv/fpu_tlm_adapter.sv{51) @ 3440: env.adapter [Adapter] master --> request: FPU Request: a=-1.911537e-036, b=-2.763176e+015, op=OP_DIV, round = ROUND_EVEN
# ** MESSAGE: ../tb/sv/fpu_tlm_dpi_c.sv{47) @ 3440: env.TLM [tlm] TLM request: FPU Request: a=-1.911537e-036, b=-2.763176e+015, op=OP_DIV, round = ROUND_EVEN
# ** MESSAGE: ../tb/sv/fpu_tlm_dpi_c.sv{53) @ 3440: env.TLM [tlm] TLM response: FPU Response: a=-1.911537e-036, b=-2.763176e+015, op=OP_DIV, round = ROUND_EVEN, result = 0.000000e+000 with status =00000000
# ** MESSAGE: ../tb/sv/fpu_tlm_adapter.sv{59) @ 3440: env.adapter [Master] master <-- response: FPU Response: a=-1.911537e-036, b=-2.763176e+015, op=OP_DIV, round = ROUND_EVEN, result = 0.000000e+000 with status =00000000
# ** MESSAGE: ../tb/sv/fpu_driver.sv{74) @ 3445: env.driver [driver] Waiting for Response
# ** MESSAGE: ../tb/sv/fpu_driver.sv{79) @ 3790: env.driver [driver] Putting Response
# ** MESSAGE: ../tb/sv/fpu_master.sv{147) @ 3790: env.master [Master] master response: FPU Response: a=-1.911537e-036, b=-2.763176e+015, op=OP_DIV, round = ROUND_EVEN, result = 0.000000e+000 with status =00100101
# ** MESSAGE: ../tb/sv/fpu_master.sv{140) @ 3790: env.master [Master] master request: FPU Request: a=-5.022597e-013, b=-5.690509e+034, op=OP_DIV, round = ROUND_UP
# ** MESSAGE: ../tb/sv/fpu_driver.sv{66) @ 3800: env.driver [driver] Getting Request
# ** MESSAGE: ../tb/sv/fpu_driver.sv{69) @ 3800: env.driver [driver] Issuing Request
# ** MESSAGE: ../tb/sv/fpu_monitor.sv{57) @ 3800: env.monitor [env.monitor] Getting Response
# ** MESSAGE: ../tb/sv/fpu_monitor.sv{127) @ 3800: env.monitor [env.monitor] response: FPU Response: a=-1.911537e-036, b=-2.763176e+015, op=OP_DIV, round = ROUND_EVEN, result = 0.000000e+000 with status =00100101
# ** MESSAGE: @ 3800: env.comparator [Comparator Match] FPU Response: a=-1.911537e-036, b=-2.763176e+015, op=OP_DIV, round = ROUND_EVEN, result = 0.000000e+000 with status =00000000
# ** MESSAGE: ../tb/sv/fpu_coverage.sv{137) @ 3800: env.coverage [env.coverage] cover respose: FPU Response: a=-1.911537e-036, b=-2.763176e+015, op=OP_DIV, round = ROUND_EVEN, result = 0.000000e+000 with status =00100101
# ** MESSAGE: ../tb/sv/fpu_monitor.sv{51) @ 3850: env.monitor [env.monitor] Getting Request
# ** MESSAGE: ../tb/sv/fpu_monitor.sv{87) @ 3850: env.monitor [monitor] request: FPU Request: a=-5.022597e-013, b=-5.690509e+034, op=OP_DIV, round = ROUND_UP
# ** MESSAGE: ../tb/sv/fpu_tlm_adapter.sv{51) @ 3850: env.adapter [Adapter] master --> request: FPU Request: a=-5.022597e-013, b=-5.690509e+034, op=OP_DIV, round = ROUND_UP
# ** MESSAGE: ../tb/sv/fpu_tlm_dpi_c.sv{47) @ 3850: env.TLM [tlm] TLM request: FPU Request: a=-5.022597e-013, b=-5.690509e+034, op=OP_DIV, round = ROUND_UP
# ** MESSAGE: ../tb/sv/fpu_tlm_dpi_c.sv{53) @ 3850: env.TLM [tlm] TLM response: FPU Response: a=-5.022597e-013, b=-5.690509e+034, op=OP_DIV, round = ROUND_UP, result = 0.000000e+000 with status =00000000
# ** MESSAGE: ../tb/sv/fpu_tlm_adapter.sv{59) @ 3850: env.adapter [Master] master <-- response: FPU Response: a=-5.022597e-013, b=-5.690509e+034, op=OP_DIV, round = ROUND_UP, result = 0.000000e+000 with status =00000000
# ** MESSAGE: ../tb/sv/fpu_driver.sv{74) @ 3855: env.driver [driver] Waiting for Response
# ** MESSAGE: ../tb/sv/fpu_driver.sv{79) @ 4200: env.driver [driver] Putting Response
# ** MESSAGE: ../tb/sv/fpu_master.sv{147) @ 4200: env.master [Master] master response: FPU Response: a=-5.022597e-013, b=-5.690509e+034, op=OP_DIV, round = ROUND_UP, result = 1.401298e-045 with status =00000101
# ** MESSAGE: ../tb/sv/fpu_master.sv{140) @ 4200: env.master [Master] master request: FPU Request: a=1.869184e+038, b=-1.515759e+015, op=OP_SUB, round = ROUND_ZERO
# ** MESSAGE: ../tb/sv/fpu_driver.sv{66) @ 4210: env.driver [driver] Getting Request
# ** MESSAGE: ../tb/sv/fpu_driver.sv{69) @ 4210: env.driver [driver] Issuing Request
# ** MESSAGE: ../tb/sv/fpu_monitor.sv{57) @ 4210: env.monitor [env.monitor] Getting Response
# ** MESSAGE: ../tb/sv/fpu_monitor.sv{127) @ 4210: env.monitor [env.monitor] response: FPU Response: a=-5.022597e-013, b=-5.690509e+034, op=OP_DIV, round = ROUND_UP, result = 1.401298e-045 with status =00000101
# ** MESSAGE: @ 4210: env.comparator [Comparator Match] FPU Response: a=-5.022597e-013, b=-5.690509e+034, op=OP_DIV, round = ROUND_UP, result = 0.000000e+000 with status =00000000
# ** MESSAGE: ../tb/sv/fpu_coverage.sv{137) @ 4210: env.coverage [env.coverage] cover respose: FPU Response: a=-5.022597e-013, b=-5.690509e+034, op=OP_DIV, round = ROUND_UP, result = 1.401298e-045 with status =00000101
# ** MESSAGE: ../tb/sv/fpu_monitor.sv{51) @ 4280: env.monitor [env.monitor] Getting Request
# ** MESSAGE: ../tb/sv/fpu_monitor.sv{87) @ 4280: env.monitor [monitor] request: FPU Request: a=1.869184e+038, b=-1.515759e+015, op=OP_SUB, round = ROUND_ZERO
# ** MESSAGE: ../tb/sv/fpu_tlm_adapter.sv{51) @ 4280: env.adapter [Adapter] master --> request: FPU Request: a=1.869184e+038, b=-1.515759e+015, op=OP_SUB, round = ROUND_ZERO
# ** MESSAGE: ../tb/sv/fpu_tlm_dpi_c.sv{47) @ 4280: env.TLM [tlm] TLM request: FPU Request: a=1.869184e+038, b=-1.515759e+015, op=OP_SUB, round = ROUND_ZERO
# ** MESSAGE: ../tb/sv/fpu_tlm_dpi_c.sv{53) @ 4280: env.TLM [tlm] TLM response: FPU Response: a=1.869184e+038, b=-1.515759e+015, op=OP_SUB, round = ROUND_ZERO, result = 1.869184e+038 with status =00000000
# ** MESSAGE: ../tb/sv/fpu_tlm_adapter.sv{59) @ 4280: env.adapter [Master] master <-- response: FPU Response: a=1.869184e+038, b=-1.515759e+015, op=OP_SUB, round = ROUND_ZERO, result = 1.869184e+038 with status =00000000
# ** MESSAGE: ../tb/sv/fpu_driver.sv{74) @ 4285: env.driver [driver] Waiting for Response
# ** MESSAGE: ../tb/sv/fpu_driver.sv{79) @ 4360: env.driver [driver] Putting Response
# ** MESSAGE: ../tb/sv/fpu_master.sv{147) @ 4360: env.master [Master] master response: FPU Response: a=1.869184e+038, b=-1.515759e+015, op=OP_SUB, round = ROUND_ZERO, result = 1.869184e+038 with status =00000001
# ** MESSAGE: ../tb/sv/fpu_master.sv{140) @ 4360: env.master [Master] master request: FPU Request: a=2.924961e+004, b=-1.#QNAN0e+000, op=OP_ADD, round = ROUND_ZERO
# ** MESSAGE: ../tb/sv/fpu_driver.sv{66) @ 4370: env.driver [driver] Getting Request
# ** MESSAGE: ../tb/sv/fpu_driver.sv{69) @ 4370: env.driver [driver] Issuing Request
# ** MESSAGE: ../tb/sv/fpu_monitor.sv{57) @ 4370: env.monitor [env.monitor] Getting Response
# ** MESSAGE: ../tb/sv/fpu_monitor.sv{127) @ 4370: env.monitor [env.monitor] response: FPU Response: a=1.869184e+038, b=-1.515759e+015, op=OP_SUB, round = ROUND_ZERO, result = 1.869184e+038 with status =00000001
# ** MESSAGE: @ 4370: env.comparator [Comparator Match] FPU Response: a=1.869184e+038, b=-1.515759e+015, op=OP_SUB, round = ROUND_ZERO, result = 1.869184e+038 with status =00000000
# ** MESSAGE: ../tb/sv/fpu_coverage.sv{137) @ 4370: env.coverage [env.coverage] cover respose: FPU Response: a=1.869184e+038, b=-1.515759e+015, op=OP_SUB, round = ROUND_ZERO, result = 1.869184e+038 with status =00000001
# ** MESSAGE: ../tb/sv/fpu_monitor.sv{51) @ 4400: env.monitor [env.monitor] Getting Request
# ** MESSAGE: ../tb/sv/fpu_monitor.sv{87) @ 4400: env.monitor [monitor] request: FPU Request: a=2.924961e+004, b=-1.#QNAN0e+000, op=OP_ADD, round = ROUND_ZERO
# ** MESSAGE: ../tb/sv/fpu_tlm_adapter.sv{51) @ 4400: env.adapter [Adapter] master --> request: FPU Request: a=2.924961e+004, b=-1.#QNAN0e+000, op=OP_ADD, round = ROUND_ZERO
# ** MESSAGE: ../tb/sv/fpu_tlm_dpi_c.sv{47) @ 4400: env.TLM [tlm] TLM request: FPU Request: a=2.924961e+004, b=-1.#QNAN0e+000, op=OP_ADD, round = ROUND_ZERO
# ** MESSAGE: ../tb/sv/fpu_tlm_dpi_c.sv{53) @ 4400: env.TLM [tlm] TLM response: FPU Response: a=2.924961e+004, b=-1.#QNAN0e+000, op=OP_ADD, round = ROUND_ZERO, result = -1.#QNAN0e+000 with status =00000000
# ** MESSAGE: ../tb/sv/fpu_tlm_adapter.sv{59) @ 4400: env.adapter [Master] master <-- response: FPU Response: a=2.924961e+004, b=-1.#QNAN0e+000, op=OP_ADD, round = ROUND_ZERO, result = -1.#QNAN0e+000 with status =00000000
# ** MESSAGE: ../tb/sv/fpu_driver.sv{74) @ 4405: env.driver [driver] Waiting for Response
# ** MESSAGE: ../tb/sv/fpu_driver.sv{79) @ 4480: env.driver [driver] Putting Response
# ** MESSAGE: ../tb/sv/fpu_master.sv{147) @ 4480: env.master [Master] master response: FPU Response: a=2.924961e+004, b=-1.#QNAN0e+000, op=OP_ADD, round = ROUND_ZERO, result = -1.#IND00e+000 with status =01000000
# ** MESSAGE: ../tb/sv/fpu_master.sv{140) @ 4480: env.master [Master] master request: FPU Request: a=0.000000e+000, b=-1.#QNAN0e+000, op=OP_ADD, round = ROUND_DOWN
# ** MESSAGE: ../tb/sv/fpu_driver.sv{66) @ 4490: env.driver [driver] Getting Request
# ** MESSAGE: ../tb/sv/fpu_driver.sv{69) @ 4490: env.driver [driver] Issuing Request
# ** MESSAGE: ../tb/sv/fpu_monitor.sv{57) @ 4490: env.monitor [env.monitor] Getting Response
# ** MESSAGE: ../tb/sv/fpu_monitor.sv{127) @ 4490: env.monitor [env.monitor] response: FPU Response: a=2.924961e+004, b=-1.#QNAN0e+000, op=OP_ADD, round = ROUND_ZERO, result = -1.#IND00e+000 with status =01000000
# ** MESSAGE: @ 4490: env.comparator [Comparator Match] FPU Response: a=2.924961e+004, b=-1.#QNAN0e+000, op=OP_ADD, round = ROUND_ZERO, result = -1.#QNAN0e+000 with status =00000000
# ** MESSAGE: ../tb/sv/fpu_coverage.sv{137) @ 4490: env.coverage [env.coverage] cover respose: FPU Response: a=2.924961e+004, b=-1.#QNAN0e+000, op=OP_ADD, round = ROUND_ZERO, result = -1.#IND00e+000 with status =01000000
# ** MESSAGE: ../tb/sv/fpu_monitor.sv{51) @ 4510: env.monitor [env.monitor] Getting Request
# ** MESSAGE: ../tb/sv/fpu_monitor.sv{87) @ 4510: env.monitor [monitor] request: FPU Request: a=0.000000e+000, b=-1.#QNAN0e+000, op=OP_ADD, round = ROUND_DOWN
# ** MESSAGE: ../tb/sv/fpu_tlm_adapter.sv{51) @ 4510: env.adapter [Adapter] master --> request: FPU Request: a=0.000000e+000, b=-1.#QNAN0e+000, op=OP_ADD, round = ROUND_DOWN
# ** MESSAGE: ../tb/sv/fpu_tlm_dpi_c.sv{47) @ 4510: env.TLM [tlm] TLM request: FPU Request: a=0.000000e+000, b=-1.#QNAN0e+000, op=OP_ADD, round = ROUND_DOWN
# ** MESSAGE: ../tb/sv/fpu_tlm_dpi_c.sv{53) @ 4510: env.TLM [tlm] TLM response: FPU Response: a=0.000000e+000, b=-1.#QNAN0e+000, op=OP_ADD, round = ROUND_DOWN, result = -1.#QNAN0e+000 with status =00000000
# ** MESSAGE: ../tb/sv/fpu_tlm_adapter.sv{59) @ 4510: env.adapter [Master] master <-- response: FPU Response: a=0.000000e+000, b=-1.#QNAN0e+000, op=OP_ADD, round = ROUND_DOWN, result = -1.#QNAN0e+000 with status =00000000
# ** MESSAGE: ../tb/sv/fpu_driver.sv{74) @ 4515: env.driver [driver] Waiting for Response
# ** MESSAGE: ../tb/sv/fpu_driver.sv{79) @ 4590: env.driver [driver] Putting Response
# ** MESSAGE: ../tb/sv/fpu_master.sv{147) @ 4590: env.master [Master] master response: FPU Response: a=0.000000e+000, b=-1.#QNAN0e+000, op=OP_ADD, round = ROUND_DOWN, result = -1.#IND00e+000 with status =01000000
# ** MESSAGE: ../tb/sv/fpu_master.sv{140) @ 4590: env.master [Master] master request: FPU Request: a=0.000000e+000, b=0.000000e+000, op=OP_DIV, round = ROUND_UP
# ** MESSAGE: ../tb/sv/fpu_driver.sv{66) @ 4600: env.driver [driver] Getting Request
# ** MESSAGE: ../tb/sv/fpu_driver.sv{69) @ 4600: env.driver [driver] Issuing Request
# ** MESSAGE: ../tb/sv/fpu_monitor.sv{57) @ 4600: env.monitor [env.monitor] Getting Response
# ** MESSAGE: ../tb/sv/fpu_monitor.sv{127) @ 4600: env.monitor [env.monitor] response: FPU Response: a=0.000000e+000, b=-1.#QNAN0e+000, op=OP_ADD, round = ROUND_DOWN, result = -1.#IND00e+000 with status =01000000
# ** MESSAGE: @ 4600: env.comparator [Comparator Match] FPU Response: a=0.000000e+000, b=-1.#QNAN0e+000, op=OP_ADD, round = ROUND_DOWN, result = -1.#QNAN0e+000 with status =00000000
# ** MESSAGE: ../tb/sv/fpu_coverage.sv{137) @ 4600: env.coverage [env.coverage] cover respose: FPU Response: a=0.000000e+000, b=-1.#QNAN0e+000, op=OP_ADD, round = ROUND_DOWN, result = -1.#IND00e+000 with status =01000000
# ** MESSAGE: ../tb/sv/fpu_monitor.sv{51) @ 4690: env.monitor [env.monitor] Getting Request
# ** MESSAGE: ../tb/sv/fpu_monitor.sv{87) @ 4690: env.monitor [monitor] request: FPU Request: a=0.000000e+000, b=0.000000e+000, op=OP_DIV, round = ROUND_UP
# ** MESSAGE: ../tb/sv/fpu_tlm_adapter.sv{51) @ 4690: env.adapter [Adapter] master --> request: FPU Request: a=0.000000e+000, b=0.000000e+000, op=OP_DIV, round = ROUND_UP
# ** MESSAGE: ../tb/sv/fpu_tlm_dpi_c.sv{47) @ 4690: env.TLM [tlm] TLM request: FPU Request: a=0.000000e+000, b=0.000000e+000, op=OP_DIV, round = ROUND_UP
# ** MESSAGE: ../tb/sv/fpu_tlm_dpi_c.sv{53) @ 4690: env.TLM [tlm] TLM response: FPU Response: a=0.000000e+000, b=0.000000e+000, op=OP_DIV, round = ROUND_UP, result = -1.#IND00e+000 with status =00000000
# ** MESSAGE: ../tb/sv/fpu_tlm_adapter.sv{59) @ 4690: env.adapter [Master] master <-- response: FPU Response: a=0.000000e+000, b=0.000000e+000, op=OP_DIV, round = ROUND_UP, result = -1.#IND00e+000 with status =00000000
# ** MESSAGE: ../tb/sv/fpu_driver.sv{74) @ 4695: env.driver [driver] Waiting for Response
# ** MESSAGE: ../tb/sv/fpu_driver.sv{79) @ 5040: env.driver [driver] Putting Response
# ** MESSAGE: ../tb/sv/fpu_master.sv{147) @ 5040: env.master [Master] master response: FPU Response: a=0.000000e+000, b=0.000000e+000, op=OP_DIV, round = ROUND_UP, result = -1.#IND00e+000 with status =01000000
# ** MESSAGE: ../tb/sv/fpu_master.sv{140) @ 5040: env.master [Master] master request: FPU Request: a=2.490115e-024, b=-1.#QNAN0e+000, op=OP_SUB, round = ROUND_EVEN
# ** MESSAGE: ../tb/sv/fpu_driver.sv{66) @ 5050: env.driver [driver] Getting Request
# ** MESSAGE: ../tb/sv/fpu_driver.sv{69) @ 5050: env.driver [driver] Issuing Request
# ** MESSAGE: ../tb/sv/fpu_monitor.sv{57) @ 5050: env.monitor [env.monitor] Getting Response
# ** MESSAGE: ../tb/sv/fpu_monitor.sv{127) @ 5050: env.monitor [env.monitor] response: FPU Response: a=0.000000e+000, b=0.000000e+000, op=OP_DIV, round = ROUND_UP, result = -1.#IND00e+000 with status =01000000
# ** MESSAGE: @ 5050: env.comparator [Comparator Match] FPU Response: a=0.000000e+000, b=0.000000e+000, op=OP_DIV, round = ROUND_UP, result = -1.#IND00e+000 with status =00000000
# ** MESSAGE: ../tb/sv/fpu_coverage.sv{137) @ 5050: env.coverage [env.coverage] cover respose: FPU Response: a=0.000000e+000, b=0.000000e+000, op=OP_DIV, round = ROUND_UP, result = -1.#IND00e+000 with status =01000000
# ** MESSAGE: ../tb/sv/fpu_monitor.sv{51) @ 5170: env.monitor [env.monitor] Getting Request
# ** MESSAGE: ../tb/sv/fpu_monitor.sv{87) @ 5170: env.monitor [monitor] request: FPU Request: a=2.490115e-024, b=-1.#QNAN0e+000, op=OP_SUB, round = ROUND_EVEN
# ** MESSAGE: ../tb/sv/fpu_tlm_adapter.sv{51) @ 5170: env.adapter [Adapter] master --> request: FPU Request: a=2.490115e-024, b=-1.#QNAN0e+000, op=OP_SUB, round = ROUND_EVEN
# ** MESSAGE: ../tb/sv/fpu_tlm_dpi_c.sv{47) @ 5170: env.TLM [tlm] TLM request: FPU Request: a=2.490115e-024, b=-1.#QNAN0e+000, op=OP_SUB, round = ROUND_EVEN
# ** MESSAGE: ../tb/sv/fpu_tlm_dpi_c.sv{53) @ 5170: env.TLM [tlm] TLM response: FPU Response: a=2.490115e-024, b=-1.#QNAN0e+000, op=OP_SUB, round = ROUND_EVEN, result = -1.#QNAN0e+000 with status =00000000
# ** MESSAGE: ../tb/sv/fpu_tlm_adapter.sv{59) @ 5170: env.adapter [Master] master <-- response: FPU Response: a=2.490115e-024, b=-1.#QNAN0e+000, op=OP_SUB, round = ROUND_EVEN, result = -1.#QNAN0e+000 with status =00000000
# ** MESSAGE: ../tb/sv/fpu_driver.sv{74) @ 5175: env.driver [driver] Waiting for Response
# ** MESSAGE: ../tb/sv/fpu_driver.sv{79) @ 5250: env.driver [driver] Putting Response
# ** MESSAGE: ../tb/sv/fpu_master.sv{147) @ 5250: env.master [Master] master response: FPU Response: a=2.490115e-024, b=-1.#QNAN0e+000, op=OP_SUB, round = ROUND_EVEN, result = -1.#IND00e+000 with status =01000000
# ** MESSAGE: ../tb/sv/fpu_master.sv{140) @ 5250: env.master [Master] master request: FPU Request: a=2.178510e+027, b=-1.#QNAN0e+000, op=OP_SQR, round = ROUND_EVEN
# ** MESSAGE: ../tb/sv/fpu_driver.sv{66) @ 5260: env.driver [driver] Getting Request
# ** MESSAGE: ../tb/sv/fpu_driver.sv{69) @ 5260: env.driver [driver] Issuing Request
# ** MESSAGE: ../tb/sv/fpu_monitor.sv{57) @ 5260: env.monitor [env.monitor] Getting Response
# ** MESSAGE: ../tb/sv/fpu_monitor.sv{127) @ 5260: env.monitor [env.monitor] response: FPU Response: a=2.490115e-024, b=-1.#QNAN0e+000, op=OP_SUB, round = ROUND_EVEN, result = -1.#IND00e+000 with status =01000000
# ** MESSAGE: @ 5260: env.comparator [Comparator Match] FPU Response: a=2.490115e-024, b=-1.#QNAN0e+000, op=OP_SUB, round = ROUND_EVEN, result = -1.#QNAN0e+000 with status =00000000
# ** MESSAGE: ../tb/sv/fpu_coverage.sv{137) @ 5260: env.coverage [env.coverage] cover respose: FPU Response: a=2.490115e-024, b=-1.#QNAN0e+000, op=OP_SUB, round = ROUND_EVEN, result = -1.#IND00e+000 with status =01000000
# ** MESSAGE: ../tb/sv/fpu_monitor.sv{51) @ 5400: env.monitor [env.monitor] Getting Request
# ** MESSAGE: ../tb/sv/fpu_monitor.sv{87) @ 5400: env.monitor [monitor] request: FPU Request: a=2.178510e+027, b=-1.#QNAN0e+000, op=OP_SQR, round = ROUND_EVEN
# ** MESSAGE: ../tb/sv/fpu_tlm_adapter.sv{51) @ 5400: env.adapter [Adapter] master --> request: FPU Request: a=2.178510e+027, b=-1.#QNAN0e+000, op=OP_SQR, round = ROUND_EVEN
# ** MESSAGE: ../tb/sv/fpu_tlm_dpi_c.sv{47) @ 5400: env.TLM [tlm] TLM request: FPU Request: a=2.178510e+027, b=-1.#QNAN0e+000, op=OP_SQR, round = ROUND_EVEN
# ** MESSAGE: ../tb/sv/fpu_tlm_dpi_c.sv{53) @ 5400: env.TLM [tlm] TLM response: FPU Response: a=2.178510e+027, b=-1.#QNAN0e+000, op=OP_SQR, round = ROUND_EVEN, result = 4.667451e+013 with status =00000000
# ** MESSAGE: ../tb/sv/fpu_tlm_adapter.sv{59) @ 5400: env.adapter [Master] master <-- response: FPU Response: a=2.178510e+027, b=-1.#QNAN0e+000, op=OP_SQR, round = ROUND_EVEN, result = 4.667451e+013 with status =00000000
# ** MESSAGE: ../tb/sv/fpu_driver.sv{74) @ 5405: env.driver [driver] Waiting for Response
# ** MESSAGE: ../tb/sv/fpu_driver.sv{79) @ 5750: env.driver [driver] Putting Response
# ** MESSAGE: ../tb/sv/fpu_master.sv{147) @ 5750: env.master [Master] master response: FPU Response: a=2.178510e+027, b=-1.#QNAN0e+000, op=OP_SQR, round = ROUND_EVEN, result = 4.667451e+013 with status =00000001
# ** MESSAGE: ../tb/sv/fpu_master.sv{140) @ 5750: env.master [Master] master request: FPU Request: a=-1.#QNAN0e+000, b=2.034154e+031, op=OP_SUB, round = ROUND_UP
# ** MESSAGE: ../tb/sv/fpu_driver.sv{66) @ 5760: env.driver [driver] Getting Request
# ** MESSAGE: ../tb/sv/fpu_driver.sv{69) @ 5760: env.driver [driver] Issuing Request
# ** MESSAGE: ../tb/sv/fpu_monitor.sv{57) @ 5760: env.monitor [env.monitor] Getting Response
# ** MESSAGE: ../tb/sv/fpu_monitor.sv{127) @ 5760: env.monitor [env.monitor] response: FPU Response: a=2.178510e+027, b=-1.#QNAN0e+000, op=OP_SQR, round = ROUND_EVEN, result = 4.667451e+013 with status =00000001
# ** MESSAGE: @ 5760: env.comparator [Comparator Match] FPU Response: a=2.178510e+027, b=-1.#QNAN0e+000, op=OP_SQR, round = ROUND_EVEN, result = 4.667451e+013 with status =00000000
# ** MESSAGE: ../tb/sv/fpu_coverage.sv{137) @ 5760: env.coverage [env.coverage] cover respose: FPU Response: a=2.178510e+027, b=-1.#QNAN0e+000, op=OP_SQR, round = ROUND_EVEN, result = 4.667451e+013 with status =00000001
# ** MESSAGE: ../tb/sv/fpu_monitor.sv{51) @ 5820: env.monitor [env.monitor] Getting Request
# ** MESSAGE: ../tb/sv/fpu_monitor.sv{87) @ 5820: env.monitor [monitor] request: FPU Request: a=-1.#QNAN0e+000, b=2.034154e+031, op=OP_SUB, round = ROUND_UP
# ** MESSAGE: ../tb/sv/fpu_tlm_adapter.sv{51) @ 5820: env.adapter [Adapter] master --> request: FPU Request: a=-1.#QNAN0e+000, b=2.034154e+031, op=OP_SUB, round = ROUND_UP
# ** MESSAGE: ../tb/sv/fpu_tlm_dpi_c.sv{47) @ 5820: env.TLM [tlm] TLM request: FPU Request: a=-1.#QNAN0e+000, b=2.034154e+031, op=OP_SUB, round = ROUND_UP
# ** MESSAGE: ../tb/sv/fpu_tlm_dpi_c.sv{53) @ 5820: env.TLM [tlm] TLM response: FPU Response: a=-1.#QNAN0e+000, b=2.034154e+031, op=OP_SUB, round = ROUND_UP, result = -1.#QNAN0e+000 with status =00000000
# ** MESSAGE: ../tb/sv/fpu_tlm_adapter.sv{59) @ 5820: env.adapter [Master] master <-- response: FPU Response: a=-1.#QNAN0e+000, b=2.034154e+031, op=OP_SUB, round = ROUND_UP, result = -1.#QNAN0e+000 with status =00000000
# ** MESSAGE: ../tb/sv/fpu_driver.sv{74) @ 5825: env.driver [driver] Waiting for Response
# ** MESSAGE: ../tb/sv/fpu_driver.sv{79) @ 5900: env.driver [driver] Putting Response
# ** MESSAGE: ../tb/sv/fpu_master.sv{147) @ 5900: env.master [Master] master response: FPU Response: a=-1.#QNAN0e+000, b=2.034154e+031, op=OP_SUB, round = ROUND_UP, result = -1.#IND00e+000 with status =01000000
# ** MESSAGE: ../tb/sv/fpu_coverage.sv{147) @ 5900: env.coverage [coverage report]         87 percent covered
# 
# --- AVM Report Summary ---
# 
# ** Report counts by severity
# MESSAGE  :  317
# WARNING  :    0
# ERROR    :    0
# FATAL    :    0
# ** Report counts by id
# [Adapter             ]    20
# [Comparator Match    ]    19
# [Master              ]    60
# [coverage report     ]     1
# [driver              ]    80
# [env.coverage        ]    19
# [env.monitor         ]    58
# [monitor             ]    20
# [tlm                 ]    40
# ** MESSAGE: ../tb/sv/fpu_rtl_env.sv{124) @ 5900: env [avm_env] Finished Test
# vsim -assertdebug -coverage -displaymsgmode both -sv_seed 5 -sv_lib fpu_tlm_dpi_c optimized 
# Loading sv_std.std
# Loading sv_std.mti_fli
# Loading mtiAvm.avm_pkg(fast)
# Loading work.fpu_sv_pkg(fast)
# Loading work.fpu_tr_pkg(fast)
# Loading work.fpu_tlm_pkg(fast)
# Loading work.fpu_env_pkg(fast)
# Loading work.top(fast)
# Loading work.fpu_pin_if(fast)
# Loading std.standard
# Loading ieee.std_logic_1164(body)
# Loading ieee.numeric_std(body)
# Loading synopsys.attributes
# Loading ieee.std_logic_misc(body)
# Loading ieee.std_logic_arith(body)
# Loading ieee.std_logic_unsigned(body)
# Loading work.fpupack(body)
# Loading work.comppack
# Loading work.fpu(rtl)#1
# Loading work.pre_norm_addsub(rtl)
# Loading work.addsub_28(rtl)
# Loading work.post_norm_addsub(rtl)
# Loading work.pre_norm_mul(rtl)
# Loading work.mul_24(rtl)
# Loading work.serial_mul(rtl)
# Loading work.post_norm_mul(rtl)
# Loading work.pre_norm_div(rtl)
# Loading work.serial_div(rtl)
# Loading work.post_norm_div(rtl)
# Loading work.pre_norm_sqrt(rtl)
# Loading work.sqrt(rtl)#1
# Loading work.post_norm_sqrt(rtl)
# Loading .\fpu_tlm_dpi_c.dll
# Using seed : 5 
