# ----------------------------------------------------------------
# AVM-3.0-update-2-MTI  (C) 2005-2007 Mentor Graphics Corporation
# ----------------------------------------------------------------
# ** MESSAGE: ../tb/sv/fpu_master.sv{140) @ 0: env.master [Master] master request: FPU Request: a=-2.403895e+001, b=0.000000e+000, op=OP_MUL, round = ROUND_EVEN
# ** MESSAGE: ../tb/sv/fpu_driver.sv{66) @ 15: env.driver [driver] Getting Request
# ** MESSAGE: ../tb/sv/fpu_driver.sv{69) @ 15: env.driver [driver] Issuing Request
# ** MESSAGE: ../tb/sv/fpu_monitor.sv{51) @ 70: env.monitor [env.monitor] Getting Request
# ** MESSAGE: ../tb/sv/fpu_monitor.sv{87) @ 70: env.monitor [monitor] request: FPU Request: a=-2.403895e+001, b=0.000000e+000, op=OP_MUL, round = ROUND_EVEN
# ** MESSAGE: ../tb/sv/fpu_tlm_adapter.sv{51) @ 70: env.adapter [Adapter] master --> request: FPU Request: a=-2.403895e+001, b=0.000000e+000, op=OP_MUL, round = ROUND_EVEN
# ** MESSAGE: ../tb/sv/fpu_tlm_dpi_c.sv{47) @ 70: env.TLM [tlm] TLM request: FPU Request: a=-2.403895e+001, b=0.000000e+000, op=OP_MUL, round = ROUND_EVEN
# ** MESSAGE: ../tb/sv/fpu_tlm_dpi_c.sv{53) @ 70: env.TLM [tlm] TLM response: FPU Response: a=-2.403895e+001, b=0.000000e+000, op=OP_MUL, round = ROUND_EVEN, result = 0.000000e+000 with status =00000000
# ** MESSAGE: ../tb/sv/fpu_tlm_adapter.sv{59) @ 70: env.adapter [Master] master <-- response: FPU Response: a=-2.403895e+001, b=0.000000e+000, op=OP_MUL, round = ROUND_EVEN, result = 0.000000e+000 with status =00000000
# ** MESSAGE: ../tb/sv/fpu_driver.sv{74) @ 75: env.driver [driver] Waiting for Response
# ** MESSAGE: ../tb/sv/fpu_driver.sv{79) @ 200: env.driver [driver] Putting Response
# ** MESSAGE: ../tb/sv/fpu_master.sv{147) @ 200: env.master [Master] master response: FPU Response: a=-2.403895e+001, b=0.000000e+000, op=OP_MUL, round = ROUND_EVEN, result = 0.000000e+000 with status =00100000
# ** MESSAGE: ../tb/sv/fpu_master.sv{140) @ 200: env.master [Master] master request: FPU Request: a=6.236013e-030, b=-1.#QNAN0e+000, op=OP_ADD, round = ROUND_EVEN
# ** MESSAGE: ../tb/sv/fpu_driver.sv{66) @ 210: env.driver [driver] Getting Request
# ** MESSAGE: ../tb/sv/fpu_driver.sv{69) @ 210: env.driver [driver] Issuing Request
# ** MESSAGE: ../tb/sv/fpu_monitor.sv{57) @ 210: env.monitor [env.monitor] Getting Response
# ** MESSAGE: ../tb/sv/fpu_monitor.sv{127) @ 210: env.monitor [env.monitor] response: FPU Response: a=-2.403895e+001, b=0.000000e+000, op=OP_MUL, round = ROUND_EVEN, result = 0.000000e+000 with status =00100000
# ** MESSAGE: @ 210: env.comparator [Comparator Match] FPU Response: a=-2.403895e+001, b=0.000000e+000, op=OP_MUL, round = ROUND_EVEN, result = 0.000000e+000 with status =00000000
# ** MESSAGE: ../tb/sv/fpu_coverage.sv{137) @ 210: env.coverage [env.coverage] cover respose: FPU Response: a=-2.403895e+001, b=0.000000e+000, op=OP_MUL, round = ROUND_EVEN, result = 0.000000e+000 with status =00100000
# ** MESSAGE: ../tb/sv/fpu_monitor.sv{51) @ 370: env.monitor [env.monitor] Getting Request
# ** MESSAGE: ../tb/sv/fpu_monitor.sv{87) @ 370: env.monitor [monitor] request: FPU Request: a=6.236013e-030, b=-1.#QNAN0e+000, op=OP_ADD, round = ROUND_EVEN
# ** MESSAGE: ../tb/sv/fpu_tlm_adapter.sv{51) @ 370: env.adapter [Adapter] master --> request: FPU Request: a=6.236013e-030, b=-1.#QNAN0e+000, op=OP_ADD, round = ROUND_EVEN
# ** MESSAGE: ../tb/sv/fpu_tlm_dpi_c.sv{47) @ 370: env.TLM [tlm] TLM request: FPU Request: a=6.236013e-030, b=-1.#QNAN0e+000, op=OP_ADD, round = ROUND_EVEN
# ** MESSAGE: ../tb/sv/fpu_tlm_dpi_c.sv{53) @ 370: env.TLM [tlm] TLM response: FPU Response: a=6.236013e-030, b=-1.#QNAN0e+000, op=OP_ADD, round = ROUND_EVEN, result = -1.#QNAN0e+000 with status =00000000
# ** MESSAGE: ../tb/sv/fpu_tlm_adapter.sv{59) @ 370: env.adapter [Master] master <-- response: FPU Response: a=6.236013e-030, b=-1.#QNAN0e+000, op=OP_ADD, round = ROUND_EVEN, result = -1.#QNAN0e+000 with status =00000000
# ** MESSAGE: ../tb/sv/fpu_driver.sv{74) @ 375: env.driver [driver] Waiting for Response
# ** MESSAGE: ../tb/sv/fpu_driver.sv{79) @ 450: env.driver [driver] Putting Response
# ** MESSAGE: ../tb/sv/fpu_master.sv{147) @ 450: env.master [Master] master response: FPU Response: a=6.236013e-030, b=-1.#QNAN0e+000, op=OP_ADD, round = ROUND_EVEN, result = -1.#IND00e+000 with status =01000000
# ** MESSAGE: ../tb/sv/fpu_master.sv{140) @ 450: env.master [Master] master request: FPU Request: a=-8.440668e-005, b=-1.#QNAN0e+000, op=OP_SQR, round = ROUND_UP
# ** MESSAGE: ../tb/sv/fpu_driver.sv{66) @ 460: env.driver [driver] Getting Request
# ** MESSAGE: ../tb/sv/fpu_driver.sv{69) @ 460: env.driver [driver] Issuing Request
# ** MESSAGE: ../tb/sv/fpu_monitor.sv{57) @ 460: env.monitor [env.monitor] Getting Response
# ** MESSAGE: ../tb/sv/fpu_monitor.sv{127) @ 460: env.monitor [env.monitor] response: FPU Response: a=6.236013e-030, b=-1.#QNAN0e+000, op=OP_ADD, round = ROUND_EVEN, result = -1.#IND00e+000 with status =01000000
# ** MESSAGE: @ 460: env.comparator [Comparator Match] FPU Response: a=6.236013e-030, b=-1.#QNAN0e+000, op=OP_ADD, round = ROUND_EVEN, result = -1.#QNAN0e+000 with status =00000000
# ** MESSAGE: ../tb/sv/fpu_coverage.sv{137) @ 460: env.coverage [env.coverage] cover respose: FPU Response: a=6.236013e-030, b=-1.#QNAN0e+000, op=OP_ADD, round = ROUND_EVEN, result = -1.#IND00e+000 with status =01000000
# ** MESSAGE: ../tb/sv/fpu_monitor.sv{51) @ 520: env.monitor [env.monitor] Getting Request
# ** MESSAGE: ../tb/sv/fpu_monitor.sv{87) @ 520: env.monitor [monitor] request: FPU Request: a=-8.440668e-005, b=-1.#QNAN0e+000, op=OP_SQR, round = ROUND_UP
# ** MESSAGE: ../tb/sv/fpu_tlm_adapter.sv{51) @ 520: env.adapter [Adapter] master --> request: FPU Request: a=-8.440668e-005, b=-1.#QNAN0e+000, op=OP_SQR, round = ROUND_UP
# ** MESSAGE: ../tb/sv/fpu_tlm_dpi_c.sv{47) @ 520: env.TLM [tlm] TLM request: FPU Request: a=-8.440668e-005, b=-1.#QNAN0e+000, op=OP_SQR, round = ROUND_UP
# ** MESSAGE: ../tb/sv/fpu_tlm_dpi_c.sv{53) @ 520: env.TLM [tlm] TLM response: FPU Response: a=-8.440668e-005, b=-1.#QNAN0e+000, op=OP_SQR, round = ROUND_UP, result = 1.#QNAN0e+000 with status =00000000
# ** MESSAGE: ../tb/sv/fpu_tlm_adapter.sv{59) @ 520: env.adapter [Master] master <-- response: FPU Response: a=-8.440668e-005, b=-1.#QNAN0e+000, op=OP_SQR, round = ROUND_UP, result = 1.#QNAN0e+000 with status =00000000
# ** MESSAGE: ../tb/sv/fpu_driver.sv{74) @ 525: env.driver [driver] Waiting for Response
# ** MESSAGE: ../tb/sv/fpu_driver.sv{79) @ 870: env.driver [driver] Putting Response
# ** MESSAGE: ../tb/sv/fpu_master.sv{147) @ 870: env.master [Master] master response: FPU Response: a=-8.440668e-005, b=-1.#QNAN0e+000, op=OP_SQR, round = ROUND_UP, result = -1.#IND00e+000 with status =01000000
# ** MESSAGE: ../tb/sv/fpu_master.sv{140) @ 870: env.master [Master] master request: FPU Request: a=3.829923e-029, b=1.#QNAN0e+000, op=OP_SUB, round = ROUND_DOWN
# ** MESSAGE: ../tb/sv/fpu_driver.sv{66) @ 880: env.driver [driver] Getting Request
# ** MESSAGE: ../tb/sv/fpu_driver.sv{69) @ 880: env.driver [driver] Issuing Request
# ** MESSAGE: ../tb/sv/fpu_monitor.sv{57) @ 880: env.monitor [env.monitor] Getting Response
# ** MESSAGE: ../tb/sv/fpu_monitor.sv{127) @ 880: env.monitor [env.monitor] response: FPU Response: a=-8.440668e-005, b=-1.#QNAN0e+000, op=OP_SQR, round = ROUND_UP, result = -1.#IND00e+000 with status =01000000
# ** MESSAGE: @ 880: env.comparator [Comparator Match] FPU Response: a=-8.440668e-005, b=-1.#QNAN0e+000, op=OP_SQR, round = ROUND_UP, result = 1.#QNAN0e+000 with status =00000000
# ** MESSAGE: ../tb/sv/fpu_coverage.sv{137) @ 880: env.coverage [env.coverage] cover respose: FPU Response: a=-8.440668e-005, b=-1.#QNAN0e+000, op=OP_SQR, round = ROUND_UP, result = -1.#IND00e+000 with status =01000000
# ** MESSAGE: ../tb/sv/fpu_monitor.sv{51) @ 1010: env.monitor [env.monitor] Getting Request
# ** MESSAGE: ../tb/sv/fpu_monitor.sv{87) @ 1010: env.monitor [monitor] request: FPU Request: a=3.829923e-029, b=1.#QNAN0e+000, op=OP_SUB, round = ROUND_DOWN
# ** MESSAGE: ../tb/sv/fpu_tlm_adapter.sv{51) @ 1010: env.adapter [Adapter] master --> request: FPU Request: a=3.829923e-029, b=1.#QNAN0e+000, op=OP_SUB, round = ROUND_DOWN
# ** MESSAGE: ../tb/sv/fpu_tlm_dpi_c.sv{47) @ 1010: env.TLM [tlm] TLM request: FPU Request: a=3.829923e-029, b=1.#QNAN0e+000, op=OP_SUB, round = ROUND_DOWN
# ** MESSAGE: ../tb/sv/fpu_tlm_dpi_c.sv{53) @ 1010: env.TLM [tlm] TLM response: FPU Response: a=3.829923e-029, b=1.#QNAN0e+000, op=OP_SUB, round = ROUND_DOWN, result = 1.#QNAN0e+000 with status =00000000
# ** MESSAGE: ../tb/sv/fpu_tlm_adapter.sv{59) @ 1010: env.adapter [Master] master <-- response: FPU Response: a=3.829923e-029, b=1.#QNAN0e+000, op=OP_SUB, round = ROUND_DOWN, result = 1.#QNAN0e+000 with status =00000000
# ** MESSAGE: ../tb/sv/fpu_driver.sv{74) @ 1015: env.driver [driver] Waiting for Response
# ** MESSAGE: ../tb/sv/fpu_driver.sv{79) @ 1090: env.driver [driver] Putting Response
# ** MESSAGE: ../tb/sv/fpu_master.sv{147) @ 1090: env.master [Master] master response: FPU Response: a=3.829923e-029, b=1.#QNAN0e+000, op=OP_SUB, round = ROUND_DOWN, result = 1.#QNAN0e+000 with status =01000000
# ** MESSAGE: ../tb/sv/fpu_coverage.sv{147) @ 1090: env.coverage [coverage report]         32 percent covered
# 
# --- AVM Report Summary ---
# 
# ** Report counts by severity
# MESSAGE  :   61
# WARNING  :    0
# ERROR    :    0
# FATAL    :    0
# ** Report counts by id
# [Adapter             ]     4
# [Comparator Match    ]     3
# [Master              ]    12
# [coverage report     ]     1
# [driver              ]    16
# [env.coverage        ]     3
# [env.monitor         ]    10
# [monitor             ]     4
# [tlm                 ]     8
# ** MESSAGE: ../tb/sv/fpu_rtl_env.sv{124) @ 1090: env [avm_env] Finished Test
# vsim -assertdebug -coverage -displaymsgmode both -sv_seed 6 -sv_lib fpu_tlm_dpi_c optimized 
# Loading sv_std.std
# Loading sv_std.mti_fli
# Loading mtiAvm.avm_pkg(fast)
# Loading work.fpu_sv_pkg(fast)
# Loading work.fpu_tr_pkg(fast)
# Loading work.fpu_tlm_pkg(fast)
# Loading work.fpu_env_pkg(fast)
# Loading work.top(fast)
# Loading work.fpu_pin_if(fast)
# Loading std.standard
# Loading ieee.std_logic_1164(body)
# Loading ieee.numeric_std(body)
# Loading synopsys.attributes
# Loading ieee.std_logic_misc(body)
# Loading ieee.std_logic_arith(body)
# Loading ieee.std_logic_unsigned(body)
# Loading work.fpupack(body)
# Loading work.comppack
# Loading work.fpu(rtl)#1
# Loading work.pre_norm_addsub(rtl)
# Loading work.addsub_28(rtl)
# Loading work.post_norm_addsub(rtl)
# Loading work.pre_norm_mul(rtl)
# Loading work.mul_24(rtl)
# Loading work.serial_mul(rtl)
# Loading work.post_norm_mul(rtl)
# Loading work.pre_norm_div(rtl)
# Loading work.serial_div(rtl)
# Loading work.post_norm_div(rtl)
# Loading work.pre_norm_sqrt(rtl)
# Loading work.sqrt(rtl)#1
# Loading work.post_norm_sqrt(rtl)
# Loading .\fpu_tlm_dpi_c.dll
# Using seed : 6 
