# ----------------------------------------------------------------
# AVM-3.0-update-2-MTI  (C) 2005-2007 Mentor Graphics Corporation
# ----------------------------------------------------------------
# ** MESSAGE: ../tb/sv/fpu_master.sv{140) @ 0: env.master [Master] master request: FPU Request: a=1.#QNAN0e+000, b=1.#QNAN0e+000, op=OP_SUB, round = ROUND_UP
# ** MESSAGE: ../tb/sv/fpu_driver.sv{66) @ 15: env.driver [driver] Getting Request
# ** MESSAGE: ../tb/sv/fpu_driver.sv{69) @ 15: env.driver [driver] Issuing Request
# ** MESSAGE: ../tb/sv/fpu_monitor.sv{51) @ 100: env.monitor [env.monitor] Getting Request
# ** MESSAGE: ../tb/sv/fpu_monitor.sv{87) @ 100: env.monitor [monitor] request: FPU Request: a=1.#QNAN0e+000, b=1.#QNAN0e+000, op=OP_SUB, round = ROUND_UP
# ** MESSAGE: ../tb/sv/fpu_tlm_adapter.sv{51) @ 100: env.adapter [Adapter] master --> request: FPU Request: a=1.#QNAN0e+000, b=1.#QNAN0e+000, op=OP_SUB, round = ROUND_UP
# ** MESSAGE: ../tb/sv/fpu_tlm_dpi_c.sv{47) @ 100: env.TLM [tlm] TLM request: FPU Request: a=1.#QNAN0e+000, b=1.#QNAN0e+000, op=OP_SUB, round = ROUND_UP
# ** MESSAGE: ../tb/sv/fpu_tlm_dpi_c.sv{53) @ 100: env.TLM [tlm] TLM response: FPU Response: a=1.#QNAN0e+000, b=1.#QNAN0e+000, op=OP_SUB, round = ROUND_UP, result = 1.#QNAN0e+000 with status =00000000
# ** MESSAGE: ../tb/sv/fpu_tlm_adapter.sv{59) @ 100: env.adapter [Master] master <-- response: FPU Response: a=1.#QNAN0e+000, b=1.#QNAN0e+000, op=OP_SUB, round = ROUND_UP, result = 1.#QNAN0e+000 with status =00000000
# ** MESSAGE: ../tb/sv/fpu_driver.sv{74) @ 105: env.driver [driver] Waiting for Response
# ** MESSAGE: ../tb/sv/fpu_driver.sv{79) @ 180: env.driver [driver] Putting Response
# ** MESSAGE: ../tb/sv/fpu_master.sv{147) @ 180: env.master [Master] master response: FPU Response: a=1.#QNAN0e+000, b=1.#QNAN0e+000, op=OP_SUB, round = ROUND_UP, result = -1.#IND00e+000 with status =01000000
# ** MESSAGE: ../tb/sv/fpu_master.sv{140) @ 180: env.master [Master] master request: FPU Request: a=-1.259889e-013, b=1.#QNAN0e+000, op=OP_MUL, round = ROUND_DOWN
# ** MESSAGE: ../tb/sv/fpu_driver.sv{66) @ 190: env.driver [driver] Getting Request
# ** MESSAGE: ../tb/sv/fpu_driver.sv{69) @ 190: env.driver [driver] Issuing Request
# ** MESSAGE: ../tb/sv/fpu_monitor.sv{57) @ 190: env.monitor [env.monitor] Getting Response
# ** MESSAGE: ../tb/sv/fpu_monitor.sv{127) @ 190: env.monitor [env.monitor] response: FPU Response: a=1.#QNAN0e+000, b=1.#QNAN0e+000, op=OP_SUB, round = ROUND_UP, result = -1.#IND00e+000 with status =01000000
# ** MESSAGE: @ 190: env.comparator [Comparator Match] FPU Response: a=1.#QNAN0e+000, b=1.#QNAN0e+000, op=OP_SUB, round = ROUND_UP, result = 1.#QNAN0e+000 with status =00000000
# ** MESSAGE: ../tb/sv/fpu_coverage.sv{137) @ 190: env.coverage [env.coverage] cover respose: FPU Response: a=1.#QNAN0e+000, b=1.#QNAN0e+000, op=OP_SUB, round = ROUND_UP, result = -1.#IND00e+000 with status =01000000
# ** MESSAGE: ../tb/sv/fpu_monitor.sv{51) @ 220: env.monitor [env.monitor] Getting Request
# ** MESSAGE: ../tb/sv/fpu_monitor.sv{87) @ 220: env.monitor [monitor] request: FPU Request: a=-1.259889e-013, b=1.#QNAN0e+000, op=OP_MUL, round = ROUND_DOWN
# ** MESSAGE: ../tb/sv/fpu_tlm_adapter.sv{51) @ 220: env.adapter [Adapter] master --> request: FPU Request: a=-1.259889e-013, b=1.#QNAN0e+000, op=OP_MUL, round = ROUND_DOWN
# ** MESSAGE: ../tb/sv/fpu_tlm_dpi_c.sv{47) @ 220: env.TLM [tlm] TLM request: FPU Request: a=-1.259889e-013, b=1.#QNAN0e+000, op=OP_MUL, round = ROUND_DOWN
# ** MESSAGE: ../tb/sv/fpu_tlm_dpi_c.sv{53) @ 220: env.TLM [tlm] TLM response: FPU Response: a=-1.259889e-013, b=1.#QNAN0e+000, op=OP_MUL, round = ROUND_DOWN, result = 1.#QNAN0e+000 with status =00000000
# ** MESSAGE: ../tb/sv/fpu_tlm_adapter.sv{59) @ 220: env.adapter [Master] master <-- response: FPU Response: a=-1.259889e-013, b=1.#QNAN0e+000, op=OP_MUL, round = ROUND_DOWN, result = 1.#QNAN0e+000 with status =00000000
# ** MESSAGE: ../tb/sv/fpu_driver.sv{74) @ 225: env.driver [driver] Waiting for Response
# ** MESSAGE: ../tb/sv/fpu_driver.sv{79) @ 350: env.driver [driver] Putting Response
# ** MESSAGE: ../tb/sv/fpu_master.sv{147) @ 350: env.master [Master] master response: FPU Response: a=-1.259889e-013, b=1.#QNAN0e+000, op=OP_MUL, round = ROUND_DOWN, result = -1.#IND00e+000 with status =01000011
# ** MESSAGE: ../tb/sv/fpu_coverage.sv{147) @ 350: env.coverage [coverage report]         38 percent covered
# 
# --- AVM Report Summary ---
# 
# ** Report counts by severity
# MESSAGE  :   29
# WARNING  :    0
# ERROR    :    0
# FATAL    :    0
# ** Report counts by id
# [Adapter             ]     2
# [Comparator Match    ]     1
# [Master              ]     6
# [coverage report     ]     1
# [driver              ]     8
# [env.coverage        ]     1
# [env.monitor         ]     4
# [monitor             ]     2
# [tlm                 ]     4
# ** MESSAGE: ../tb/sv/fpu_rtl_env.sv{124) @ 350: env [avm_env] Finished Test
